<?xml version="1.0" encoding="utf-8"?><testsuites name="pytest tests"><testsuite name="pytest" errors="0" failures="0" skipped="0" tests="20" time="2.660" timestamp="2026-03-14T14:53:14.599056+00:00" hostname="agent-env-d74a3244-258c-4c50-ac2f-595b64b8ad0c"><testcase classname="backend.tests.test_action_center.TestActionCenterEndpoint" name="test_action_center_returns_total_summary_and_actions" time="0.195" /><testcase classname="backend.tests.test_action_center.TestActionCenterEndpoint" name="test_action_summary_structure" time="0.112" /><testcase classname="backend.tests.test_action_center.TestActionCenterEndpoint" name="test_shortage_action_type_present_for_short_items" time="0.119" /><testcase classname="backend.tests.test_action_center.TestActionCenterEndpoint" name="test_coverage_risk_action_type_present_for_at_risk_items" time="0.111" /><testcase classname="backend.tests.test_action_center.TestActionCenterEndpoint" name="test_demand_gap_action_type_present_for_demand_gap_items" time="0.141" /><testcase classname="backend.tests.test_action_center.TestActionCenterEndpoint" name="test_reorder_action_type_with_recommended_qty" time="0.107" /><testcase classname="backend.tests.test_action_center.TestActionCenterEndpoint" name="test_no_incoming_action_type_for_items_without_incoming" time="0.121" /><testcase classname="backend.tests.test_action_center.TestActionCenterEndpoint" name="test_merged_rows_have_multiple_action_types" time="0.124" /><testcase classname="backend.tests.test_action_center.TestActionCenterEndpoint" name="test_priority_score_calculation" time="0.124" /><testcase classname="backend.tests.test_action_center.TestActionCenterEndpoint" name="test_sorting_by_priority_score_desc_then_available_asc" time="0.120" /><testcase classname="backend.tests.test_action_center.TestActionCenterEndpoint" name="test_action_summary_counts_match_returned_rows" time="0.152" /><testcase classname="backend.tests.test_action_center.TestActionCenterEndpoint" name="test_filter_by_action_type_shortage" time="0.108" /><testcase classname="backend.tests.test_action_center.TestActionCenterEndpoint" name="test_empty_customer_returns_zeros" time="0.119" /><testcase classname="backend.tests.test_action_center.TestActionCenterEndpoint" name="test_missing_customer_id_returns_422" time="0.110" /><testcase classname="backend.tests.test_action_center.TestItemDetailActionSummary" name="test_item_detail_action_summary_present_for_items_with_actions" time="0.122" /><testcase classname="backend.tests.test_action_center.TestItemDetailActionSummary" name="test_item_detail_action_summary_null_for_ok_items" time="0.121" /><testcase classname="backend.tests.test_action_center.TestRegressionOtherTabs" name="test_dashboard_summary_still_works" time="0.116" /><testcase classname="backend.tests.test_action_center.TestRegressionOtherTabs" name="test_supply_coverage_still_works" time="0.147" /><testcase classname="backend.tests.test_action_center.TestRegressionOtherTabs" name="test_demand_signals_still_works" time="0.117" /><testcase classname="backend.tests.test_action_center.TestRegressionOtherTabs" name="test_exceptions_still_works" time="0.117" /></testsuite></testsuites>