<?xml version="1.0" encoding="utf-8"?><testsuites name="pytest tests"><testsuite name="pytest" errors="0" failures="0" skipped="0" tests="29" time="3.588" timestamp="2026-04-04T19:28:41.106535+00:00" hostname="agent-env-26b67442-492f-4a0f-ac2e-c5b661ca46d2"><testcase classname="backend.tests.test_advanced_learning_engines.TestAdvancedLearningEngines" name="test_health_check" time="0.200" /><testcase classname="backend.tests.test_advanced_learning_engines.TestAdvancedLearningEngines" name="test_advanced_learning_summary_returns_200" time="0.155" /><testcase classname="backend.tests.test_advanced_learning_engines.TestAdvancedLearningEngines" name="test_advanced_learning_summary_has_all_7_engines" time="0.161" /><testcase classname="backend.tests.test_advanced_learning_engines.TestAdvancedLearningEngines" name="test_advanced_learning_summary_line_item_intelligence_structure" time="0.111" /><testcase classname="backend.tests.test_advanced_learning_engines.TestAdvancedLearningEngines" name="test_advanced_learning_summary_document_flow_structure" time="0.115" /><testcase classname="backend.tests.test_advanced_learning_engines.TestAdvancedLearningEngines" name="test_advanced_learning_summary_amount_patterns_structure" time="0.150" /><testcase classname="backend.tests.test_advanced_learning_engines.TestAdvancedLearningEngines" name="test_advanced_learning_summary_correction_replay_structure" time="0.109" /><testcase classname="backend.tests.test_advanced_learning_engines.TestAdvancedLearningEngines" name="test_advanced_learning_summary_field_correlations_structure" time="0.154" /><testcase classname="backend.tests.test_advanced_learning_engines.TestAdvancedLearningEngines" name="test_advanced_learning_summary_temporal_intelligence_structure" time="0.122" /><testcase classname="backend.tests.test_advanced_learning_engines.TestAdvancedLearningEngines" name="test_advanced_learning_summary_error_patterns_structure" time="0.108" /><testcase classname="backend.tests.test_advanced_learning_engines.TestAdvancedLearningEngines" name="test_line_items_anch_returns_200" time="0.107" /><testcase classname="backend.tests.test_advanced_learning_engines.TestAdvancedLearningEngines" name="test_line_items_anch_has_suggestions" time="0.106" /><testcase classname="backend.tests.test_advanced_learning_engines.TestAdvancedLearningEngines" name="test_line_items_unknown_vendor_returns_empty" time="0.130" /><testcase classname="backend.tests.test_advanced_learning_engines.TestAdvancedLearningEngines" name="test_predict_next_anch_returns_200" time="0.104" /><testcase classname="backend.tests.test_advanced_learning_engines.TestAdvancedLearningEngines" name="test_predict_next_anch_has_prediction" time="0.100" /><testcase classname="backend.tests.test_advanced_learning_engines.TestAdvancedLearningEngines" name="test_amount_check_normal_returns_200" time="0.103" /><testcase classname="backend.tests.test_advanced_learning_engines.TestAdvancedLearningEngines" name="test_amount_check_normal_not_anomaly" time="0.160" /><testcase classname="backend.tests.test_advanced_learning_engines.TestAdvancedLearningEngines" name="test_amount_check_extreme_returns_200" time="0.123" /><testcase classname="backend.tests.test_advanced_learning_engines.TestAdvancedLearningEngines" name="test_amount_check_extreme_may_be_anomaly" time="0.106" /><testcase classname="backend.tests.test_advanced_learning_engines.TestAdvancedLearningEngines" name="test_correction_replays_returns_200" time="0.106" /><testcase classname="backend.tests.test_advanced_learning_engines.TestAdvancedLearningEngines" name="test_correction_replays_is_list" time="0.108" /><testcase classname="backend.tests.test_advanced_learning_engines.TestAdvancedLearningEngines" name="test_volume_prediction_returns_200" time="0.111" /><testcase classname="backend.tests.test_advanced_learning_engines.TestAdvancedLearningEngines" name="test_volume_prediction_has_structure" time="0.105" /><testcase classname="backend.tests.test_advanced_learning_engines.TestAdvancedLearningEngines" name="test_backfill_returns_200" time="0.108" /><testcase classname="backend.tests.test_advanced_learning_engines.TestAdvancedLearningEngines" name="test_backfill_returns_result" time="0.110" /><testcase classname="backend.tests.test_advanced_learning_engines.TestAdvancedLearningDataVerification" name="test_summary_has_data" time="0.101" /><testcase classname="backend.tests.test_advanced_learning_engines.TestAdvancedLearningDataVerification" name="test_anch_vendor_has_amount_data" time="0.114" /><testcase classname="backend.tests.test_advanced_learning_engines.TestAdvancedLearningIntegration" name="test_learning_dashboard_includes_advanced" time="0.112" /><testcase classname="backend.tests.test_advanced_learning_engines.TestAdvancedLearningIntegration" name="test_learning_pulse_works" time="0.097" /></testsuite></testsuites>