<?xml version="1.0" encoding="utf-8"?><testsuites name="pytest tests"><testsuite name="pytest" errors="0" failures="0" skipped="0" tests="21" time="3.610" timestamp="2026-03-11T02:32:37.468344+00:00" hostname="agent-env-e4405076-6502-4bc3-9a4f-5b0e58666cb8"><testcase classname="backend.tests.test_alert_pattern_service.TestAlertPatternServiceEndpoints" name="test_alerts_summary_endpoint_returns_200" time="0.203" /><testcase classname="backend.tests.test_alert_pattern_service.TestAlertPatternServiceEndpoints" name="test_alerts_summary_response_structure" time="0.120" /><testcase classname="backend.tests.test_alert_pattern_service.TestAlertPatternServiceEndpoints" name="test_alerts_active_endpoint_returns_200" time="0.144" /><testcase classname="backend.tests.test_alert_pattern_service.TestAlertPatternServiceEndpoints" name="test_alerts_active_returns_array" time="0.155" /><testcase classname="backend.tests.test_alert_pattern_service.TestAlertPatternServiceEndpoints" name="test_alerts_active_alert_structure" time="0.113" /><testcase classname="backend.tests.test_alert_pattern_service.TestAlertPatternServiceEndpoints" name="test_alerts_all_endpoint_returns_200" time="0.180" /><testcase classname="backend.tests.test_alert_pattern_service.TestAlertPatternServiceEndpoints" name="test_alerts_all_returns_array" time="0.171" /><testcase classname="backend.tests.test_alert_pattern_service.TestAlertPatternServiceEndpoints" name="test_alerts_all_with_include_resolved" time="0.102" /><testcase classname="backend.tests.test_alert_pattern_service.TestAlertPatternServiceEndpoints" name="test_alerts_filter_by_severity_info" time="0.130" /><testcase classname="backend.tests.test_alert_pattern_service.TestAlertPatternServiceEndpoints" name="test_alerts_filter_by_severity_warning" time="0.129" /><testcase classname="backend.tests.test_alert_pattern_service.TestAlertPatternServiceEndpoints" name="test_alerts_filter_by_severity_critical" time="0.163" /><testcase classname="backend.tests.test_alert_pattern_service.TestAlertPatternServiceEndpoints" name="test_alerts_filter_by_vendor" time="0.225" /><testcase classname="backend.tests.test_alert_pattern_service.TestAlertPatternServiceEndpoints" name="test_alerts_evaluate_endpoint_returns_200" time="0.115" /><testcase classname="backend.tests.test_alert_pattern_service.TestAlertPatternServiceEndpoints" name="test_alerts_evaluate_response_structure" time="0.106" /><testcase classname="backend.tests.test_alert_pattern_service.TestAlertPatternServiceEndpoints" name="test_alerts_dismiss_nonexistent_returns_404" time="0.111" /><testcase classname="backend.tests.test_alert_pattern_service.TestAlertPatternServiceEndpoints" name="test_alerts_resolve_nonexistent_returns_404" time="0.138" /><testcase classname="backend.tests.test_alert_pattern_service.TestAlertDismissResolveFlow" name="test_dismiss_existing_alert_flow" time="0.652" /><testcase classname="backend.tests.test_alert_pattern_service.TestAlertTrendAndSeverity" name="test_alert_trend_pct_field" time="0.123" /><testcase classname="backend.tests.test_alert_pattern_service.TestAlertTrendAndSeverity" name="test_alert_occurrence_counts" time="0.104" /><testcase classname="backend.tests.test_alert_pattern_service.TestAlertTrendAndSeverity" name="test_alert_suggested_action" time="0.111" /><testcase classname="backend.tests.test_alert_pattern_service.TestAlertsSummaryCounts" name="test_summary_counts_match_active_alerts" time="0.220" /></testsuite></testsuites>