<?xml version="1.0" encoding="utf-8"?><testsuites name="pytest tests"><testsuite name="pytest" errors="0" failures="0" skipped="0" tests="19" time="0.960" timestamp="2026-03-26T21:14:08.874413+00:00" hostname="agent-env-17fcf504-bad4-4dfa-bc51-125b05df2797"><testcase classname="tests.test_ap_auto_post_service.TestHealthEndpoint" name="test_health_returns_200" time="0.315" /><testcase classname="tests.test_ap_auto_post_service.TestCheckApReadyToPost" name="test_all_conditions_met_returns_ready_true" time="0.010" /><testcase classname="tests.test_ap_auto_post_service.TestCheckApReadyToPost" name="test_missing_invoice_number_returns_ready_false" time="0.000" /><testcase classname="tests.test_ap_auto_post_service.TestCheckApReadyToPost" name="test_missing_amount_returns_ready_false" time="0.000" /><testcase classname="tests.test_ap_auto_post_service.TestCheckApReadyToPost" name="test_missing_invoice_date_returns_ready_false" time="0.000" /><testcase classname="tests.test_ap_auto_post_service.TestCheckApReadyToPost" name="test_missing_vendor_returns_ready_false" time="0.000" /><testcase classname="tests.test_ap_auto_post_service.TestCheckApReadyToPost" name="test_vendor_not_resolved_returns_ready_false" time="0.000" /><testcase classname="tests.test_ap_auto_post_service.TestCheckApReadyToPost" name="test_po_extracted_but_not_matched_returns_ready_false" time="0.000" /><testcase classname="tests.test_ap_auto_post_service.TestCheckApReadyToPost" name="test_no_po_extracted_is_acceptable" time="0.000" /><testcase classname="tests.test_ap_auto_post_service.TestCheckApReadyToPost" name="test_wrong_doc_type_returns_ready_false" time="0.000" /><testcase classname="tests.test_ap_auto_post_service.TestCheckApReadyToPost" name="test_multiple_failures_all_reported" time="0.000" /><testcase classname="tests.test_ap_auto_post_service.TestMarkReadyEndpoint" name="test_mark_ready_returns_404_for_missing_doc" time="0.119" /><testcase classname="tests.test_ap_auto_post_service.TestMarkReadyEndpoint" name="test_mark_ready_returns_404_for_uuid_format" time="0.137" /><testcase classname="tests.test_ap_auto_post_service.TestPostToBCEndpoint" name="test_post_to_bc_returns_404_for_missing_doc" time="0.113" /><testcase classname="tests.test_ap_auto_post_service.TestCodePathVerification" name="test_server_imports_ap_auto_post_service" time="0.001" /><testcase classname="tests.test_ap_auto_post_service.TestCodePathVerification" name="test_server_skips_auto_clear_for_ap_invoice" time="0.001" /><testcase classname="tests.test_ap_auto_post_service.TestCodePathVerification" name="test_ap_review_router_calls_ap_auto_post_service" time="0.000" /><testcase classname="tests.test_ap_auto_post_service.TestCodePathVerification" name="test_document_handlers_routes_ap_through_auto_post" time="0.001" /><testcase classname="tests.test_ap_auto_post_service.TestAPMetricsEndpoint" name="test_ap_metrics_returns_200" time="0.142" /></testsuite></testsuites>