<?xml version="1.0" encoding="utf-8"?><testsuites name="pytest tests"><testsuite name="pytest" errors="0" failures="0" skipped="0" tests="12" time="0.233" timestamp="2026-04-13T23:03:25.679125+00:00" hostname="agent-env-e0977637-f92b-48de-bb10-d4a135fc4b9b"><testcase classname="tests.test_ap_phase3" name="test_approve_suggestion" time="0.013" /><testcase classname="tests.test_ap_phase3" name="test_reject_suggestion" time="0.007" /><testcase classname="tests.test_ap_phase3" name="test_apply_requires_approved" time="0.006" /><testcase classname="tests.test_ap_phase3" name="test_apply_suggestion_success" time="0.008" /><testcase classname="tests.test_ap_phase3" name="test_apply_idempotent_alias" time="0.017" /><testcase classname="tests.test_ap_phase3" name="test_impact_review_empty" time="0.005" /><testcase classname="tests.test_ap_phase3" name="test_impact_review_with_data" time="0.010" /><testcase classname="tests.test_ap_phase3" name="test_drift_empty" time="0.006" /><testcase classname="tests.test_ap_phase3" name="test_drift_with_data" time="0.020" /><testcase classname="tests.test_ap_phase3" name="test_change_history" time="0.010" /><testcase classname="tests.test_ap_phase3" name="test_hotspots_empty" time="0.007" /><testcase classname="tests.test_ap_phase3" name="test_hotspots_with_data" time="0.009" /></testsuite></testsuites>