<?xml version="1.0" encoding="utf-8"?><testsuites name="pytest tests"><testsuite name="pytest" errors="0" failures="0" skipped="0" tests="22" time="1.952" timestamp="2026-02-22T16:52:01.194620+00:00" hostname="agent-env-191d96e8-bd8b-4547-a394-beb71c977048"><testcase classname="tests.test_ap_workflow_queues.TestAuthEndpoint" name="test_login_success" time="0.203" /><testcase classname="tests.test_ap_workflow_queues.TestWorkflowStatusCounts" name="test_status_counts_returns_200" time="0.119" /><testcase classname="tests.test_ap_workflow_queues.TestWorkflowStatusCounts" name="test_status_counts_matches_total" time="0.053" /><testcase classname="tests.test_ap_workflow_queues.TestVendorPendingQueue" name="test_vendor_pending_returns_200" time="0.067" /><testcase classname="tests.test_ap_workflow_queues.TestVendorPendingQueue" name="test_vendor_pending_with_filters" time="0.064" /><testcase classname="tests.test_ap_workflow_queues.TestBcValidationPendingQueue" name="test_bc_validation_pending_returns_200" time="0.070" /><testcase classname="tests.test_ap_workflow_queues.TestBcValidationPendingQueue" name="test_bc_validation_pending_with_pagination" time="0.071" /><testcase classname="tests.test_ap_workflow_queues.TestBcValidationFailedQueue" name="test_bc_validation_failed_returns_200" time="0.059" /><testcase classname="tests.test_ap_workflow_queues.TestBcValidationFailedQueue" name="test_bc_validation_failed_with_filters" time="0.060" /><testcase classname="tests.test_ap_workflow_queues.TestDataCorrectionPendingQueue" name="test_data_correction_pending_returns_200" time="0.069" /><testcase classname="tests.test_ap_workflow_queues.TestReadyForApprovalQueue" name="test_ready_for_approval_returns_200" time="0.054" /><testcase classname="tests.test_ap_workflow_queues.TestReadyForApprovalQueue" name="test_ready_for_approval_with_amount_filters" time="0.054" /><testcase classname="tests.test_ap_workflow_queues.TestDocumentIntake" name="test_intake_creates_document_with_captured_status" time="0.191" /><testcase classname="tests.test_ap_workflow_queues.TestDocumentIntake" name="test_intake_workflow_history_has_timestamp" time="0.175" /><testcase classname="tests.test_ap_workflow_queues.TestWorkflowMetrics" name="test_metrics_returns_200" time="0.063" /><testcase classname="tests.test_ap_workflow_queues.TestWorkflowMetrics" name="test_metrics_with_days_param" time="0.052" /><testcase classname="tests.test_ap_workflow_queues.TestDashboardIntegration" name="test_dashboard_stats_returns_200" time="0.069" /><testcase classname="tests.test_ap_workflow_queues.TestAllQueueEndpointsConsistency" name="test_queue_endpoint_structure[vendor-pending-vendor_pending]" time="0.054" /><testcase classname="tests.test_ap_workflow_queues.TestAllQueueEndpointsConsistency" name="test_queue_endpoint_structure[bc-validation-pending-bc_validation_pending]" time="0.050" /><testcase classname="tests.test_ap_workflow_queues.TestAllQueueEndpointsConsistency" name="test_queue_endpoint_structure[bc-validation-failed-bc_validation_failed]" time="0.056" /><testcase classname="tests.test_ap_workflow_queues.TestAllQueueEndpointsConsistency" name="test_queue_endpoint_structure[data-correction-pending-data_correction_pending]" time="0.052" /><testcase classname="tests.test_ap_workflow_queues.TestAllQueueEndpointsConsistency" name="test_queue_endpoint_structure[ready-for-approval-ready_for_approval]" time="0.054" /></testsuite></testsuites>