<?xml version="1.0" encoding="utf-8"?><testsuites name="pytest tests"><testsuite name="pytest" errors="0" failures="0" skipped="0" tests="25" time="1.800" timestamp="2026-03-15T21:33:35.292915+00:00" hostname="agent-env-a61fddca-db75-4342-9ed4-4e7a9a399f5d"><testcase classname="tests.test_architecture_guardrails.TestNoRouterImportsServer" name="test_no_undocumented_router_server_imports" time="0.003" /><testcase classname="tests.test_architecture_guardrails.TestNoServiceImportsServer" name="test_no_undocumented_service_server_imports" time="0.004" /><testcase classname="tests.test_architecture_guardrails.TestNewModulesImportable" name="test_settings_helpers" time="0.085" /><testcase classname="tests.test_architecture_guardrails.TestNewModulesImportable" name="test_graph_access" time="0.047" /><testcase classname="tests.test_architecture_guardrails.TestNewModulesImportable" name="test_sharepoint_helpers" time="0.000" /><testcase classname="tests.test_architecture_guardrails.TestNewModulesImportable" name="test_bc_draft_service" time="0.000" /><testcase classname="tests.test_architecture_guardrails.TestNewModulesImportable" name="test_document_linking" time="0.160" /><testcase classname="tests.test_architecture_guardrails.TestNewModulesImportable" name="test_email_helpers" time="0.000" /><testcase classname="tests.test_architecture_guardrails.TestSettingsUsesDepNotServer" name="test_settings_no_server_import" time="0.001" /><testcase classname="tests.test_architecture_guardrails.TestSettingsUsesDepNotServer" name="test_settings_imports_deps" time="0.000" /><testcase classname="tests.test_architecture_guardrails.TestSettingsUsesDepNotServer" name="test_settings_imports_settings_helpers" time="0.000" /><testcase classname="tests.test_architecture_guardrails.TestDocumentHandlersRewiring" name="test_uses_sharepoint_helpers" time="0.000" /><testcase classname="tests.test_architecture_guardrails.TestDocumentHandlersRewiring" name="test_uses_document_linking" time="0.000" /><testcase classname="tests.test_architecture_guardrails.TestDocumentHandlersRewiring" name="test_uses_bc_draft_service" time="0.000" /><testcase classname="tests.test_architecture_guardrails.TestDocumentHandlersRewiring" name="test_no_srv_sharepoint_calls" time="0.000" /><testcase classname="tests.test_architecture_guardrails.TestVendorMatchingUsesDepNotServer" name="test_no_server_import" time="0.000" /><testcase classname="tests.test_architecture_guardrails.TestEndpointsStillWork" name="test_health" time="0.215" /><testcase classname="tests.test_architecture_guardrails.TestEndpointsStillWork" name="test_settings_status" time="0.121" /><testcase classname="tests.test_architecture_guardrails.TestEndpointsStillWork" name="test_settings_config" time="0.117" /><testcase classname="tests.test_architecture_guardrails.TestEndpointsStillWork" name="test_documents_list" time="0.180" /><testcase classname="tests.test_architecture_guardrails.TestEndpointsStillWork" name="test_workflows_list" time="0.114" /><testcase classname="tests.test_architecture_guardrails.TestEndpointsStillWork" name="test_dashboard" time="0.112" /><testcase classname="tests.test_architecture_guardrails.TestEndpointsStillWork" name="test_mailbox_sources" time="0.114" /><testcase classname="tests.test_architecture_guardrails.TestEndpointsStillWork" name="test_email_watcher" time="0.134" /><testcase classname="tests.test_architecture_guardrails.TestRouteCountStable" name="test_count" time="0.325" /></testsuite></testsuites>