<?xml version="1.0" encoding="utf-8"?><testsuites name="pytest tests"><testsuite name="pytest" errors="0" failures="0" skipped="0" tests="9" time="1.442" timestamp="2026-04-08T13:12:41.277191+00:00" hostname="agent-env-ef671cde-b353-40d1-9d22-e72b05c0d186"><testcase classname="backend.tests.test_automation_rate_iteration193.TestAutomationRateEndpoint" name="test_automation_rate_default_30_days" time="0.232" /><testcase classname="backend.tests.test_automation_rate_iteration193.TestAutomationRateEndpoint" name="test_automation_rate_7_days" time="0.148" /><testcase classname="backend.tests.test_automation_rate_iteration193.TestAutomationRateEndpoint" name="test_automation_rate_90_days" time="0.130" /><testcase classname="backend.tests.test_automation_rate_iteration193.TestAutomationRateEndpoint" name="test_automation_rate_data_consistency" time="0.167" /><testcase classname="backend.tests.test_automation_rate_iteration193.TestAutomationRateEndpoint" name="test_automation_rate_daily_trend_structure" time="0.121" /><testcase classname="backend.tests.test_automation_rate_iteration193.TestAutomationRateEndpoint" name="test_automation_rate_top_manual_vendors_structure" time="0.118" /><testcase classname="backend.tests.test_automation_rate_iteration193.TestAutomationRateEndpoint" name="test_automation_rate_distribution_structure" time="0.160" /><testcase classname="backend.tests.test_automation_rate_iteration193.TestReadinessMetricsStillWorks" name="test_readiness_metrics_endpoint" time="0.151" /><testcase classname="backend.tests.test_automation_rate_iteration193.TestReevaluateAllStillWorks" name="test_reevaluate_all_endpoint" time="0.124" /></testsuite></testsuites>