<?xml version="1.0" encoding="utf-8"?><testsuites name="pytest tests"><testsuite name="pytest" errors="0" failures="0" skipped="0" tests="9" time="1.256" timestamp="2026-04-08T14:38:12.822069+00:00" hostname="agent-env-ef671cde-b353-40d1-9d22-e72b05c0d186"><testcase classname="backend.tests.test_auto_approve_feature_iteration195.TestAutoApproveFeature" name="test_auto_approve_preview_dry_run_true" time="0.155" /><testcase classname="backend.tests.test_auto_approve_feature_iteration195.TestAutoApproveFeature" name="test_auto_approve_actual_run_dry_run_false" time="0.133" /><testcase classname="backend.tests.test_auto_approve_feature_iteration195.TestAutoApproveFeature" name="test_auto_approve_with_min_confidence_low" time="0.118" /><testcase classname="backend.tests.test_auto_approve_feature_iteration195.TestAutoApproveFeature" name="test_auto_approve_with_min_confidence_high" time="0.149" /><testcase classname="backend.tests.test_auto_approve_feature_iteration195.TestAutoApproveFeature" name="test_auto_approve_with_custom_min_vendor_invoices" time="0.108" /><testcase classname="backend.tests.test_auto_approve_feature_iteration195.TestReviewQueueBadgeCount" name="test_badge_count_returns_count" time="0.116" /><testcase classname="backend.tests.test_auto_approve_feature_iteration195.TestReadinessAutomationRate" name="test_automation_rate_still_works" time="0.134" /><testcase classname="backend.tests.test_auto_approve_feature_iteration195.TestReviewQueueEndpoint" name="test_review_queue_list" time="0.149" /><testcase classname="backend.tests.test_auto_approve_feature_iteration195.TestLearningDashboard" name="test_learning_dashboard" time="0.118" /></testsuite></testsuites>