<?xml version="1.0" encoding="utf-8"?><testsuites name="pytest tests"><testsuite name="pytest" errors="0" failures="0" skipped="0" tests="35" time="3.037" timestamp="2026-03-16T03:25:07.793500+00:00" hostname="agent-env-50c2bea8-5a0b-4d2b-a070-07974f7bdb47"><testcase classname="backend.tests.test_automation_intelligence.TestAutomationMetrics" name="test_metrics_endpoint_returns_200" time="0.317" /><testcase classname="backend.tests.test_automation_intelligence.TestAutomationMetrics" name="test_metrics_contains_total_documents" time="0.077" /><testcase classname="backend.tests.test_automation_intelligence.TestAutomationMetrics" name="test_metrics_contains_rates" time="0.081" /><testcase classname="backend.tests.test_automation_intelligence.TestAutomationMetrics" name="test_metrics_contains_avg_confidence" time="0.082" /><testcase classname="backend.tests.test_automation_intelligence.TestAutomationMetrics" name="test_metrics_contains_confidence_distribution" time="0.078" /><testcase classname="backend.tests.test_automation_intelligence.TestAutomationMetrics" name="test_metrics_contains_signal_averages" time="0.076" /><testcase classname="backend.tests.test_automation_intelligence.TestAutomationMetrics" name="test_metrics_contains_top_review_causes" time="0.083" /><testcase classname="backend.tests.test_automation_intelligence.TestAutomationMetrics" name="test_metrics_contains_top_blocking_reasons" time="0.071" /><testcase classname="backend.tests.test_automation_intelligence.TestAutomationMetrics" name="test_metrics_contains_thresholds" time="0.084" /><testcase classname="backend.tests.test_automation_intelligence.TestBatchEvaluate" name="test_batch_evaluate_returns_200" time="0.079" /><testcase classname="backend.tests.test_automation_intelligence.TestBatchEvaluate" name="test_batch_evaluate_returns_counts" time="0.067" /><testcase classname="backend.tests.test_automation_intelligence.TestDecisionExplanation" name="test_decision_explanation_returns_200" time="0.088" /><testcase classname="backend.tests.test_automation_intelligence.TestDecisionExplanation" name="test_decision_explanation_contains_decision" time="0.076" /><testcase classname="backend.tests.test_automation_intelligence.TestDecisionExplanation" name="test_decision_explanation_contains_confidence" time="0.080" /><testcase classname="backend.tests.test_automation_intelligence.TestDecisionExplanation" name="test_decision_explanation_contains_status" time="0.073" /><testcase classname="backend.tests.test_automation_intelligence.TestDecisionExplanation" name="test_decision_explanation_contains_signals" time="0.097" /><testcase classname="backend.tests.test_automation_intelligence.TestDecisionExplanation" name="test_decision_explanation_contains_supporting_evidence" time="0.069" /><testcase classname="backend.tests.test_automation_intelligence.TestDecisionExplanation" name="test_decision_explanation_contains_risk_flags" time="0.072" /><testcase classname="backend.tests.test_automation_intelligence.TestDecisionExplanation" name="test_decision_explanation_404_for_nonexistent" time="0.070" /><testcase classname="backend.tests.test_automation_intelligence.TestAutomationConfidence" name="test_automation_confidence_returns_200" time="0.069" /><testcase classname="backend.tests.test_automation_intelligence.TestAutomationConfidence" name="test_automation_confidence_contains_score" time="0.072" /><testcase classname="backend.tests.test_automation_intelligence.TestAutomationConfidence" name="test_automation_confidence_contains_signals_dict" time="0.072" /><testcase classname="backend.tests.test_automation_intelligence.TestAutomationConfidence" name="test_automation_confidence_contains_weights" time="0.070" /><testcase classname="backend.tests.test_automation_intelligence.TestAutomationConfidence" name="test_automation_confidence_contains_thresholds" time="0.065" /><testcase classname="backend.tests.test_automation_intelligence.TestAutomationConfidence" name="test_automation_confidence_contains_recommended_action" time="0.068" /><testcase classname="backend.tests.test_automation_intelligence.TestAutomationConfidence" name="test_automation_confidence_404_for_nonexistent" time="0.074" /><testcase classname="backend.tests.test_automation_intelligence.TestReviewerAssist" name="test_review_assist_returns_200" time="0.073" /><testcase classname="backend.tests.test_automation_intelligence.TestReviewerAssist" name="test_review_assist_returns_doc_id" time="0.070" /><testcase classname="backend.tests.test_automation_intelligence.TestReviewerAssist" name="test_review_assist_returns_suggested_actions" time="0.070" /><testcase classname="backend.tests.test_automation_intelligence.TestReviewerAssist" name="test_review_assist_suggestion_structure" time="0.072" /><testcase classname="backend.tests.test_automation_intelligence.TestReviewerAssist" name="test_review_assist_404_for_nonexistent" time="0.072" /><testcase classname="backend.tests.test_automation_intelligence.TestReadinessMetricsRegression" name="test_readiness_metrics_returns_200" time="0.092" /><testcase classname="backend.tests.test_automation_intelligence.TestReadinessMetricsRegression" name="test_readiness_metrics_contains_expected_fields" time="0.078" /><testcase classname="backend.tests.test_automation_intelligence.TestWorkflowIntelligenceRegression" name="test_workflow_intelligence_returns_200" time="0.098" /><testcase classname="backend.tests.test_automation_intelligence.TestWorkflowIntelligenceRegression" name="test_workflow_intelligence_contains_readiness_summary" time="0.103" /></testsuite></testsuites>