<?xml version="1.0" encoding="utf-8"?><testsuites name="pytest tests"><testsuite name="pytest" errors="0" failures="0" skipped="0" tests="19" time="1.680" timestamp="2026-04-03T14:41:25.639086+00:00" hostname="agent-env-be8a9808-d021-4976-a154-f59a7e35af2c"><testcase classname="tests.test_auto_draft_phase2.TestHealthEndpoint" name="test_health_returns_200" time="0.133" /><testcase classname="tests.test_auto_draft_phase2.TestAutoPostSettings" name="test_get_settings_returns_200" time="0.109" /><testcase classname="tests.test_auto_draft_phase2.TestAutoPostSettings" name="test_put_settings_updates_and_returns_updated_fields" time="0.389" /><testcase classname="tests.test_auto_draft_phase2.TestReadyQueue" name="test_ready_queue_returns_200" time="0.104" /><testcase classname="tests.test_auto_draft_phase2.TestVendorSummary" name="test_vendor_summary_returns_200" time="0.110" /><testcase classname="tests.test_auto_draft_phase2.TestDraftPreview" name="test_draft_preview_returns_graceful_error_for_invalid_doc" time="0.105" /><testcase classname="tests.test_auto_draft_phase2.TestCreateDraft" name="test_create_draft_returns_graceful_error_for_invalid_doc" time="0.104" /><testcase classname="tests.test_auto_draft_phase2.TestAutoDraftQueue" name="test_auto_draft_queue_returns_200_with_results" time="0.103" /><testcase classname="tests.test_auto_draft_phase2.TestAutoDraftQueue" name="test_auto_draft_queue_returns_disabled_reason_when_disabled" time="0.342" /><testcase classname="tests.test_auto_draft_phase2.TestAutoDraftEligibility" name="test_auto_draft_eligibility_returns_graceful_error_for_invalid_doc" time="0.105" /><testcase classname="tests.test_auto_draft_phase2.TestCheckAutoDraftEligibilityFunction" name="test_no_vendor_number_returns_not_eligible" time="0.005" /><testcase classname="tests.test_auto_draft_phase2.TestCheckAutoDraftEligibilityFunction" name="test_existing_draft_returns_not_eligible" time="0.001" /><testcase classname="tests.test_auto_draft_phase2.TestCheckAutoDraftEligibilityFunction" name="test_auto_post_disabled_returns_not_eligible" time="0.001" /><testcase classname="tests.test_auto_draft_phase2.TestConfidenceMeetsThreshold" name="test_high_meets_high" time="0.000" /><testcase classname="tests.test_auto_draft_phase2.TestConfidenceMeetsThreshold" name="test_high_meets_medium" time="0.000" /><testcase classname="tests.test_auto_draft_phase2.TestConfidenceMeetsThreshold" name="test_high_meets_low" time="0.000" /><testcase classname="tests.test_auto_draft_phase2.TestConfidenceMeetsThreshold" name="test_medium_does_not_meet_high" time="0.000" /><testcase classname="tests.test_auto_draft_phase2.TestConfidenceMeetsThreshold" name="test_medium_meets_medium" time="0.000" /><testcase classname="tests.test_auto_draft_phase2.TestConfidenceMeetsThreshold" name="test_low_does_not_meet_medium" time="0.000" /></testsuite></testsuites>