<?xml version="1.0" encoding="utf-8"?><testsuites name="pytest tests"><testsuite name="pytest" errors="0" failures="1" skipped="0" tests="25" time="11.942" timestamp="2026-03-21T19:12:46.906523+00:00" hostname="agent-env-6082253d-582f-499d-8df3-9d7bd40b3db4"><testcase classname="backend.tests.test_bakeoff.TestBakeOffRuns" name="test_create_run" time="0.413" /><testcase classname="backend.tests.test_bakeoff.TestBakeOffRuns" name="test_list_runs" time="0.116" /><testcase classname="backend.tests.test_bakeoff.TestBakeOffRuns" name="test_list_runs_by_status" time="0.140" /><testcase classname="backend.tests.test_bakeoff.TestBakeOffRuns" name="test_get_run" time="0.380" /><testcase classname="backend.tests.test_bakeoff.TestBakeOffRuns" name="test_get_run_not_found" time="0.102" /><testcase classname="backend.tests.test_bakeoff.TestBakeOffRuns" name="test_update_run" time="0.376" /><testcase classname="backend.tests.test_bakeoff.TestBakeOffRuns" name="test_complete_run" time="0.596" /><testcase classname="backend.tests.test_bakeoff.TestBakeOffRuns" name="test_archive_run" time="0.465" /><testcase classname="backend.tests.test_bakeoff.TestBakeOffRuns" name="test_delete_draft_run" time="0.346" /><testcase classname="backend.tests.test_bakeoff.TestBakeOffRuns" name="test_delete_non_draft_run_blocked" time="0.425" /><testcase classname="backend.tests.test_bakeoff.TestBakeOffDocuments" name="test_add_document" time="0.348" /><testcase classname="backend.tests.test_bakeoff.TestBakeOffDocuments" name="test_list_documents" time="0.466" /><testcase classname="backend.tests.test_bakeoff.TestBakeOffDocuments" name="test_list_documents_with_search" time="0.426" /><testcase classname="backend.tests.test_bakeoff.TestBakeOffDocuments" name="test_get_document" time="0.444" /><testcase classname="backend.tests.test_bakeoff.TestBakeOffDocuments" name="test_update_document_scoring" time="0.480" /><testcase classname="backend.tests.test_bakeoff.TestBakeOffDocuments" name="test_auto_scoring_correctness" time="0.463" /><testcase classname="backend.tests.test_bakeoff.TestBakeOffDocuments" name="test_auto_scoring_po_normalization" time="0.441"><failure message="assert False == True">backend/tests/test_bakeoff.py:372: in test_auto_scoring_po_normalization
    assert data["gpi_po_correct"] == True  # Should match after normalization
    ^^^^^^^^^^^^^^^^^^^^^^^^^^^^^^^^^^^^^
E   assert False == True</failure></testcase><testcase classname="backend.tests.test_bakeoff.TestBakeOffDocuments" name="test_update_why_wrong_tags" time="0.453" /><testcase classname="backend.tests.test_bakeoff.TestBakeOffDocuments" name="test_delete_document" time="0.556" /><testcase classname="backend.tests.test_bakeoff.TestBakeOffMetrics" name="test_get_metrics" time="0.951" /><testcase classname="backend.tests.test_bakeoff.TestBakeOffMetrics" name="test_get_breakdowns" time="1.064" /><testcase classname="backend.tests.test_bakeoff.TestBakeOffExport" name="test_export_excel" time="1.239" /><testcase classname="backend.tests.test_bakeoff.TestBakeOffExport" name="test_export_not_found" time="0.488" /><testcase classname="backend.tests.test_bakeoff.TestBakeOffAutoPopulate" name="test_auto_populate" time="0.401" /><testcase classname="backend.tests.test_bakeoff.TestBakeOffWhyWrongTags" name="test_get_why_wrong_tags" time="0.123" /></testsuite></testsuites>