<?xml version="1.0" encoding="utf-8"?><testsuites name="pytest tests"><testsuite name="pytest" errors="0" failures="0" skipped="0" tests="8" time="1.243" timestamp="2026-04-04T16:52:31.107487+00:00" hostname="agent-env-7ca97e79-6a64-4f2a-9a85-0ccdf4b69a30"><testcase classname="backend.tests.test_batch_reevaluate_all.TestBatchReevaluateAll" name="test_health_check" time="0.156" /><testcase classname="backend.tests.test_batch_reevaluate_all.TestBatchReevaluateAll" name="test_reevaluate_all_endpoint_returns_valid_structure" time="0.158" /><testcase classname="backend.tests.test_batch_reevaluate_all.TestBatchReevaluateAll" name="test_learning_dashboard_no_nonetype_error" time="0.127" /><testcase classname="backend.tests.test_batch_reevaluate_all.TestBatchReevaluateAll" name="test_readiness_metrics_endpoint" time="0.116" /><testcase classname="backend.tests.test_batch_reevaluate_all.TestBatchReevaluateAll" name="test_evaluate_single_document" time="0.250" /><testcase classname="backend.tests.test_batch_reevaluate_all.TestBatchReevaluateAll" name="test_evaluate_nonexistent_document_returns_404" time="0.114" /><testcase classname="backend.tests.test_batch_reevaluate_all.TestBatchReevaluateAll" name="test_reevaluate_all_status_transitions_structure" time="0.133" /><testcase classname="backend.tests.test_batch_reevaluate_all.TestBatchReevaluateAll" name="test_reevaluate_all_vendor_corrections_structure" time="0.103" /></testsuite></testsuites>