<?xml version="1.0" encoding="utf-8"?><testsuites name="pytest tests"><testsuite name="pytest" errors="0" failures="0" skipped="0" tests="15" time="2.642" timestamp="2026-03-11T13:23:50.723135+00:00" hostname="agent-env-f7bfea1f-e7dc-48ad-af00-227fadbaa319"><testcase classname="tests.test_bc_config.TestBCConfigDiagnostics" name="test_bc_config_returns_expected_fields" time="0.193" /><testcase classname="tests.test_bc_config.TestBCConfigDiagnostics" name="test_bc_config_has_additional_fields" time="0.143" /><testcase classname="tests.test_bc_config.TestBCConfigDiagnostics" name="test_bc_config_no_secrets_exposed" time="0.112" /><testcase classname="tests.test_bc_config.TestSettingsStatusBCEnvironment" name="test_settings_status_bc_environment_object" time="0.121" /><testcase classname="tests.test_bc_config.TestSettingsStatusBCEnvironment" name="test_settings_status_separate_bc_connections" time="0.184" /><testcase classname="tests.test_bc_config.TestSettingsStatusBCEnvironment" name="test_bc_read_connection_environment" time="0.106" /><testcase classname="tests.test_bc_config.TestSettingsStatusBCEnvironment" name="test_bc_write_connection_environment" time="0.179" /><testcase classname="tests.test_bc_config.TestSettingsStatusBCEnvironment" name="test_bc_write_connection_writes_enabled" time="0.103" /><testcase classname="tests.test_bc_config.TestExistingAPIsWork" name="test_auth_login" time="0.718" /><testcase classname="tests.test_bc_config.TestExistingAPIsWork" name="test_documents_list" time="0.134" /><testcase classname="tests.test_bc_config.TestExistingAPIsWork" name="test_workflow_status_counts" time="0.114" /><testcase classname="tests.test_bc_config.TestExistingAPIsWork" name="test_mailbox_sources" time="0.150" /><testcase classname="tests.test_bc_config.TestBCConfigSecurity" name="test_admin_bc_config_no_client_secret" time="0.112" /><testcase classname="tests.test_bc_config.TestBCConfigSecurity" name="test_admin_bc_config_no_client_id_full" time="0.104" /><testcase classname="tests.test_bc_config.TestBCConfigSecurity" name="test_settings_status_no_secrets" time="0.100" /></testsuite></testsuites>