<?xml version="1.0" encoding="utf-8"?><testsuites name="pytest tests"><testsuite name="pytest" errors="0" failures="0" skipped="0" tests="17" time="2.594" timestamp="2026-03-13T15:25:29.781035+00:00" hostname="agent-env-65386d95-d0c8-41cc-a040-006076b887eb"><testcase classname="backend.tests.test_bc_integration_dashboard.TestBCIntegrationDashboard" name="test_dashboard_returns_valid_json_structure" time="0.199" /><testcase classname="backend.tests.test_bc_integration_dashboard.TestBCIntegrationDashboard" name="test_dashboard_filter_by_record_type_sales_order" time="0.110" /><testcase classname="backend.tests.test_bc_integration_dashboard.TestBCIntegrationDashboard" name="test_dashboard_filter_by_record_type_purchase_invoice" time="0.142" /><testcase classname="backend.tests.test_bc_integration_dashboard.TestBCIntegrationDashboard" name="test_dashboard_filter_by_status_created" time="0.139" /><testcase classname="backend.tests.test_bc_integration_dashboard.TestBCIntegrationDashboard" name="test_dashboard_filter_by_status_already_exists" time="0.145" /><testcase classname="backend.tests.test_bc_integration_dashboard.TestBCIntegrationDashboard" name="test_dashboard_filter_by_status_failed" time="0.113" /><testcase classname="backend.tests.test_bc_integration_dashboard.TestBCIntegrationDashboard" name="test_dashboard_pagination_limit" time="0.128" /><testcase classname="backend.tests.test_bc_integration_dashboard.TestBCIntegrationDashboard" name="test_dashboard_pagination_skip" time="0.262" /><testcase classname="backend.tests.test_bc_integration_dashboard.TestBCIntegrationDashboard" name="test_dashboard_transaction_structure" time="0.174" /><testcase classname="backend.tests.test_bc_integration_dashboard.TestBCIntegrationRegressionEndpoints" name="test_status_endpoint_still_works" time="0.112" /><testcase classname="backend.tests.test_bc_integration_dashboard.TestBCIntegrationRegressionEndpoints" name="test_sales_order_preflight_endpoint_still_works" time="0.224" /><testcase classname="backend.tests.test_bc_integration_dashboard.TestBCIntegrationRegressionEndpoints" name="test_purchase_invoice_preflight_endpoint_still_works" time="0.125" /><testcase classname="backend.tests.test_bc_integration_dashboard.TestBCIntegrationDashboardEdgeCases" name="test_dashboard_combined_filters" time="0.149" /><testcase classname="backend.tests.test_bc_integration_dashboard.TestBCIntegrationDashboardEdgeCases" name="test_dashboard_empty_filters" time="0.118" /><testcase classname="backend.tests.test_bc_integration_dashboard.TestBCIntegrationDashboardEdgeCases" name="test_dashboard_invalid_record_type_ignored" time="0.114" /><testcase classname="backend.tests.test_bc_integration_dashboard.TestBCIntegrationDashboardEdgeCases" name="test_dashboard_large_limit" time="0.136" /><testcase classname="backend.tests.test_bc_integration_dashboard.TestBCIntegrationDashboardEdgeCases" name="test_dashboard_zero_skip" time="0.124" /></testsuite></testsuites>