<?xml version="1.0" encoding="utf-8"?><testsuites name="pytest tests"><testsuite name="pytest" errors="0" failures="0" skipped="3" tests="16" time="4.221" timestamp="2026-03-14T18:13:49.585712+00:00" hostname="agent-env-b9d356df-73fa-4a5c-9475-ecd6ebe7503d"><testcase classname="backend.tests.test_bc_receipt_capture.TestBCReceiptCapture" name="test_receipt_rejected_for_nonexistent_draft" time="0.243" /><testcase classname="backend.tests.test_bc_receipt_capture.TestBCReceiptCapture" name="test_receipt_rejected_without_bc_response_created" time="0.272" /><testcase classname="backend.tests.test_bc_receipt_capture.TestBCReceiptCapture" name="test_receipt_rejected_without_linked_supply" time="0.124"><skipped type="pytest.skip" message="Cannot create test draft due to duplicate guard">/app/backend/tests/test_bc_receipt_capture.py:107: Cannot create test draft due to duplicate guard</skipped></testcase><testcase classname="backend.tests.test_bc_receipt_capture.TestBCReceiptCapture" name="test_duplicate_receipt_is_idempotent" time="0.244" /><testcase classname="backend.tests.test_bc_receipt_capture.TestBCReceiptCapture" name="test_over_receipt_rejected" time="0.246"><skipped type="pytest.skip" message="No ordered supply found to test over-receipt rejection">/app/backend/tests/test_bc_receipt_capture.py:210: No ordered supply found to test over-receipt rejection</skipped></testcase><testcase classname="backend.tests.test_bc_receipt_capture.TestBCReceiptCapture" name="test_partial_receipt_rejected" time="0.292"><skipped type="pytest.skip" message="No ordered supply with qty &gt; 1 found to test partial receipt rejection">/app/backend/tests/test_bc_receipt_capture.py:242: No ordered supply with qty &gt; 1 found to test partial receipt rejection</skipped></testcase><testcase classname="backend.tests.test_bc_receipt_capture.TestBCReceiptCapture" name="test_po_draft_detail_receipt_summary_enrichment" time="0.113" /><testcase classname="backend.tests.test_bc_receipt_capture.TestBCReceiptCapture" name="test_linked_supply_endpoint_returns_receipt_summary" time="0.112" /><testcase classname="backend.tests.test_bc_receipt_capture.TestBCReceiptCapture" name="test_linked_supply_records_have_bc_receipt_at" time="0.130" /><testcase classname="backend.tests.test_bc_receipt_capture.TestBCReceiptCaptureFullFlow" name="test_full_receipt_flow_creates_ledger_movement" time="1.228" /><testcase classname="backend.tests.test_bc_receipt_capture.TestBCReceiptRegressions" name="test_regression_bc_response_capture_still_works" time="0.254" /><testcase classname="backend.tests.test_bc_receipt_capture.TestBCReceiptRegressions" name="test_regression_submission_log_still_works" time="0.130" /><testcase classname="backend.tests.test_bc_receipt_capture.TestBCReceiptRegressions" name="test_regression_vendor_assignment_still_works" time="0.259" /><testcase classname="backend.tests.test_bc_receipt_capture.TestBCReceiptRegressions" name="test_regression_bc_export_still_works" time="0.232" /><testcase classname="backend.tests.test_bc_receipt_capture.TestBCReceiptRegressions" name="test_regression_linked_supply_endpoint_still_works" time="0.115" /><testcase classname="backend.tests.test_bc_receipt_capture.TestBCReceiptRegressions" name="test_regression_balances_endpoint_still_works" time="0.129" /></testsuite></testsuites>