<?xml version="1.0" encoding="utf-8"?><testsuites name="pytest tests"><testsuite name="pytest" errors="0" failures="0" skipped="0" tests="31" time="0.925" timestamp="2026-03-15T17:17:40.251150+00:00" hostname="agent-env-ef3f3256-86fe-4680-b4d7-1c9c9a7634dc"><testcase classname="tests.test_bc_validation_isolation.TestNormalizeVendorName" name="test_basic" time="0.001" /><testcase classname="tests.test_bc_validation_isolation.TestNormalizeVendorName" name="test_inc_with_dot" time="0.000" /><testcase classname="tests.test_bc_validation_isolation.TestNormalizeVendorName" name="test_llc" time="0.000" /><testcase classname="tests.test_bc_validation_isolation.TestNormalizeVendorName" name="test_limited" time="0.000" /><testcase classname="tests.test_bc_validation_isolation.TestNormalizeVendorName" name="test_gmbh" time="0.000" /><testcase classname="tests.test_bc_validation_isolation.TestNormalizeVendorName" name="test_empty" time="0.000" /><testcase classname="tests.test_bc_validation_isolation.TestNormalizeVendorName" name="test_no_suffix" time="0.000" /><testcase classname="tests.test_bc_validation_isolation.TestNormalizeVendorName" name="test_special_chars_removed" time="0.000" /><testcase classname="tests.test_bc_validation_isolation.TestNormalizeVendorName" name="test_multiple_spaces_collapsed" time="0.000" /><testcase classname="tests.test_bc_validation_isolation.TestCalculateFuzzyScore" name="test_identical" time="0.000" /><testcase classname="tests.test_bc_validation_isolation.TestCalculateFuzzyScore" name="test_completely_different" time="0.000" /><testcase classname="tests.test_bc_validation_isolation.TestCalculateFuzzyScore" name="test_bc_code_prefix_stripped" time="0.000" /><testcase classname="tests.test_bc_validation_isolation.TestCalculateFuzzyScore" name="test_empty_strings" time="0.000" /><testcase classname="tests.test_bc_validation_isolation.TestCalculateFuzzyScore" name="test_partial_overlap" time="0.000" /><testcase classname="tests.test_bc_validation_isolation.TestComputeExtractionQuality" name="test_all_required_fields" time="0.000" /><testcase classname="tests.test_bc_validation_isolation.TestComputeExtractionQuality" name="test_all_fields_present" time="0.000" /><testcase classname="tests.test_bc_validation_isolation.TestComputeExtractionQuality" name="test_missing_required_field" time="0.000" /><testcase classname="tests.test_bc_validation_isolation.TestComputeExtractionQuality" name="test_empty_fields" time="0.000" /><testcase classname="tests.test_bc_validation_isolation.TestComputeExtractionQuality" name="test_default_config_with_empty_fields" time="0.000" /><testcase classname="tests.test_bc_validation_isolation.TestComputeExtractionQuality" name="test_fallback_to_extracted_fields" time="0.000" /><testcase classname="tests.test_bc_validation_isolation.TestValidateBcMatchDemoMode" name="test_demo_mode_returns_simulated" time="0.075" /><testcase classname="tests.test_bc_validation_isolation.TestValidateBcMatchDemoMode" name="test_result_shape" time="0.001" /><testcase classname="tests.test_bc_validation_isolation.TestValidateBcMatchDemoMode" name="test_extraction_quality_populated" time="0.001" /><testcase classname="tests.test_bc_validation_isolation.TestValidateBcMatchErrorHandling" name="test_token_failure" time="0.004" /><testcase classname="tests.test_bc_validation_isolation.TestValidateBcMatchErrorHandling" name="test_company_failure" time="0.002" /><testcase classname="tests.test_bc_validation_isolation.TestValidateBcMatchErrorHandling" name="test_exception_caught" time="0.002" /><testcase classname="tests.test_bc_validation_isolation.TestServerWrapper" name="test_wrapper_delegates" time="0.236" /><testcase classname="tests.test_bc_validation_isolation.TestDocIntelHelpersAdapter" name="test_adapter_delegates" time="0.001" /><testcase classname="tests.test_bc_validation_isolation.TestAPIRegression" name="test_health" time="0.172" /><testcase classname="tests.test_bc_validation_isolation.TestAPIRegression" name="test_documents_list" time="0.181" /><testcase classname="tests.test_bc_validation_isolation.TestAPIRegression" name="test_pipeline_stages" time="0.127" /></testsuite></testsuites>