<?xml version="1.0" encoding="utf-8"?><testsuites name="pytest tests"><testsuite name="pytest" errors="0" failures="0" skipped="0" tests="7" time="1.066" timestamp="2026-03-18T21:04:40.905138+00:00" hostname="agent-env-82e3e963-6343-43b7-b567-fc294deff380"><testcase classname="tests.test_bc_validation_3state_131.TestBCValidation3State" name="test_document_has_validation_status_fail" time="0.211" /><testcase classname="tests.test_bc_validation_3state_131.TestBCValidation3State" name="test_document_has_pipeline_stages" time="0.117" /><testcase classname="tests.test_bc_validation_3state_131.TestBCValidation3State" name="test_frontend_computes_validation_status_from_checks" time="0.106" /><testcase classname="tests.test_bc_validation_3state_131.TestBCValidation3State" name="test_validation_status_values" time="0.159" /><testcase classname="tests.test_bc_validation_3state_131.TestItemMappingsAPI" name="test_get_item_mappings" time="0.122" /><testcase classname="tests.test_bc_validation_3state_131.TestDocumentDetailAPI" name="test_document_detail_returns_required_fields" time="0.116" /><testcase classname="tests.test_bc_validation_3state_131.TestDocumentDetailAPI" name="test_derived_state_validation_state" time="0.112" /></testsuite></testsuites>