<?xml version="1.0" encoding="utf-8"?><testsuites name="pytest tests"><testsuite name="pytest" errors="0" failures="0" skipped="0" tests="22" time="9.785" timestamp="2026-03-15T00:23:40.274595+00:00" hostname="agent-env-5293d859-3f09-4b3f-99d3-237d5debf9ac"><testcase classname="backend.tests.test_bulk_actions.TestBulkActionsEndpoint" name="test_bulk_action_validates_entity_type" time="0.170" /><testcase classname="backend.tests.test_bulk_actions.TestBulkActionsEndpoint" name="test_bulk_action_validates_action" time="0.138" /><testcase classname="backend.tests.test_bulk_actions.TestBulkActionsEndpoint" name="test_bulk_action_validates_empty_entity_ids" time="0.125" /><testcase classname="backend.tests.test_bulk_actions.TestBulkActionsEndpoint" name="test_assign_owner_to_multiple_sos" time="0.594" /><testcase classname="backend.tests.test_bulk_actions.TestBulkActionsEndpoint" name="test_assign_owner_validates_assigned_to" time="0.531" /><testcase classname="backend.tests.test_bulk_actions.TestBulkActionsEndpoint" name="test_update_assignment_status_multiple_items" time="0.617" /><testcase classname="backend.tests.test_bulk_actions.TestBulkActionsEndpoint" name="test_update_assignment_status_invalid_status" time="0.589" /><testcase classname="backend.tests.test_bulk_actions.TestBulkActionsEndpoint" name="test_set_due_date_multiple_items" time="0.623" /><testcase classname="backend.tests.test_bulk_actions.TestBulkActionsEndpoint" name="test_set_due_date_validates_due_date" time="0.542" /><testcase classname="backend.tests.test_bulk_actions.TestBulkActionsEndpoint" name="test_set_escalation_status_multiple_items" time="0.622" /><testcase classname="backend.tests.test_bulk_actions.TestBulkActionsEndpoint" name="test_set_escalation_status_invalid" time="0.552" /><testcase classname="backend.tests.test_bulk_actions.TestBulkActionsEndpoint" name="test_request_approval_multiple_items" time="0.574" /><testcase classname="backend.tests.test_bulk_actions.TestBulkActionsEndpoint" name="test_request_approval_different_types" time="0.704" /><testcase classname="backend.tests.test_bulk_actions.TestBulkActionsEndpoint" name="test_bulk_action_on_po_drafts" time="0.191" /><testcase classname="backend.tests.test_bulk_actions.TestBulkActionsEndpoint" name="test_bulk_action_po_draft_not_found" time="0.127" /><testcase classname="backend.tests.test_bulk_actions.TestBulkActionsEndpoint" name="test_partial_success_handling" time="0.527" /><testcase classname="backend.tests.test_bulk_actions.TestBulkActionsEndpoint" name="test_bulk_action_generates_activities" time="0.631" /><testcase classname="backend.tests.test_bulk_actions.TestRegressionPreviousIterations" name="test_regression_saved_views_endpoint" time="0.119" /><testcase classname="backend.tests.test_bulk_actions.TestRegressionPreviousIterations" name="test_regression_activities_endpoint" time="0.119" /><testcase classname="backend.tests.test_bulk_actions.TestRegressionPreviousIterations" name="test_regression_assignments_endpoint" time="0.526" /><testcase classname="backend.tests.test_bulk_actions.TestRegressionPreviousIterations" name="test_regression_escalation_endpoint" time="0.516" /><testcase classname="backend.tests.test_bulk_actions.TestRegressionPreviousIterations" name="test_regression_operations_queue_basic" time="0.536" /></testsuite></testsuites>