<?xml version="1.0" encoding="utf-8"?><testsuites name="pytest tests"><testsuite name="pytest" errors="0" failures="0" skipped="0" tests="15" time="39.275" timestamp="2026-03-18T15:11:18.895358+00:00" hostname="agent-env-9fad82e2-7a63-4d7a-a64a-a2dad85b1a60"><testcase classname="tests.test_classification_pipeline_integration.TestPipelineResponseStructure" name="test_process_returns_pipeline_status" time="5.219" /><testcase classname="tests.test_classification_pipeline_integration.TestPipelineResponseStructure" name="test_process_returns_pipeline_stages" time="4.534" /><testcase classname="tests.test_classification_pipeline_integration.TestPipelineResponseStructure" name="test_process_returns_classification_method" time="3.714" /><testcase classname="tests.test_classification_pipeline_integration.TestPipelineResponseStructure" name="test_process_returns_meaningful_field_count" time="4.531" /><testcase classname="tests.test_classification_pipeline_integration.TestParseStageFallback" name="test_parse_stage_finds_file_via_fallback" time="3.353" /><testcase classname="tests.test_classification_pipeline_integration.TestParseStageFallback" name="test_parse_stage_fails_when_no_file" time="0.175" /><testcase classname="tests.test_classification_pipeline_integration.TestClassifyStage" name="test_classify_heuristic_plus_llm_merge" time="3.633" /><testcase classname="tests.test_classification_pipeline_integration.TestClassifyStage" name="test_classify_pure_llm_when_no_heuristic" time="2.868" /><testcase classname="tests.test_classification_pipeline_integration.TestExtractStageQualityGate" name="test_extract_quality_gate_rejects_zero_meaningful_fields" time="0.133" /><testcase classname="tests.test_classification_pipeline_integration.TestExtractStageQualityGate" name="test_extract_quality_gate_passes_with_real_data" time="0.000" /><testcase classname="tests.test_classification_pipeline_integration.TestValidateStageQualityGate" name="test_validate_rejects_only_metadata_fields" time="0.000" /><testcase classname="tests.test_classification_pipeline_integration.TestRouteStage" name="test_route_returns_automation_decision" time="3.650" /><testcase classname="tests.test_classification_pipeline_integration.TestRouteStage" name="test_route_returns_readiness_status" time="3.486" /><testcase classname="tests.test_classification_pipeline_integration.TestReprocessEndpoint" name="test_reprocess_endpoint_works" time="0.345" /><testcase classname="tests.test_classification_pipeline_integration.TestPipelineIntegrationE2E" name="test_full_pipeline_with_valid_document" time="3.547" /></testsuite></testsuites>