<?xml version="1.0" encoding="utf-8"?><testsuites name="pytest tests"><testsuite name="pytest" errors="0" failures="0" skipped="0" tests="39" time="1.800" timestamp="2026-04-18T23:11:55.149275+00:00" hostname="agent-env-0e92143f-c429-4740-9a53-c97fef13d871"><testcase classname="tests.test_cold_start_matcher" name="test_tokenize_preserves_sku_style" time="0.087" /><testcase classname="tests.test_cold_start_matcher" name="test_tokenize_drops_pure_numbers_and_short_tokens" time="0.000" /><testcase classname="tests.test_cold_start_matcher" name="test_build_fingerprint_counts_tokens" time="0.001" /><testcase classname="tests.test_cold_start_matcher" name="test_find_similar_returns_best_peer" time="0.001" /><testcase classname="tests.test_cold_start_matcher" name="test_find_similar_excludes_target" time="0.001" /><testcase classname="tests.test_cold_start_matcher" name="test_find_similar_no_fingerprints_returns_empty" time="0.001" /><testcase classname="tests.test_cold_start_matcher" name="test_find_similar_short_query_returns_empty" time="0.001" /><testcase classname="tests.test_cold_start_matcher" name="test_promote_creates_new_pattern_for_cold_customer" time="0.001" /><testcase classname="tests.test_cold_start_matcher" name="test_promote_returns_already_present_on_duplicate" time="0.001" /><testcase classname="tests.test_intake_learning_feedback" name="test_unknown_event_type_returns_error" time="0.001" /><testcase classname="tests.test_intake_learning_feedback" name="test_accept_bumps_occurrences_and_trust_at_90" time="0.001" /><testcase classname="tests.test_intake_learning_feedback" name="test_reject_retires_after_threshold" time="0.000" /><testcase classname="tests.test_intake_learning_feedback" name="test_bounds_override_widens_std_dev" time="0.000" /><testcase classname="tests.test_intake_learning_feedback" name="test_unmatched_item_confirmed_new_creates_candidate" time="0.000" /><testcase classname="tests.test_intake_learning_feedback" name="test_unmatched_item_mapped_saves_alias" time="0.000" /><testcase classname="tests.test_intake_learning_feedback" name="test_get_pattern_health_shape" time="0.000" /><testcase classname="tests.test_intake_learning_feedback" name="test_run_pattern_hygiene_retires_and_promotes" time="0.000" /><testcase classname="tests.test_sales_intake_learning" name="test_intake_learning_giovanni_happy_path" time="0.008" /><testcase classname="tests.test_sales_intake_learning" name="test_intake_learning_cold_start_with_customer_name_only" time="0.002" /><testcase classname="tests.test_sales_intake_learning" name="test_intake_learning_skipped_for_non_scope_doc" time="0.002" /><testcase classname="tests.test_sales_intake_learning" name="test_sales_invoice_is_in_scope" time="0.002" /><testcase classname="tests.test_sales_intake_learning" name="test_xls_staging_intake_learning_cold_start" time="0.006" /><testcase classname="tests.test_sales_intake_learning" name="test_summary_shape_keys" time="0.001" /><testcase classname="tests.test_sales_intake_learning" name="test_refresh_active_customers_no_activity" time="0.001" /><testcase classname="tests.test_sales_intake_learning" name="test_refresh_active_customers_single_customer" time="0.001" /><testcase classname="tests.test_sales_intake_learning" name="test_refresh_customer_after_bc_write_happy_path" time="0.001" /><testcase classname="tests.test_sales_intake_learning" name="test_refresh_customer_after_bc_write_empty_customer_skipped" time="0.000" /><testcase classname="tests.test_sales_intake_learning" name="test_refresh_customer_after_bc_write_swallows_errors" time="0.001" /><testcase classname="tests.test_cold_start_api.TestColdStartAPI" name="test_similar_customers_giovanni_excluded" time="0.149" /><testcase classname="tests.test_cold_start_api.TestColdStartAPI" name="test_rebuild_fingerprints" time="0.131" /><testcase classname="tests.test_cold_start_api.TestColdStartAPI" name="test_promote_inherited_success" time="0.118" /><testcase classname="tests.test_cold_start_api.TestColdStartAPI" name="test_promote_inherited_duplicate_returns_already_present" time="0.228" /><testcase classname="tests.test_cold_start_api.TestColdStartAPI" name="test_promote_inherited_404_nonexistent_source" time="0.111" /><testcase classname="tests.test_cold_start_api.TestColdStartRegressionEndpoints" name="test_learning_summary" time="0.119" /><testcase classname="tests.test_cold_start_api.TestColdStartRegressionEndpoints" name="test_pattern_health" time="0.121" /><testcase classname="tests.test_cold_start_api.TestColdStartRegressionEndpoints" name="test_insights_feedback" time="0.105" /><testcase classname="tests.test_cold_start_api.TestColdStartRegressionEndpoints" name="test_learning_hygiene" time="0.120" /><testcase classname="tests.test_cold_start_api.TestColdStartRegressionEndpoints" name="test_flagged_documents" time="0.116" /><testcase classname="tests.test_cold_start_api.TestColdStartSimulation" name="test_cold_start_with_peer_matches" time="0.242" /></testsuite></testsuites>