<?xml version="1.0" encoding="utf-8"?><testsuites name="pytest tests"><testsuite name="pytest" errors="0" failures="0" skipped="0" tests="31" time="4.608" timestamp="2026-03-15T04:04:20.253257+00:00" hostname="agent-env-70deb5ab-80d6-4c12-815a-309f3a37ce8d"><testcase classname="backend.tests.test_decision_policy_engine.TestPolicyCRUD" name="test_list_policies_returns_default_seeded" time="0.145" /><testcase classname="backend.tests.test_decision_policy_engine.TestPolicyCRUD" name="test_list_policies_with_document_type_filter" time="0.109" /><testcase classname="backend.tests.test_decision_policy_engine.TestPolicyCRUD" name="test_list_policies_with_is_active_filter" time="0.111" /><testcase classname="backend.tests.test_decision_policy_engine.TestPolicyCRUD" name="test_create_policy" time="0.103" /><testcase classname="backend.tests.test_decision_policy_engine.TestPolicyCRUD" name="test_update_policy" time="0.109" /><testcase classname="backend.tests.test_decision_policy_engine.TestPolicyCRUD" name="test_update_policy_not_found" time="0.122" /><testcase classname="backend.tests.test_decision_policy_engine.TestPolicyCRUD" name="test_delete_policy_soft_deletes" time="0.224" /><testcase classname="backend.tests.test_decision_policy_engine.TestPolicyCRUD" name="test_delete_policy_not_found" time="0.104" /><testcase classname="backend.tests.test_decision_policy_engine.TestDecisionEvaluation" name="test_evaluate_decision_blocked_document" time="0.105" /><testcase classname="backend.tests.test_decision_policy_engine.TestDecisionEvaluation" name="test_evaluate_decision_ready_document" time="0.105" /><testcase classname="backend.tests.test_decision_policy_engine.TestDecisionEvaluation" name="test_evaluate_decision_not_found" time="0.140" /><testcase classname="backend.tests.test_decision_policy_engine.TestDecisionEvaluation" name="test_evaluate_decision_returns_target_summary" time="0.117" /><testcase classname="backend.tests.test_decision_policy_engine.TestDecisionEvaluation" name="test_evaluate_decision_input_snapshot_complete" time="0.121" /><testcase classname="backend.tests.test_decision_policy_engine.TestDecisionExecution" name="test_execute_decision_blocked_returns_not_executable" time="0.232" /><testcase classname="backend.tests.test_decision_policy_engine.TestDecisionExecution" name="test_execute_decision_ready_creates_draft" time="0.233" /><testcase classname="backend.tests.test_decision_policy_engine.TestDecisionExecution" name="test_execute_decision_not_found" time="0.132" /><testcase classname="backend.tests.test_decision_policy_engine.TestDecisionRetrieval" name="test_get_decision_for_document" time="0.144" /><testcase classname="backend.tests.test_decision_policy_engine.TestDecisionRetrieval" name="test_get_decision_not_found" time="0.111" /><testcase classname="backend.tests.test_decision_policy_engine.TestDecisionRetrieval" name="test_decision_queue_returns_blocked_and_review" time="0.119" /><testcase classname="backend.tests.test_decision_policy_engine.TestDecisionRetrieval" name="test_decision_queue_pagination" time="0.116" /><testcase classname="backend.tests.test_decision_policy_engine.TestDocumentEnrichment" name="test_document_enriched_with_decision" time="0.235" /><testcase classname="backend.tests.test_decision_policy_engine.TestPolicyEvaluationPriority" name="test_block_policy_priority_1_fires_first" time="0.124" /><testcase classname="backend.tests.test_decision_policy_engine.TestPolicyEvaluationPriority" name="test_policies_sorted_by_priority" time="0.146" /><testcase classname="backend.tests.test_decision_policy_engine.TestDecisionReasons" name="test_decision_reasons_have_code_and_message" time="0.118" /><testcase classname="backend.tests.test_decision_policy_engine.TestDecisionReasons" name="test_blocked_decision_has_blocked_reasons" time="0.103" /><testcase classname="backend.tests.test_decision_policy_engine.TestDecisionReasons" name="test_create_draft_decision_has_readiness_reasons" time="0.101" /><testcase classname="backend.tests.test_decision_policy_engine.TestRegressionIteration98And99" name="test_bundles_endpoint_still_works" time="0.106" /><testcase classname="backend.tests.test_decision_policy_engine.TestRegressionIteration98And99" name="test_bundle_detail_still_works" time="0.108" /><testcase classname="backend.tests.test_decision_policy_engine.TestRegressionIteration98And99" name="test_lifecycle_issues_still_works" time="0.103" /><testcase classname="backend.tests.test_decision_policy_engine.TestRegressionIteration98And99" name="test_detect_bundles_still_works" time="0.107" /><testcase classname="backend.tests.test_decision_policy_engine.TestRegressionIteration98And99" name="test_process_document_still_works" time="0.533" /></testsuite></testsuites>