<?xml version="1.0" encoding="utf-8"?><testsuites name="pytest tests"><testsuite name="pytest" errors="0" failures="0" skipped="0" tests="8" time="0.651" timestamp="2026-04-01T15:25:57.759092+00:00" hostname="agent-env-b189b14f-1f88-4c2a-9422-38c074483ead"><testcase classname="tests.test_derived_state_readyforpost.TestHealthCheck" name="test_api_health" time="0.175" /><testcase classname="tests.test_derived_state_readyforpost.TestDerivedStateReadyForPost" name="test_get_document_returns_derived_state_pass" time="0.070" /><testcase classname="tests.test_derived_state_readyforpost.TestDerivedStateReadyForPost" name="test_derived_state_from_events" time="0.055" /><testcase classname="tests.test_derived_state_readyforpost.TestDerivedStateNeedsReview" name="test_needs_review_derived_state" time="0.051" /><testcase classname="tests.test_derived_state_readyforpost.TestDerivedStatePosted" name="test_posted_derived_state" time="0.053" /><testcase classname="tests.test_derived_state_readyforpost.TestDerivedStateLegacyFallback" name="test_legacy_readyforpost_derived_state" time="0.048" /><testcase classname="tests.test_derived_state_readyforpost.TestDerivedStateAutoClearBackwardCompat" name="test_autoclear_backward_compat" time="0.064" /><testcase classname="tests.test_derived_state_readyforpost.TestCleanup" name="test_cleanup_test_documents" time="0.002" /></testsuite></testsuites>