<?xml version="1.0" encoding="utf-8"?><testsuites name="pytest tests"><testsuite name="pytest" errors="0" failures="0" skipped="0" tests="9" time="0.125" timestamp="2026-04-19T03:18:25.694560+00:00" hostname="agent-env-393eedf6-6020-4204-b2fc-52145a47cf51"><testcase classname="tests.test_weekly_digest" name="test_digest_empty_week_returns_quiet_headline" time="0.077" /><testcase classname="tests.test_weekly_digest" name="test_digest_aggregates_reviewers_and_narrative" time="0.001" /><testcase classname="tests.test_weekly_digest" name="test_digest_idempotent_upsert_by_week_key" time="0.001" /><testcase classname="tests.test_weekly_digest" name="test_digest_rejects_invalid_week_of" time="0.001" /><testcase classname="tests.test_weekly_digest" name="test_get_latest_returns_most_recent_week" time="0.001" /><testcase classname="tests.test_weekly_digest" name="test_list_digests_returns_newest_first_and_clamps_limit" time="0.001" /><testcase classname="tests.test_u6_so_telemetry" name="test_approve_suggestion_emits_unified_event" time="0.001" /><testcase classname="tests.test_u6_so_telemetry" name="test_reject_suggestion_emits_unified_event" time="0.001" /><testcase classname="tests.test_u6_so_telemetry" name="test_invalid_transition_does_not_emit_event" time="0.000" /></testsuite></testsuites>