<?xml version="1.0" encoding="utf-8"?><testsuites name="pytest tests"><testsuite name="pytest" errors="0" failures="0" skipped="0" tests="15" time="15.150" timestamp="2026-03-15T19:07:33.327927+00:00" hostname="agent-env-74c71e5c-d074-441f-8b92-a2ac26008df9"><testcase classname="tests.test_doc_handler_extraction.TestDocumentRouteAvailability" name="test_upload_accepts_post" time="0.126" /><testcase classname="tests.test_doc_handler_extraction.TestDocumentRouteAvailability" name="test_retry_accepts_post" time="0.140" /><testcase classname="tests.test_doc_handler_extraction.TestDocumentRouteAvailability" name="test_resubmit_accepts_post" time="0.126" /><testcase classname="tests.test_doc_handler_extraction.TestDocumentRouteAvailability" name="test_link_accepts_post" time="0.147" /><testcase classname="tests.test_doc_handler_extraction.TestDocumentRouteAvailability" name="test_intake_accepts_post" time="0.122" /><testcase classname="tests.test_doc_handler_extraction.TestDocumentRouteAvailability" name="test_classify_accepts_post" time="0.178" /><testcase classname="tests.test_doc_handler_extraction.TestDocumentRouteAvailability" name="test_resolve_accepts_post" time="0.142" /><testcase classname="tests.test_doc_handler_extraction.TestDocumentRouteAvailability" name="test_reprocess_accepts_post" time="0.172" /><testcase classname="tests.test_doc_handler_extraction.TestDocumentRouteAvailability" name="test_batch_revalidate_accepts_post" time="6.573" /><testcase classname="tests.test_doc_handler_extraction.TestDocumentRouteAvailability" name="test_preview_post_accepts_post" time="0.165" /><testcase classname="tests.test_doc_handler_extraction.TestDocumentRouteResponses" name="test_batch_revalidate_returns_result_shape" time="6.416" /><testcase classname="tests.test_doc_handler_extraction.TestDocumentRouteResponses" name="test_documents_list_still_works" time="0.194" /><testcase classname="tests.test_doc_handler_extraction.TestRouterDecoupling" name="test_document_handlers_module_exists" time="0.234" /><testcase classname="tests.test_doc_handler_extraction.TestRouterDecoupling" name="test_pydantic_models_in_handlers" time="0.000" /><testcase classname="tests.test_doc_handler_extraction.TestRouteCountStable" name="test_count" time="0.357" /></testsuite></testsuites>