<?xml version="1.0" encoding="utf-8"?><testsuites name="pytest tests"><testsuite name="pytest" errors="0" failures="0" skipped="0" tests="28" time="0.115" timestamp="2026-03-16T00:41:22.719771+00:00" hostname="agent-env-6ee5c9ad-67e1-4f3c-9bb0-9df7866496ab"><testcase classname="tests.test_document_routing.TestScoreConfidence" name="test_high_confidence" time="0.000" /><testcase classname="tests.test_document_routing.TestScoreConfidence" name="test_moderate_confidence" time="0.000" /><testcase classname="tests.test_document_routing.TestScoreConfidence" name="test_low_confidence" time="0.000" /><testcase classname="tests.test_document_routing.TestScoreConfidence" name="test_very_low_confidence" time="0.000" /><testcase classname="tests.test_document_routing.TestScoreRequiredFields" name="test_all_present" time="0.001" /><testcase classname="tests.test_document_routing.TestScoreRequiredFields" name="test_some_missing" time="0.000" /><testcase classname="tests.test_document_routing.TestScoreRequiredFields" name="test_all_missing" time="0.000" /><testcase classname="tests.test_document_routing.TestScoreRequiredFields" name="test_unknown_type_defaults" time="0.000" /><testcase classname="tests.test_document_routing.TestScoreValidation" name="test_all_passed" time="0.000" /><testcase classname="tests.test_document_routing.TestScoreValidation" name="test_failed_required" time="0.000" /><testcase classname="tests.test_document_routing.TestScoreValidation" name="test_no_validation" time="0.000" /><testcase classname="tests.test_document_routing.TestScoreDuplicates" name="test_no_duplicate" time="0.000" /><testcase classname="tests.test_document_routing.TestScoreDuplicates" name="test_is_duplicate" time="0.000" /><testcase classname="tests.test_document_routing.TestScoreEntityResolution" name="test_vendor_resolved" time="0.000" /><testcase classname="tests.test_document_routing.TestScoreEntityResolution" name="test_both_resolved" time="0.000" /><testcase classname="tests.test_document_routing.TestScoreEntityResolution" name="test_none_resolved" time="0.000" /><testcase classname="tests.test_document_routing.TestScoreOptionalFields" name="test_all_optional_present" time="0.000" /><testcase classname="tests.test_document_routing.TestScoreOptionalFields" name="test_some_optional" time="0.000" /><testcase classname="tests.test_document_routing.TestEvaluateRouting" name="test_high_quality_doc_auto_process" time="0.000" /><testcase classname="tests.test_document_routing.TestEvaluateRouting" name="test_moderate_quality_review" time="0.000" /><testcase classname="tests.test_document_routing.TestEvaluateRouting" name="test_low_quality_blocked" time="0.000" /><testcase classname="tests.test_document_routing.TestEvaluateRouting" name="test_duplicate_penalty" time="0.000" /><testcase classname="tests.test_document_routing.TestEvaluateRouting" name="test_intelligence_overrides_doc" time="0.000" /><testcase classname="tests.test_document_routing.TestEvaluateRouting" name="test_reasons_list_populated" time="0.000" /><testcase classname="tests.test_document_routing.TestEvaluateRouting" name="test_score_clamped_to_100" time="0.000" /><testcase classname="tests.test_document_routing.TestEvaluateRouting" name="test_score_clamped_to_0" time="0.000" /><testcase classname="tests.test_document_routing.TestRouteDocument" name="test_route_document_persists" time="0.079" /><testcase classname="tests.test_document_routing.TestRouteDocument" name="test_route_document_not_found" time="0.002" /></testsuite></testsuites>