<?xml version="1.0" encoding="utf-8"?><testsuites name="pytest tests"><testsuite name="pytest" errors="0" failures="0" skipped="0" tests="24" time="2.235" timestamp="2026-03-15T03:08:57.468470+00:00" hostname="agent-env-70deb5ab-80d6-4c12-815a-309f3a37ce8d"><testcase classname="backend.tests.test_document_bundles.TestBundleListAndFilter" name="test_list_bundles_returns_expected_structure" time="0.193" /><testcase classname="backend.tests.test_document_bundles.TestBundleListAndFilter" name="test_list_bundles_filter_by_status" time="0.064" /><testcase classname="backend.tests.test_document_bundles.TestBundleListAndFilter" name="test_list_bundles_filter_by_type" time="0.063" /><testcase classname="backend.tests.test_document_bundles.TestBundleListAndFilter" name="test_list_bundles_filter_by_completeness" time="0.068" /><testcase classname="backend.tests.test_document_bundles.TestBundleDetail" name="test_get_bundle_detail_existing" time="0.060" /><testcase classname="backend.tests.test_document_bundles.TestBundleDetail" name="test_get_bundle_detail_not_found" time="0.073" /><testcase classname="backend.tests.test_document_bundles.TestBundleDetection" name="test_detect_bundles_default" time="0.077" /><testcase classname="backend.tests.test_document_bundles.TestBundleDetection" name="test_detect_bundles_with_specific_ids" time="0.059" /><testcase classname="backend.tests.test_document_bundles.TestBundleDetection" name="test_detect_bundles_with_days_back" time="0.062" /><testcase classname="backend.tests.test_document_bundles.TestBundleUpdate" name="test_update_bundle_type" time="0.189" /><testcase classname="backend.tests.test_document_bundles.TestBundleUpdate" name="test_update_bundle_status" time="0.179" /><testcase classname="backend.tests.test_document_bundles.TestBundleUpdate" name="test_update_bundle_notes" time="0.069" /><testcase classname="backend.tests.test_document_bundles.TestBundleUpdate" name="test_update_bundle_not_found" time="0.063" /><testcase classname="backend.tests.test_document_bundles.TestBundleReviewQueue" name="test_bundle_review_queue_returns_structure" time="0.074" /><testcase classname="backend.tests.test_document_bundles.TestBundleCompleteness" name="test_bundle_completeness_fields" time="0.058" /><testcase classname="backend.tests.test_document_bundles.TestDocumentEnrichment" name="test_document_has_bundle_info" time="0.090" /><testcase classname="backend.tests.test_document_bundles.TestIterationRegressions" name="test_regression_process_endpoint" time="0.256" /><testcase classname="backend.tests.test_document_bundles.TestIterationRegressions" name="test_regression_review_queue" time="0.060" /><testcase classname="backend.tests.test_document_bundles.TestIterationRegressions" name="test_regression_match_transactions" time="0.058" /><testcase classname="backend.tests.test_document_bundles.TestIterationRegressions" name="test_regression_resolve_entities" time="0.073" /><testcase classname="backend.tests.test_document_bundles.TestIterationRegressions" name="test_regression_auto_draft" time="0.068" /><testcase classname="backend.tests.test_document_bundles.TestIterationRegressions" name="test_regression_auto_link" time="0.058" /><testcase classname="backend.tests.test_document_bundles.TestBundleGroupingLogic" name="test_existing_bundle_grouping_basis" time="0.062" /><testcase classname="backend.tests.test_document_bundles.TestActivityEvents" name="test_bundle_update_creates_activity" time="0.060" /></testsuite></testsuites>