<?xml version="1.0" encoding="utf-8"?><testsuites name="pytest tests"><testsuite name="pytest" errors="0" failures="0" skipped="0" tests="16" time="24.362" timestamp="2026-03-18T13:42:55.241781+00:00" hostname="agent-env-9fad82e2-7a63-4d7a-a64a-a2dad85b1a60"><testcase classname="backend.tests.test_document_intelligence_p0_fix.TestHealth" name="test_backend_health" time="0.253" /><testcase classname="backend.tests.test_document_intelligence_p0_fix.TestDocumentList" name="test_documents_list_returns_data" time="0.146" /><testcase classname="backend.tests.test_document_intelligence_p0_fix.TestDocumentList" name="test_documents_list_counts_accurate" time="0.184" /><testcase classname="backend.tests.test_document_intelligence_p0_fix.TestDocumentIntelligenceProcess" name="test_process_document_with_file" time="4.266" /><testcase classname="backend.tests.test_document_intelligence_p0_fix.TestDocumentIntelligenceProcess" name="test_process_document_without_file_graceful_fallback" time="0.273" /><testcase classname="backend.tests.test_document_intelligence_p0_fix.TestDocumentIntelligenceProcess" name="test_process_nonexistent_document_returns_error" time="0.131" /><testcase classname="backend.tests.test_document_intelligence_p0_fix.TestDocumentIntelligenceProcess" name="test_extracted_fields_have_meaningful_data" time="2.626" /><testcase classname="backend.tests.test_document_intelligence_p0_fix.TestDocumentReprocess" name="test_reprocess_without_reclassify" time="0.294" /><testcase classname="backend.tests.test_document_intelligence_p0_fix.TestDocumentReprocess" name="test_reprocess_with_reclassify_true" time="2.656" /><testcase classname="backend.tests.test_document_intelligence_p0_fix.TestDocumentReprocess" name="test_reprocess_idempotent_for_linked_documents" time="0.139" /><testcase classname="backend.tests.test_document_intelligence_p0_fix.TestHeuristicPlusLLMExtraction" name="test_intelligence_result_has_model_info" time="2.730" /><testcase classname="backend.tests.test_document_intelligence_p0_fix.TestHeuristicPlusLLMExtraction" name="test_extraction_schema_present" time="2.915" /><testcase classname="backend.tests.test_document_intelligence_p0_fix.TestAutomationReadiness" name="test_automation_readiness_computed" time="2.737" /><testcase classname="backend.tests.test_document_intelligence_p0_fix.TestDocumentDetailAPI" name="test_get_document_detail" time="0.109" /><testcase classname="backend.tests.test_document_intelligence_p0_fix.TestDocumentDetailAPI" name="test_get_nonexistent_document" time="0.109" /><testcase classname="backend.tests.test_document_intelligence_p0_fix.TestEndToEndWorkflow" name="test_process_then_verify_document_updated" time="4.657" /></testsuite></testsuites>