<?xml version="1.0" encoding="utf-8"?><testsuites name="pytest tests"><testsuite name="pytest" errors="0" failures="0" skipped="0" tests="10" time="1.678" timestamp="2026-03-16T00:43:36.038138+00:00" hostname="agent-env-6ee5c9ad-67e1-4f3c-9bb0-9df7866496ab"><testcase classname="tests.test_document_routing_api.TestRoutingSummaryEndpoint" name="test_routing_summary_returns_200" time="0.218" /><testcase classname="tests.test_document_routing_api.TestRoutingSummaryEndpoint" name="test_routing_summary_has_status_counts" time="0.127" /><testcase classname="tests.test_document_routing_api.TestDashboardStatsRoutingSummary" name="test_stats_includes_routing_summary" time="0.116" /><testcase classname="tests.test_document_routing_api.TestDashboardStatsRoutingSummary" name="test_stats_routing_summary_structure" time="0.130" /><testcase classname="tests.test_document_routing_api.TestWorkflowIntelligenceRoutingSummary" name="test_workflow_intelligence_includes_routing_summary" time="0.175" /><testcase classname="tests.test_document_routing_api.TestWorkflowIntelligenceRoutingSummary" name="test_workflow_intelligence_routing_structure" time="0.137" /><testcase classname="tests.test_document_routing_api.TestRouteSingleDocument" name="test_route_nonexistent_document_returns_404" time="0.163" /><testcase classname="tests.test_document_routing_api.TestRouteSingleDocument" name="test_route_existing_document_returns_routing_result" time="0.252" /><testcase classname="tests.test_document_routing_api.TestRouteBatch" name="test_route_batch_returns_counts" time="0.130" /><testcase classname="tests.test_document_routing_api.TestRoutingScoreThresholds" name="test_auto_process_threshold_is_75" time="0.165" /></testsuite></testsuites>