<?xml version="1.0" encoding="utf-8"?><testsuites name="pytest tests"><testsuite name="pytest" errors="0" failures="0" skipped="0" tests="24" time="3.013" timestamp="2026-03-15T03:35:03.082621+00:00" hostname="agent-env-70deb5ab-80d6-4c12-815a-309f3a37ce8d"><testcase classname="tests.test_document_lifecycle.TestLifecycleEndpointsBasic" name="test_lifecycle_issues_endpoint_exists" time="0.362" /><testcase classname="tests.test_document_lifecycle.TestLifecycleEndpointsBasic" name="test_lifecycle_issues_with_filters" time="0.255" /><testcase classname="tests.test_document_lifecycle.TestLifecycleEndpointsBasic" name="test_validate_lifecycle_existing_bundle" time="0.090" /><testcase classname="tests.test_document_lifecycle.TestLifecycleEndpointsBasic" name="test_get_lifecycle_existing_bundle" time="0.076" /><testcase classname="tests.test_document_lifecycle.TestLifecycleEndpointsBasic" name="test_get_lifecycle_nonexistent_returns_404" time="0.092" /><testcase classname="tests.test_document_lifecycle.TestLifecycleStageDetection" name="test_sales_order_flow_stages" time="0.072" /><testcase classname="tests.test_document_lifecycle.TestLifecycleStageDetection" name="test_lifecycle_templates_mapping" time="0.153" /><testcase classname="tests.test_document_lifecycle.TestLifecycleValidationStatuses" name="test_valid_status_for_complete_bundle" time="0.075" /><testcase classname="tests.test_document_lifecycle.TestLifecycleValidationStatuses" name="test_recommended_action_valid" time="0.089" /><testcase classname="tests.test_document_lifecycle.TestLifecycleIssuesFiltering" name="test_issues_excludes_valid_status" time="0.076" /><testcase classname="tests.test_document_lifecycle.TestLifecycleIssuesFiltering" name="test_status_counts_includes_all" time="0.071" /><testcase classname="tests.test_document_lifecycle.TestBundleEnrichment" name="test_bundle_gets_lifecycle_fields" time="0.140" /><testcase classname="tests.test_document_lifecycle.TestDocumentEnrichment" name="test_intel_results_get_lifecycle_fields" time="0.150" /><testcase classname="tests.test_document_lifecycle.TestActivityEvents" name="test_lifecycle_validated_event_created" time="0.148" /><testcase classname="tests.test_document_lifecycle.TestRegressionIteration98" name="test_detect_bundles_still_works" time="0.065" /><testcase classname="tests.test_document_lifecycle.TestRegressionIteration98" name="test_list_bundles_still_works" time="0.076" /><testcase classname="tests.test_document_lifecycle.TestRegressionIteration98" name="test_get_bundle_detail_still_works" time="0.068" /><testcase classname="tests.test_document_lifecycle.TestRegressionIteration98" name="test_bundle_review_queue_still_works" time="0.067" /><testcase classname="tests.test_document_lifecycle.TestRegressionIteration97" name="test_process_document_still_works" time="0.262" /><testcase classname="tests.test_document_lifecycle.TestRegressionIteration97" name="test_review_queue_still_works" time="0.066" /><testcase classname="tests.test_document_lifecycle.TestRegressionIteration97" name="test_match_transactions_still_works" time="0.200" /><testcase classname="tests.test_document_lifecycle.TestRegressionIteration97" name="test_resolve_entities_still_works" time="0.065" /><testcase classname="tests.test_document_lifecycle.TestRegressionIteration97" name="test_auto_draft_still_works" time="0.070" /><testcase classname="tests.test_document_lifecycle.TestLifecycleSeededScenarios" name="test_validate_lifecycle_empty_entity" time="0.071" /></testsuite></testsuites>