<?xml version="1.0" encoding="utf-8"?><testsuites name="pytest tests"><testsuite name="pytest" errors="0" failures="0" skipped="0" tests="56" time="3.256" timestamp="2026-04-18T23:40:28.172660+00:00" hostname="agent-env-0e92143f-c429-4740-9a53-c97fef13d871"><testcase classname="tests.test_drift_and_fingerprint" name="test_drift_scan_fires_reject_spike" time="0.073" /><testcase classname="tests.test_drift_and_fingerprint" name="test_drift_alerts_are_idempotent" time="0.001" /><testcase classname="tests.test_drift_and_fingerprint" name="test_drift_alerts_no_spurious_fires_when_below_threshold" time="0.001" /><testcase classname="tests.test_drift_and_fingerprint" name="test_acknowledge_alert_moves_to_acknowledged" time="0.001" /><testcase classname="tests.test_drift_and_fingerprint" name="test_build_fingerprint_customer_from_patterns" time="0.001" /><testcase classname="tests.test_drift_and_fingerprint" name="test_build_fingerprint_vendor_from_posting_profile" time="0.001" /><testcase classname="tests.test_drift_and_fingerprint" name="test_find_similar_shared_math" time="0.001" /><testcase classname="tests.test_drift_and_fingerprint" name="test_fingerprint_invalidate_ages_timestamp" time="0.000" /><testcase classname="tests.test_drift_and_fingerprint" name="test_fingerprint_rejects_unknown_scope_type" time="0.000" /><testcase classname="tests.test_learning_core_events" name="test_record_event_happy_path" time="0.000" /><testcase classname="tests.test_learning_core_events" name="test_record_event_coerces_unknown_domain_to_generic" time="0.001" /><testcase classname="tests.test_learning_core_events" name="test_list_events_filters_by_domain" time="0.000" /><testcase classname="tests.test_learning_core_events" name="test_get_domain_summary_shape" time="0.000" /><testcase classname="tests.test_learning_core_events" name="test_intake_feedback_dual_writes_to_learning_core" time="0.001" /><testcase classname="tests.test_cold_start_matcher" name="test_tokenize_preserves_sku_style" time="0.000" /><testcase classname="tests.test_cold_start_matcher" name="test_tokenize_drops_pure_numbers_and_short_tokens" time="0.000" /><testcase classname="tests.test_cold_start_matcher" name="test_build_fingerprint_counts_tokens" time="0.001" /><testcase classname="tests.test_cold_start_matcher" name="test_find_similar_returns_best_peer" time="0.001" /><testcase classname="tests.test_cold_start_matcher" name="test_find_similar_excludes_target" time="0.001" /><testcase classname="tests.test_cold_start_matcher" name="test_find_similar_no_fingerprints_returns_empty" time="0.000" /><testcase classname="tests.test_cold_start_matcher" name="test_find_similar_short_query_returns_empty" time="0.000" /><testcase classname="tests.test_cold_start_matcher" name="test_promote_creates_new_pattern_for_cold_customer" time="0.001" /><testcase classname="tests.test_cold_start_matcher" name="test_promote_returns_already_present_on_duplicate" time="0.000" /><testcase classname="tests.test_intake_learning_feedback" name="test_unknown_event_type_returns_error" time="0.000" /><testcase classname="tests.test_intake_learning_feedback" name="test_accept_bumps_occurrences_and_trust_at_90" time="0.000" /><testcase classname="tests.test_intake_learning_feedback" name="test_reject_retires_after_threshold" time="0.000" /><testcase classname="tests.test_intake_learning_feedback" name="test_bounds_override_widens_std_dev" time="0.000" /><testcase classname="tests.test_intake_learning_feedback" name="test_unmatched_item_confirmed_new_creates_candidate" time="0.000" /><testcase classname="tests.test_intake_learning_feedback" name="test_unmatched_item_mapped_saves_alias" time="0.000" /><testcase classname="tests.test_intake_learning_feedback" name="test_get_pattern_health_shape" time="0.000" /><testcase classname="tests.test_intake_learning_feedback" name="test_run_pattern_hygiene_retires_and_promotes" time="0.000" /><testcase classname="tests.test_sales_intake_learning" name="test_intake_learning_giovanni_happy_path" time="0.007" /><testcase classname="tests.test_sales_intake_learning" name="test_intake_learning_cold_start_with_customer_name_only" time="0.002" /><testcase classname="tests.test_sales_intake_learning" name="test_intake_learning_skipped_for_non_scope_doc" time="0.003" /><testcase classname="tests.test_sales_intake_learning" name="test_sales_invoice_is_in_scope" time="0.002" /><testcase classname="tests.test_sales_intake_learning" name="test_xls_staging_intake_learning_cold_start" time="0.005" /><testcase classname="tests.test_sales_intake_learning" name="test_summary_shape_keys" time="0.001" /><testcase classname="tests.test_sales_intake_learning" name="test_refresh_active_customers_no_activity" time="0.001" /><testcase classname="tests.test_sales_intake_learning" name="test_refresh_active_customers_single_customer" time="0.001" /><testcase classname="tests.test_sales_intake_learning" name="test_refresh_customer_after_bc_write_happy_path" time="0.001" /><testcase classname="tests.test_sales_intake_learning" name="test_refresh_customer_after_bc_write_empty_customer_skipped" time="0.000" /><testcase classname="tests.test_sales_intake_learning" name="test_refresh_customer_after_bc_write_swallows_errors" time="0.001" /><testcase classname="tests.test_drift_fingerprint_api.TestDriftScanAPI" name="test_drift_scan_returns_expected_shape" time="0.135" /><testcase classname="tests.test_drift_fingerprint_api.TestDriftScanIdempotency" name="test_drift_scan_idempotent_single_alert" time="0.973" /><testcase classname="tests.test_drift_fingerprint_api.TestDriftAlertsAPI" name="test_drift_alerts_returns_expected_shape" time="0.130" /><testcase classname="tests.test_drift_fingerprint_api.TestDriftAlertsAPI" name="test_drift_alerts_status_filter" time="0.534" /><testcase classname="tests.test_drift_fingerprint_api.TestDriftSummaryAPI" name="test_drift_summary_returns_expected_shape" time="0.104" /><testcase classname="tests.test_drift_fingerprint_api.TestDriftAlertLifecycle" name="test_acknowledge_nonexistent_alert_returns_404" time="0.121" /><testcase classname="tests.test_drift_fingerprint_api.TestDriftAlertLifecycle" name="test_resolve_nonexistent_alert_returns_404" time="0.127" /><testcase classname="tests.test_drift_fingerprint_api.TestFingerprintRebuildAPI" name="test_fingerprint_rebuild_customer" time="0.109" /><testcase classname="tests.test_drift_fingerprint_api.TestFingerprintRebuildAPI" name="test_fingerprint_rebuild_vendor" time="0.117" /><testcase classname="tests.test_drift_fingerprint_api.TestFingerprintSimilarAPI" name="test_fingerprint_similar_customer" time="0.149" /><testcase classname="tests.test_drift_fingerprint_api.TestFingerprintSimilarAPI" name="test_fingerprint_similar_missing_scope_value_returns_400" time="0.131" /><testcase classname="tests.test_drift_fingerprint_api.TestRegressionPromoteInherited" name="test_promote_inherited_still_works" time="0.114" /><testcase classname="tests.test_drift_fingerprint_api.TestRegressionFeedback" name="test_feedback_records_to_both_collections" time="0.106" /><testcase classname="tests.test_drift_fingerprint_api.TestDataHygieneCleanup" name="test_cleanup_test_data" time="0.117" /></testsuite></testsuites>