<?xml version="1.0" encoding="utf-8"?><testsuites name="pytest tests"><testsuite name="pytest" errors="0" failures="0" skipped="0" tests="15" time="6.120" timestamp="2026-03-14T20:15:44.320448+00:00" hostname="agent-env-359b696f-4c17-44e7-9308-477f2f017d31"><testcase classname="backend.tests.test_drop_ship_po_workflow.TestDropShipPOWorkflow" name="test_generate_drop_ship_po_draft_success" time="0.306" /><testcase classname="backend.tests.test_drop_ship_po_workflow.TestDropShipPOWorkflow" name="test_generate_drop_ship_po_draft_rejects_warehouse_so" time="0.252" /><testcase classname="backend.tests.test_drop_ship_po_workflow.TestDropShipPOWorkflow" name="test_list_drop_ship_po_drafts" time="0.340" /><testcase classname="backend.tests.test_drop_ship_po_workflow.TestDropShipPOWorkflow" name="test_drop_ship_po_draft_excluded_from_incoming_supply" time="0.357" /><testcase classname="backend.tests.test_drop_ship_po_workflow.TestDropShipPOWorkflow" name="test_bc_response_for_drop_ship_draft" time="0.514" /><testcase classname="backend.tests.test_drop_ship_po_workflow.TestDropShipPOWorkflow" name="test_drop_ship_vendor_shipment_success" time="0.224" /><testcase classname="backend.tests.test_drop_ship_po_workflow.TestDropShipPOWorkflow" name="test_drop_ship_vendor_shipment_rejects_warehouse_so" time="0.237" /><testcase classname="backend.tests.test_drop_ship_po_workflow.TestDropShipPOWorkflow" name="test_drop_ship_vendor_shipment_validates_linked_po_draft" time="0.797" /><testcase classname="backend.tests.test_drop_ship_po_workflow.TestDropShipPOWorkflow" name="test_list_vendor_shipment_logs" time="0.335" /><testcase classname="backend.tests.test_drop_ship_po_workflow.TestDropShipPOWorkflow" name="test_bc_invoice_for_drop_ship_after_vendor_shipment" time="0.327" /><testcase classname="backend.tests.test_drop_ship_po_workflow.TestDropShipPOWorkflow" name="test_bc_invoice_for_drop_ship_without_shipment_fails" time="0.363" /><testcase classname="backend.tests.test_drop_ship_po_workflow.TestDropShipPOWorkflow" name="test_summary_shows_drop_ship_enrichment" time="0.375" /><testcase classname="backend.tests.test_drop_ship_po_workflow.TestDropShipPOWorkflow" name="test_summary_operational_status_workflow" time="1.062" /><testcase classname="backend.tests.test_drop_ship_po_workflow.TestDropShipPOWorkflow" name="test_reconcile_rejects_drop_ship_so" time="0.212" /><testcase classname="backend.tests.test_drop_ship_po_workflow.TestDropShipPODraftIsolation" name="test_warehouse_po_draft_still_works" time="0.317" /></testsuite></testsuites>