<?xml version="1.0" encoding="utf-8"?><testsuites name="pytest tests"><testsuite name="pytest" errors="0" failures="0" skipped="0" tests="6" time="4.262" timestamp="2026-03-25T18:34:18.882838+00:00" hostname="agent-env-03b035e5-0b60-4783-b298-8457b64af89b"><testcase classname="backend.tests.test_dunnage_recalculation.TestDunnageRecalculation" name="test_preflight_returns_qty_ratio_and_trigger_item" time="3.481" /><testcase classname="backend.tests.test_dunnage_recalculation.TestDunnageRecalculation" name="test_suggested_quantities_correct_for_62M_qty" time="0.125" /><testcase classname="backend.tests.test_dunnage_recalculation.TestDunnageRecalculation" name="test_suggested_quantities_correct_for_43M_qty" time="0.127" /><testcase classname="backend.tests.test_dunnage_recalculation.TestDunnageRecalculation" name="test_comment_lines_have_no_qty_ratio" time="0.113" /><testcase classname="backend.tests.test_dunnage_recalculation.TestDunnageRecalculation" name="test_recalculation_formula_accuracy" time="0.139" /><testcase classname="backend.tests.test_dunnage_recalculation.TestPreflightQtyRatioFields" name="test_preflight_returns_fixed_qty_for_fixed_quantity_items" time="0.119" /></testsuite></testsuites>