<?xml version="1.0" encoding="utf-8"?><testsuites name="pytest tests"><testsuite name="pytest" errors="0" failures="0" skipped="0" tests="16" time="2.486" timestamp="2026-03-15T02:20:26.835326+00:00" hostname="agent-env-a3c29da2-1a71-489c-82ad-357b7d4c6a07"><testcase classname="backend.tests.test_entity_resolution.TestResolveEntitiesEndpoint" name="test_resolve_entities_404_no_intelligence_result" time="0.130" /><testcase classname="backend.tests.test_entity_resolution.TestResolveEntitiesEndpoint" name="test_resolve_entities_returns_resolutions_and_summary" time="0.126" /><testcase classname="backend.tests.test_entity_resolution.TestGetResolutionsEndpoint" name="test_get_resolutions_returns_all_stored" time="0.109" /><testcase classname="backend.tests.test_entity_resolution.TestGetResolutionsEndpoint" name="test_get_resolutions_empty_for_unprocessed_document" time="0.106" /><testcase classname="backend.tests.test_entity_resolution.TestCorrectResolutionEndpoint" name="test_correct_resolution_404_for_non_existent" time="0.132" /><testcase classname="backend.tests.test_entity_resolution.TestCorrectResolutionEndpoint" name="test_correct_resolution_preserves_original" time="0.170" /><testcase classname="backend.tests.test_entity_resolution.TestEntityResolutionEnrichment" name="test_intelligence_result_has_entity_resolution_fields" time="0.137" /><testcase classname="backend.tests.test_entity_resolution.TestAutoDraftGating" name="test_auto_draft_blocked_by_unresolved_entities" time="0.111" /><testcase classname="backend.tests.test_entity_resolution.TestReviewQueueEntityResolution" name="test_review_queue_has_entity_resolution_fields" time="0.113" /><testcase classname="backend.tests.test_entity_resolution.TestResolutionStatuses" name="test_resolution_status_values" time="0.402" /><testcase classname="backend.tests.test_entity_resolution.TestConfidenceThresholds" name="test_confidence_values_in_range" time="0.120" /><testcase classname="backend.tests.test_entity_resolution.TestCandidateMatches" name="test_ambiguous_has_multiple_candidates" time="0.102" /><testcase classname="backend.tests.test_entity_resolution.TestPreviousIterationCompatibility" name="test_auto_draft_endpoint_still_works" time="0.114" /><testcase classname="backend.tests.test_entity_resolution.TestPreviousIterationCompatibility" name="test_process_endpoint_still_works" time="0.297" /><testcase classname="backend.tests.test_entity_resolution.TestPreviousIterationCompatibility" name="test_review_queue_still_works" time="0.127" /><testcase classname="backend.tests.test_entity_resolution.TestPreviousIterationCompatibility" name="test_summary_endpoint_still_works" time="0.097" /></testsuite></testsuites>