<?xml version="1.0" encoding="utf-8"?><testsuites name="pytest tests"><testsuite name="pytest" errors="0" failures="0" skipped="0" tests="22" time="4.047" timestamp="2026-03-14T22:33:21.643322+00:00" hostname="agent-env-5293d859-3f09-4b3f-99d3-237d5debf9ac"><testcase classname="backend.tests.test_escalation_feature.TestEscalationCRUD" name="test_create_escalation_for_sales_order_due_in_future" time="0.355" /><testcase classname="backend.tests.test_escalation_feature.TestEscalationCRUD" name="test_create_escalation_due_soon" time="0.068" /><testcase classname="backend.tests.test_escalation_feature.TestEscalationCRUD" name="test_create_escalation_overdue" time="0.072" /><testcase classname="backend.tests.test_escalation_feature.TestEscalationCRUD" name="test_create_escalation_invalid_entity_type" time="0.072" /><testcase classname="backend.tests.test_escalation_feature.TestEscalationCRUD" name="test_create_escalation_po_draft_not_found" time="0.066" /><testcase classname="backend.tests.test_escalation_feature.TestEscalationCRUD" name="test_list_escalations" time="0.086" /><testcase classname="backend.tests.test_escalation_feature.TestEscalationCRUD" name="test_list_escalations_filtered_by_entity_type" time="0.067" /><testcase classname="backend.tests.test_escalation_feature.TestEscalationCRUD" name="test_list_escalations_filtered_by_entity_id" time="0.124" /><testcase classname="backend.tests.test_escalation_feature.TestEscalationUpdate" name="test_update_escalation_due_date" time="0.126" /><testcase classname="backend.tests.test_escalation_feature.TestEscalationUpdate" name="test_manual_escalation" time="0.128" /><testcase classname="backend.tests.test_escalation_feature.TestEscalationUpdate" name="test_update_nonexistent_escalation" time="0.064" /><testcase classname="backend.tests.test_escalation_feature.TestEscalationUpdate" name="test_update_invalid_escalation_status" time="0.126" /><testcase classname="backend.tests.test_escalation_feature.TestOperationsQueueEscalationEnrichment" name="test_operations_queue_has_escalation_fields" time="0.400" /><testcase classname="backend.tests.test_escalation_feature.TestOperationsQueueEscalationEnrichment" name="test_operations_queue_filter_by_escalation_overdue" time="0.346" /><testcase classname="backend.tests.test_escalation_feature.TestOperationsQueueEscalationEnrichment" name="test_operations_queue_filter_by_escalation_due_soon" time="0.378" /><testcase classname="backend.tests.test_escalation_feature.TestPriorityScoreEscalationBoost" name="test_priority_boosted_by_escalation" time="0.432" /><testcase classname="backend.tests.test_escalation_feature.TestDerivedStatusLogic" name="test_due_date_today_is_due_soon" time="0.064" /><testcase classname="backend.tests.test_escalation_feature.TestDerivedStatusLogic" name="test_due_date_exactly_3_days_is_due_soon" time="0.061" /><testcase classname="backend.tests.test_escalation_feature.TestDerivedStatusLogic" name="test_due_date_4_days_is_on_track" time="0.060" /><testcase classname="backend.tests.test_escalation_feature.TestDerivedStatusLogic" name="test_escalated_status_preserved_even_with_future_date" time="0.200" /><testcase classname="backend.tests.test_escalation_feature.TestEscalationEnrichmentInSOAndPODetail" name="test_so_summary_includes_escalation" time="0.453" /><testcase classname="backend.tests.test_escalation_feature.TestEscalationEnrichmentInSOAndPODetail" name="test_po_draft_detail_includes_escalation" time="0.159" /></testsuite></testsuites>