<?xml version="1.0" encoding="utf-8"?><testsuites name="pytest tests"><testsuite name="pytest" errors="0" failures="0" skipped="0" tests="12" time="1.727" timestamp="2026-04-04T01:34:25.503691+00:00" hostname="agent-env-7ca97e79-6a64-4f2a-9a85-0ccdf4b69a30"><testcase classname="backend.tests.test_feedback_loop.TestHealthCheck" name="test_health_endpoint" time="0.236" /><testcase classname="backend.tests.test_feedback_loop.TestSyncFromBCEndpoint" name="test_sync_from_bc_nonexistent_doc" time="0.107" /><testcase classname="backend.tests.test_feedback_loop.TestSyncAllEndpoint" name="test_sync_all_returns_valid_structure" time="0.109" /><testcase classname="backend.tests.test_feedback_loop.TestFeedbackEndpoint" name="test_feedback_nonexistent_doc" time="0.119" /><testcase classname="backend.tests.test_feedback_loop.TestReviewQueueSummary" name="test_review_queue_returns_correct_structure" time="0.113" /><testcase classname="backend.tests.test_feedback_loop.TestApproveEndpoint" name="test_approve_nonexistent_doc" time="0.140" /><testcase classname="backend.tests.test_feedback_loop.TestCorrectEndpoint" name="test_correct_nonexistent_doc" time="0.122" /><testcase classname="backend.tests.test_feedback_loop.TestReviewQueueFilters" name="test_filter_pending" time="0.171" /><testcase classname="backend.tests.test_feedback_loop.TestReviewQueueFilters" name="test_filter_approved" time="0.124" /><testcase classname="backend.tests.test_feedback_loop.TestReviewQueueFilters" name="test_filter_corrected" time="0.150" /><testcase classname="backend.tests.test_feedback_loop.TestReviewQueueFilters" name="test_filter_all" time="0.149" /><testcase classname="backend.tests.test_feedback_loop.TestLearningDashboard" name="test_learning_dashboard_returns_valid_data" time="0.102" /></testsuite></testsuites>