<?xml version="1.0" encoding="utf-8"?><testsuites name="pytest tests"><testsuite name="pytest" errors="0" failures="0" skipped="0" tests="19" time="3.271" timestamp="2026-03-10T21:08:29.943880+00:00" hostname="agent-env-3f64ae72-51ed-4c72-b529-ea796f6eb3a4"><testcase classname="tests.test_freight_gl_routing.TestFreightGLAccounts" name="test_list_freight_gl_accounts" time="0.153" /><testcase classname="tests.test_freight_gl_routing.TestFreightGLAccounts" name="test_get_single_account_gl_inbound_raw" time="0.120" /><testcase classname="tests.test_freight_gl_routing.TestFreightGLAccounts" name="test_get_nonexistent_account_returns_404" time="0.112" /><testcase classname="tests.test_freight_gl_routing.TestFreightGLAccounts" name="test_create_new_gl_account" time="0.174" /><testcase classname="tests.test_freight_gl_routing.TestFreightGLAccounts" name="test_update_gl_account" time="0.229" /><testcase classname="tests.test_freight_gl_routing.TestFreightGLAccounts" name="test_delete_gl_account" time="0.246" /><testcase classname="tests.test_freight_gl_routing.TestFreightClassification" name="test_classify_tumalo_creek_freight_carrier" time="0.112" /><testcase classname="tests.test_freight_gl_routing.TestFreightClassification" name="test_classify_shipping_document" time="0.116" /><testcase classname="tests.test_freight_gl_routing.TestFreightClassification" name="test_classify_non_freight_ap_invoice" time="0.137" /><testcase classname="tests.test_freight_gl_routing.TestFreightClassification" name="test_classify_nonexistent_document_returns_error" time="0.122" /><testcase classname="tests.test_freight_gl_routing.TestFreightOverride" name="test_override_freight_gl" time="0.349" /><testcase classname="tests.test_freight_gl_routing.TestFreightOverride" name="test_override_with_missing_account_id_returns_400" time="0.112" /><testcase classname="tests.test_freight_gl_routing.TestFreightOverride" name="test_override_with_invalid_account_returns_404" time="0.144" /><testcase classname="tests.test_freight_gl_routing.TestFreightStats" name="test_get_freight_routing_stats" time="0.147" /><testcase classname="tests.test_freight_gl_routing.TestFreightStats" name="test_get_recent_classifications" time="0.145" /><testcase classname="tests.test_freight_gl_routing.TestFreightStats" name="test_recent_classifications_with_limit" time="0.120" /><testcase classname="tests.test_freight_gl_routing.TestBCWriteGuard" name="test_bc_write_guard_status_blocked" time="0.318" /><testcase classname="tests.test_freight_gl_routing.TestBackendTenantId" name="test_tenant_id_not_freight_routing" time="0.104" /><testcase classname="tests.test_freight_gl_routing.TestDocumentIntegration" name="test_document_has_freight_gl_classification" time="0.217" /></testsuite></testsuites>