<?xml version="1.0" encoding="utf-8"?><testsuites name="pytest tests"><testsuite name="pytest" errors="0" failures="0" skipped="0" tests="16" time="4.510" timestamp="2026-02-22T17:19:43.276955+00:00" hostname="agent-env-191d96e8-bd8b-4547-a394-beb71c977048"><testcase classname="backend.tests.test_generic_workflow_apis.TestAuthSetup" name="test_login_success" time="0.156" /><testcase classname="backend.tests.test_generic_workflow_apis.TestGenericQueueAPI" name="test_generic_queue_ap_invoice" time="0.398" /><testcase classname="backend.tests.test_generic_workflow_apis.TestGenericQueueAPI" name="test_generic_queue_sales_invoice" time="0.172" /><testcase classname="backend.tests.test_generic_workflow_apis.TestGenericQueueAPI" name="test_generic_queue_purchase_order" time="0.136" /><testcase classname="backend.tests.test_generic_workflow_apis.TestGenericQueueAPI" name="test_generic_queue_with_status_filter" time="0.118" /><testcase classname="backend.tests.test_generic_workflow_apis.TestGenericQueueAPI" name="test_generic_queue_requires_doc_type" time="0.126" /><testcase classname="backend.tests.test_generic_workflow_apis.TestStatusCountsByTypeAPI" name="test_status_counts_by_type_returns_structure" time="0.264" /><testcase classname="backend.tests.test_generic_workflow_apis.TestStatusCountsByTypeAPI" name="test_status_counts_structure_per_type" time="0.114" /><testcase classname="backend.tests.test_generic_workflow_apis.TestMetricsByTypeAPI" name="test_metrics_by_type_returns_structure" time="0.220" /><testcase classname="backend.tests.test_generic_workflow_apis.TestMetricsByTypeAPI" name="test_metrics_by_type_with_doc_type_filter" time="0.113" /><testcase classname="backend.tests.test_generic_workflow_apis.TestAPInvoiceStatusCounts" name="test_ap_invoice_status_counts" time="0.229" /><testcase classname="backend.tests.test_generic_workflow_apis.TestDocumentIntakeAPI" name="test_intake_sets_classification_fields" time="0.452" /><testcase classname="backend.tests.test_generic_workflow_apis.TestDocumentIntakeAPI" name="test_intake_workflow_history_created" time="0.370" /><testcase classname="backend.tests.test_generic_workflow_apis.TestNonAPDocumentWorkflow" name="test_sales_invoice_in_queue" time="0.211" /><testcase classname="backend.tests.test_generic_workflow_apis.TestSupportedDocTypes" name="test_all_doc_types_supported" time="0.236" /><testcase classname="backend.tests.test_generic_workflow_apis.TestSupportedDocTypes" name="test_generic_queue_accepts_all_types" time="1.112" /></testsuite></testsuites>