<?xml version="1.0" encoding="utf-8"?><testsuites name="pytest tests"><testsuite name="pytest" errors="0" failures="1" skipped="0" tests="16" time="4.710" timestamp="2026-02-22T17:19:26.482893+00:00" hostname="agent-env-191d96e8-bd8b-4547-a394-beb71c977048"><testcase classname="backend.tests.test_generic_workflow_apis.TestAuthSetup" name="test_login_success" time="0.302" /><testcase classname="backend.tests.test_generic_workflow_apis.TestGenericQueueAPI" name="test_generic_queue_ap_invoice" time="0.259" /><testcase classname="backend.tests.test_generic_workflow_apis.TestGenericQueueAPI" name="test_generic_queue_sales_invoice" time="0.125" /><testcase classname="backend.tests.test_generic_workflow_apis.TestGenericQueueAPI" name="test_generic_queue_purchase_order" time="0.119" /><testcase classname="backend.tests.test_generic_workflow_apis.TestGenericQueueAPI" name="test_generic_queue_with_status_filter" time="0.136" /><testcase classname="backend.tests.test_generic_workflow_apis.TestGenericQueueAPI" name="test_generic_queue_requires_doc_type" time="0.125" /><testcase classname="backend.tests.test_generic_workflow_apis.TestStatusCountsByTypeAPI" name="test_status_counts_by_type_returns_structure" time="0.276" /><testcase classname="backend.tests.test_generic_workflow_apis.TestStatusCountsByTypeAPI" name="test_status_counts_structure_per_type" time="0.114" /><testcase classname="backend.tests.test_generic_workflow_apis.TestMetricsByTypeAPI" name="test_metrics_by_type_returns_structure" time="0.244"><failure message="AssertionError: Missing days field&#10;assert 'days' in {'cutoff_date': '2026-01-23T17:19:28.235284+00:00', 'metrics_by_type': {'OTHER': {'avg_confidence': 0.0, 'extraction_rate': 100.0, 'high_confidence_rate': 0.0, 'status_counts': {'captured': 1}, ...}, 'unknown': {'avg_confidence': 0.0, 'extraction_rate': 100.0, 'high_confidence_rate': 0.0, 'status_counts': {'captured': 3, 'none': 1}, ...}}, 'period_days': 30}">backend/tests/test_generic_workflow_apis.py:218: in test_metrics_by_type_returns_structure
    assert "days" in data, "Missing days field"
E   AssertionError: Missing days field
E   assert 'days' in {'cutoff_date': '2026-01-23T17:19:28.235284+00:00', 'metrics_by_type': {'OTHER': {'avg_confidence': 0.0, 'extraction_rate': 100.0, 'high_confidence_rate': 0.0, 'status_counts': {'captured': 1}, ...}, 'unknown': {'avg_confidence': 0.0, 'extraction_rate': 100.0, 'high_confidence_rate': 0.0, 'status_counts': {'captured': 3, 'none': 1}, ...}}, 'period_days': 30}</failure></testcase><testcase classname="backend.tests.test_generic_workflow_apis.TestMetricsByTypeAPI" name="test_metrics_by_type_with_doc_type_filter" time="0.103" /><testcase classname="backend.tests.test_generic_workflow_apis.TestAPInvoiceStatusCounts" name="test_ap_invoice_status_counts" time="0.221" /><testcase classname="backend.tests.test_generic_workflow_apis.TestDocumentIntakeAPI" name="test_intake_sets_classification_fields" time="0.484" /><testcase classname="backend.tests.test_generic_workflow_apis.TestDocumentIntakeAPI" name="test_intake_workflow_history_created" time="0.416" /><testcase classname="backend.tests.test_generic_workflow_apis.TestNonAPDocumentWorkflow" name="test_sales_invoice_in_queue" time="0.219" /><testcase classname="backend.tests.test_generic_workflow_apis.TestSupportedDocTypes" name="test_all_doc_types_supported" time="0.283" /><testcase classname="backend.tests.test_generic_workflow_apis.TestSupportedDocTypes" name="test_generic_queue_accepts_all_types" time="1.182" /></testsuite></testsuites>