<?xml version="1.0" encoding="utf-8"?><testsuites name="pytest tests"><testsuite name="pytest" errors="0" failures="0" skipped="0" tests="13" time="1.764" timestamp="2026-03-25T21:35:20.756587+00:00" hostname="agent-env-c9a04e26-8649-432b-ade1-d19cfa9184f8"><testcase classname="tests.test_inbox_stats_api.TestInboxStatsAPI" name="test_inbox_stats_endpoint_returns_200" time="0.161" /><testcase classname="tests.test_inbox_stats_api.TestInboxStatsAPI" name="test_inbox_stats_returns_required_fields" time="0.142" /><testcase classname="tests.test_inbox_stats_api.TestInboxStatsAPI" name="test_inbox_stats_field_types" time="0.133" /><testcase classname="tests.test_inbox_stats_api.TestInboxStatsAPI" name="test_inbox_stats_values_are_non_negative" time="0.117" /><testcase classname="tests.test_inbox_stats_api.TestInboxStatsAPI" name="test_inbox_stats_auto_validation_rate_is_percentage" time="0.117" /><testcase classname="tests.test_inbox_stats_api.TestInboxStatsAPI" name="test_inbox_stats_ai_confidence_is_percentage" time="0.105" /><testcase classname="tests.test_inbox_stats_api.TestDocumentsAPI" name="test_documents_endpoint_returns_200" time="0.144" /><testcase classname="tests.test_inbox_stats_api.TestDocumentsAPI" name="test_documents_returns_list" time="0.128" /><testcase classname="tests.test_inbox_stats_api.TestDocumentsAPI" name="test_documents_with_accounting_filter" time="0.128" /><testcase classname="tests.test_inbox_stats_api.TestDocumentsAPI" name="test_documents_with_sales_filter" time="0.155" /><testcase classname="tests.test_inbox_stats_api.TestDocumentsAPI" name="test_documents_with_search" time="0.107" /><testcase classname="tests.test_inbox_stats_api.TestAuthAPI" name="test_login_with_valid_credentials" time="0.099" /><testcase classname="tests.test_inbox_stats_api.TestAuthAPI" name="test_login_with_invalid_credentials" time="0.102" /></testsuite></testsuites>