<?xml version="1.0" encoding="utf-8"?><testsuites name="pytest tests"><testsuite name="pytest" errors="0" failures="0" skipped="0" tests="11" time="1.874" timestamp="2026-04-09T19:46:28.988473+00:00" hostname="agent-env-3ee56adf-8901-43a0-a61f-3e33de0d28f3"><testcase classname="backend.tests.test_inbox_metrics_iteration201.TestInboxMetricsEndpoint" name="test_inbox_metrics_returns_200" time="0.320" /><testcase classname="backend.tests.test_inbox_metrics_iteration201.TestInboxMetricsEndpoint" name="test_inbox_metrics_has_total_inbox" time="0.124" /><testcase classname="backend.tests.test_inbox_metrics_iteration201.TestInboxMetricsEndpoint" name="test_inbox_metrics_has_by_status" time="0.174" /><testcase classname="backend.tests.test_inbox_metrics_iteration201.TestInboxMetricsEndpoint" name="test_inbox_metrics_has_by_type" time="0.102" /><testcase classname="backend.tests.test_inbox_metrics_iteration201.TestInboxMetricsEndpoint" name="test_inbox_metrics_has_by_age" time="0.162" /><testcase classname="backend.tests.test_inbox_metrics_iteration201.TestInboxMetricsEndpoint" name="test_inbox_metrics_has_by_vendor" time="0.162" /><testcase classname="backend.tests.test_inbox_metrics_iteration201.TestInboxMetricsEndpoint" name="test_inbox_metrics_has_by_blocker" time="0.153" /><testcase classname="backend.tests.test_inbox_metrics_iteration201.TestInboxMetricsEndpoint" name="test_inbox_metrics_complete_response_structure" time="0.129" /><testcase classname="backend.tests.test_inbox_metrics_iteration201.TestInboxStatsRegression" name="test_inbox_stats_returns_200" time="0.126" /><testcase classname="backend.tests.test_inbox_metrics_iteration201.TestInboxStatsRegression" name="test_inbox_stats_has_required_fields" time="0.154" /><testcase classname="backend.tests.test_inbox_metrics_iteration201.TestDashboardStatsRegression" name="test_dashboard_stats_returns_200" time="0.157" /></testsuite></testsuites>