<?xml version="1.0" encoding="utf-8"?><testsuites name="pytest tests"><testsuite name="pytest" errors="0" failures="0" skipped="0" tests="12" time="4.482" timestamp="2026-03-13T23:14:40.671000+00:00" hostname="agent-env-0422608e-3228-46f1-a035-1d5b2e01f179"><testcase classname="tests.test_incoming_supply_from_shortage.TestIncomingSupplyFromShortage" name="test_create_supply_from_shortage" time="0.458" /><testcase classname="tests.test_incoming_supply_from_shortage.TestIncomingSupplyFromShortage" name="test_shortage_calculation" time="0.446" /><testcase classname="tests.test_incoming_supply_from_shortage.TestIncomingSupplyFromShortage" name="test_duplicate_prevention_409" time="0.419" /><testcase classname="tests.test_incoming_supply_from_shortage.TestIncomingSupplyFromShortage" name="test_zero_shortage_rejected" time="0.391" /><testcase classname="tests.test_incoming_supply_from_shortage.TestIncomingSupplyFromShortage" name="test_nonexistent_so_422" time="0.269" /><testcase classname="tests.test_incoming_supply_from_shortage.TestIncomingSupplyFromShortage" name="test_planned_status_in_derive_balances" time="0.463" /><testcase classname="tests.test_incoming_supply_from_shortage.TestIncomingSupplyFromShortage" name="test_available_formula_with_planned_supply" time="0.461" /><testcase classname="tests.test_incoming_supply_from_shortage.TestRegressionOrderRelease" name="test_partial_release_still_works" time="0.440" /><testcase classname="tests.test_incoming_supply_from_shortage.TestRegressionOrderRelease" name="test_over_release_still_returns_422" time="0.413" /><testcase classname="tests.test_incoming_supply_from_shortage.TestRegressionInventoryLedger" name="test_customers_list_still_works" time="0.117" /><testcase classname="tests.test_incoming_supply_from_shortage.TestRegressionInventoryLedger" name="test_balances_derive_still_works" time="0.191" /><testcase classname="tests.test_incoming_supply_from_shortage.TestRegressionInventoryLedger" name="test_preflight_still_returns_inventory_data" time="0.331" /></testsuite></testsuites>