<?xml version="1.0" encoding="utf-8"?><testsuites name="pytest tests"><testsuite name="pytest" errors="0" failures="0" skipped="0" tests="13" time="1.761" timestamp="2026-03-25T21:56:06.825606+00:00" hostname="agent-env-c9a04e26-8649-432b-ade1-d19cfa9184f8"><testcase classname="backend.tests.test_insights_trends_api.TestInsightsTrendsAPI" name="test_insights_trends_returns_200" time="0.225" /><testcase classname="backend.tests.test_insights_trends_api.TestInsightsTrendsAPI" name="test_insights_trends_has_required_fields" time="0.132" /><testcase classname="backend.tests.test_insights_trends_api.TestInsightsTrendsAPI" name="test_insights_trends_daily_entry_fields" time="0.160" /><testcase classname="backend.tests.test_insights_trends_api.TestInsightsTrendsAPI" name="test_insights_trends_daily_values_are_numeric" time="0.104" /><testcase classname="backend.tests.test_insights_trends_api.TestInsightsTrendsAPI" name="test_insights_trends_rates_are_percentages" time="0.149" /><testcase classname="backend.tests.test_insights_trends_api.TestInsightsTrendsAPI" name="test_insights_trends_period_selector_7d" time="0.099" /><testcase classname="backend.tests.test_insights_trends_api.TestInsightsTrendsAPI" name="test_insights_trends_period_selector_14d" time="0.102" /><testcase classname="backend.tests.test_insights_trends_api.TestInsightsTrendsAPI" name="test_insights_trends_period_selector_30d" time="0.135" /><testcase classname="backend.tests.test_insights_trends_api.TestInboxStatsAPI" name="test_inbox_stats_returns_200" time="0.110" /><testcase classname="backend.tests.test_insights_trends_api.TestInboxStatsAPI" name="test_inbox_stats_has_required_fields" time="0.143" /><testcase classname="backend.tests.test_insights_trends_api.TestAuthAPI" name="test_login_with_valid_credentials" time="0.119" /><testcase classname="backend.tests.test_insights_trends_api.TestAuthAPI" name="test_login_with_invalid_credentials" time="0.101" /><testcase classname="backend.tests.test_insights_trends_api.TestDocumentsAPI" name="test_documents_returns_200" time="0.106" /></testsuite></testsuites>