<?xml version="1.0" encoding="utf-8"?><testsuites name="pytest tests"><testsuite name="pytest" errors="0" failures="0" skipped="0" tests="13" time="81.749" timestamp="2026-02-22T17:57:18.004610+00:00" hostname="agent-env-e76b718a-05f9-4d25-ac52-3f09398b6c38"><testcase classname="tests.test_intake_classification.TestIntakeClassificationPipeline" name="test_intake_endpoint_exists" time="7.444" /><testcase classname="tests.test_intake_classification.TestIntakeClassificationPipeline" name="test_intake_returns_classification_fields" time="7.244" /><testcase classname="tests.test_intake_classification.TestIntakeClassificationPipeline" name="test_deterministic_classification_from_legacy_ai" time="6.056" /><testcase classname="tests.test_intake_classification.TestIntakeClassificationPipeline" name="test_ai_classification_audit_trail_for_other_type" time="8.900" /><testcase classname="tests.test_intake_classification.TestIntakeClassificationPipeline" name="test_ap_invoice_no_ai_fallback" time="8.926" /><testcase classname="tests.test_intake_classification.TestIntakeClassificationPipeline" name="test_classification_method_recorded" time="11.846" /><testcase classname="tests.test_intake_classification.TestIntakeClassificationPipeline" name="test_fetch_document_includes_classification_fields" time="6.796" /><testcase classname="tests.test_intake_classification.TestAIClassificationAuditTrail" name="test_ai_classification_structure" time="6.394" /><testcase classname="tests.test_intake_classification.TestAIClassificationAuditTrail" name="test_ai_classification_presence_based_on_method" time="6.049" /><testcase classname="tests.test_intake_classification.TestDeterministicVsAIClassification" name="test_ap_invoice_uses_legacy_ai_method" time="5.499" /><testcase classname="tests.test_intake_classification.TestDeterministicVsAIClassification" name="test_ai_fallback_for_unknown_document" time="6.272" /><testcase classname="tests.test_intake_classification.TestDashboardStats" name="test_dashboard_stats_endpoint" time="0.119" /><testcase classname="tests.test_intake_classification.TestDashboardStats" name="test_document_types_dashboard" time="0.118" /></testsuite></testsuites>