<?xml version="1.0" encoding="utf-8"?><testsuites name="pytest tests"><testsuite name="pytest" errors="0" failures="0" skipped="0" tests="15" time="1.849" timestamp="2026-04-04T21:33:15.021860+00:00" hostname="agent-env-81f248d5-6a9d-406a-8513-cffbfaf83bec"><testcase classname="backend.tests.test_intelligence_backfill_iteration189.TestIntelligenceBackfill" name="test_backfill_endpoint_returns_valid_structure" time="0.157" /><testcase classname="backend.tests.test_intelligence_backfill_iteration189.TestIntelligenceBackfill" name="test_backfill_escalation_structure" time="0.108" /><testcase classname="backend.tests.test_intelligence_backfill_iteration189.TestIntelligenceBackfill" name="test_backfill_vendor_maturity_structure" time="0.110" /><testcase classname="backend.tests.test_intelligence_backfill_iteration189.TestGapCloserStatus" name="test_gap_closer_status_returns_200" time="0.121" /><testcase classname="backend.tests.test_intelligence_backfill_iteration189.TestGapCloserStatus" name="test_gap_closer_has_all_7_gaps" time="0.124" /><testcase classname="backend.tests.test_intelligence_backfill_iteration189.TestDuplicateIntelligence" name="test_duplicate_intelligence_returns_200" time="0.117" /><testcase classname="backend.tests.test_intelligence_backfill_iteration189.TestDuplicateIntelligence" name="test_duplicate_intelligence_valid_summary" time="0.113" /><testcase classname="backend.tests.test_intelligence_backfill_iteration189.TestEscalationIntelligence" name="test_escalation_intelligence_returns_200" time="0.107" /><testcase classname="backend.tests.test_intelligence_backfill_iteration189.TestEscalationIntelligence" name="test_escalation_intelligence_valid_summary" time="0.115" /><testcase classname="backend.tests.test_intelligence_backfill_iteration189.TestDeepLearningSummary" name="test_deep_learning_summary_returns_200" time="0.126" /><testcase classname="backend.tests.test_intelligence_backfill_iteration189.TestDeepLearningSummary" name="test_vendor_maturity_has_new_labels" time="0.128" /><testcase classname="backend.tests.test_intelligence_backfill_iteration189.TestDeepLearningSummary" name="test_deep_learning_has_all_sections" time="0.109" /><testcase classname="backend.tests.test_intelligence_backfill_iteration189.TestLearningPulseRegression" name="test_learning_pulse_returns_200" time="0.107" /><testcase classname="backend.tests.test_intelligence_backfill_iteration189.TestLearningPulseRegression" name="test_learning_pulse_has_expected_fields" time="0.122" /><testcase classname="backend.tests.test_intelligence_backfill_iteration189.TestHealthEndpoint" name="test_health_returns_200" time="0.109" /></testsuite></testsuites>