<?xml version="1.0" encoding="utf-8"?><testsuites name="pytest tests"><testsuite name="pytest" errors="0" failures="0" skipped="0" tests="21" time="7.797" timestamp="2026-04-18T21:15:41.097877+00:00" hostname="agent-env-0e92143f-c429-4740-9a53-c97fef13d871"><testcase classname="backend.tests.test_inventory_round6.TestHealthSummaryEndpoint" name="test_health_summary_returns_200" time="0.228" /><testcase classname="backend.tests.test_inventory_round6.TestHealthSummaryEndpoint" name="test_health_summary_schema_generated_at" time="0.080" /><testcase classname="backend.tests.test_inventory_round6.TestHealthSummaryEndpoint" name="test_health_summary_schema_thresholds" time="0.098" /><testcase classname="backend.tests.test_inventory_round6.TestHealthSummaryEndpoint" name="test_health_summary_schema_totals" time="0.087" /><testcase classname="backend.tests.test_inventory_round6.TestHealthSummaryEndpoint" name="test_health_summary_schema_per_customer" time="0.093" /><testcase classname="backend.tests.test_inventory_round6.TestHealthSummaryEndpoint" name="test_health_summary_schema_items_at_risk" time="0.086" /><testcase classname="backend.tests.test_inventory_round6.TestHealthSummaryEndpoint" name="test_health_summary_schema_xls_activity" time="0.083" /><testcase classname="backend.tests.test_inventory_round6.TestHealthSummaryEndpoint" name="test_health_summary_empty_db_returns_zeroed_totals" time="0.088" /><testcase classname="backend.tests.test_inventory_round6.TestHealthSummaryEndpoint" name="test_health_summary_custom_thresholds" time="0.081" /><testcase classname="backend.tests.test_inventory_round6.TestManualMappingPromotion" name="test_manual_mapping_promotion_increases_learned_mappings" time="2.822" /><testcase classname="backend.tests.test_inventory_round6.TestManualMappingPromotion" name="test_non_manual_source_does_not_promote" time="0.938" /><testcase classname="backend.tests.test_inventory_round6.TestPerCustomerRollup" name="test_per_customer_sorted_by_shortages_desc" time="0.081" /><testcase classname="backend.tests.test_inventory_round6.TestPerCustomerRollup" name="test_per_customer_fields_populated" time="0.082" /><testcase classname="backend.tests.test_inventory_round6.TestXLSActivityCounts" name="test_staged_last_7d_increments_after_ingest" time="0.873" /><testcase classname="backend.tests.test_inventory_round6.TestXLSActivityCounts" name="test_applied_last_7d_increments_after_approve" time="1.153" /><testcase classname="backend.tests.test_inventory_round6.TestFilenameCustomerSuggestion" name="test_resuggest_customers_endpoint_works" time="0.071" /><testcase classname="backend.tests.test_inventory_round6.TestRegressionIter208" name="test_ingest_endpoint_works" time="0.074" /><testcase classname="backend.tests.test_inventory_round6.TestRegressionIter208" name="test_staging_list_endpoint_works" time="0.073" /><testcase classname="backend.tests.test_inventory_round6.TestRegressionIter208" name="test_learning_summary_endpoint_works" time="0.064" /><testcase classname="backend.tests.test_inventory_round6.TestRegressionIter208" name="test_customers_endpoint_works" time="0.050" /><testcase classname="backend.tests.test_inventory_round6.TestAutoApproveGateRegression" name="test_auto_approve_constants_exist" time="0.054" /></testsuite></testsuites>