<?xml version="1.0" encoding="utf-8"?><testsuites name="pytest tests"><testsuite name="pytest" errors="0" failures="0" skipped="0" tests="16" time="2.879" timestamp="2026-03-13T22:42:26.521976+00:00" hostname="agent-env-0422608e-3228-46f1-a035-1d5b2e01f179"><testcase classname="backend.tests.test_inventory_so_integration.TestPreflightInventoryIntegration" name="test_preflight_returns_inventory_fields" time="0.370" /><testcase classname="backend.tests.test_inventory_so_integration.TestPreflightInventoryIntegration" name="test_preflight_inventory_summary_structure" time="0.221" /><testcase classname="backend.tests.test_inventory_so_integration.TestPreflightInventoryIntegration" name="test_preflight_resolved_lines_have_inventory" time="0.207" /><testcase classname="backend.tests.test_inventory_so_integration.TestPreflightInventoryIntegration" name="test_preflight_no_match_has_available_workspaces" time="0.194" /><testcase classname="backend.tests.test_inventory_so_integration.TestInventoryWorkspaceResolution" name="test_preflight_with_hormel_customer" time="0.223" /><testcase classname="backend.tests.test_inventory_so_integration.TestInventoryWorkspaceResolution" name="test_inventory_workspace_structure" time="0.195" /><testcase classname="backend.tests.test_inventory_so_integration.TestInventoryLineEnrichment" name="test_line_inventory_status_values" time="0.199" /><testcase classname="backend.tests.test_inventory_so_integration.TestInventoryLineEnrichment" name="test_inventory_availability_math" time="0.056" /><testcase classname="backend.tests.test_inventory_so_integration.TestInventoryAPIsCRUD" name="test_list_customers" time="0.051" /><testcase classname="backend.tests.test_inventory_so_integration.TestInventoryAPIsCRUD" name="test_create_movement_order_commitment" time="0.112" /><testcase classname="backend.tests.test_inventory_so_integration.TestInventoryAPIsCRUD" name="test_get_balances" time="0.057" /><testcase classname="backend.tests.test_inventory_so_integration.TestPreflightSOCreation" name="test_preflight_eligible_document" time="0.208" /><testcase classname="backend.tests.test_inventory_so_integration.TestPreflightSOCreation" name="test_preflight_returns_mapped_values" time="0.202" /><testcase classname="backend.tests.test_inventory_so_integration.TestPreflightSOCreation" name="test_preflight_returns_document_summary" time="0.198" /><testcase classname="backend.tests.test_inventory_so_integration.TestPreflightSOCreation" name="test_preflight_returns_validation_checklist" time="0.197" /><testcase classname="backend.tests.test_inventory_so_integration.TestInventoryMeta" name="test_meta_endpoint" time="0.062" /></testsuite></testsuites>