<?xml version="1.0" encoding="utf-8"?><testsuites name="pytest tests"><testsuite name="pytest" errors="0" failures="0" skipped="0" tests="16" time="2.353" timestamp="2026-03-14T02:10:31.188692+00:00" hostname="agent-env-0422608e-3228-46f1-a035-1d5b2e01f179"><testcase classname="backend.tests.test_inventory_balance_export.TestInventoryBalanceExport" name="test_export_returns_200_status" time="0.179" /><testcase classname="backend.tests.test_inventory_balance_export.TestInventoryBalanceExport" name="test_export_content_type_is_csv" time="0.121" /><testcase classname="backend.tests.test_inventory_balance_export.TestInventoryBalanceExport" name="test_export_content_disposition_attachment" time="0.128" /><testcase classname="backend.tests.test_inventory_balance_export.TestInventoryBalanceExport" name="test_export_csv_has_correct_headers" time="0.116" /><testcase classname="backend.tests.test_inventory_balance_export.TestInventoryBalanceExport" name="test_export_has_data_rows" time="0.109" /><testcase classname="backend.tests.test_inventory_balance_export.TestInventoryBalanceExport" name="test_export_status_values_valid" time="0.130" /><testcase classname="backend.tests.test_inventory_balance_export.TestInventoryBalanceExport" name="test_export_status_short_for_negative_available" time="0.262" /><testcase classname="backend.tests.test_inventory_balance_export.TestInventoryBalanceExport" name="test_export_item_filter_works" time="0.111" /><testcase classname="backend.tests.test_inventory_balance_export.TestInventoryBalanceExport" name="test_export_empty_result_returns_headers_only" time="0.116" /><testcase classname="backend.tests.test_inventory_balance_export.TestInventoryBalanceExport" name="test_export_values_match_balances_api" time="0.255" /><testcase classname="backend.tests.test_inventory_balance_export.TestInventoryBalanceExport" name="test_export_missing_customer_id_returns_422" time="0.132" /><testcase classname="backend.tests.test_inventory_balance_export.TestExportRegression" name="test_manual_movement_still_works" time="0.111" /><testcase classname="backend.tests.test_inventory_balance_export.TestExportRegression" name="test_history_endpoint_still_works" time="0.107" /><testcase classname="backend.tests.test_inventory_balance_export.TestExportRegression" name="test_reconcile_sales_order_endpoint_exists" time="0.134" /><testcase classname="backend.tests.test_inventory_balance_export.TestExportRegression" name="test_incoming_from_shortage_endpoint_exists" time="0.116" /><testcase classname="backend.tests.test_inventory_balance_export.TestExportRegression" name="test_balances_endpoint_still_works" time="0.106" /></testsuite></testsuites>