<?xml version="1.0" encoding="utf-8"?><testsuites name="pytest tests"><testsuite name="pytest" errors="0" failures="0" skipped="0" tests="6" time="1.749" timestamp="2026-04-03T01:35:00.854732+00:00" hostname="agent-env-37e9195e-c52a-44cf-9132-6d00f8caf48e"><testcase classname="tests.test_invoice_trace.TestInvoiceTraceEndpoints" name="test_health_check" time="0.180" /><testcase classname="tests.test_invoice_trace.TestInvoiceTraceEndpoints" name="test_trace_endpoint_returns_json_not_500" time="0.303" /><testcase classname="tests.test_invoice_trace.TestInvoiceTraceEndpoints" name="test_trace_list_endpoint_returns_json_not_500" time="0.301" /><testcase classname="tests.test_invoice_trace.TestInvoiceTraceEndpoints" name="test_trace_endpoint_with_invoice_index" time="0.340" /><testcase classname="tests.test_invoice_trace.TestInvoiceTraceEndpoints" name="test_trace_list_endpoint_with_limit" time="0.273" /><testcase classname="tests.test_invoice_trace.TestInvoiceTraceEndpoints" name="test_trace_endpoint_unknown_vendor" time="0.283" /></testsuite></testsuites>