<?xml version="1.0" encoding="utf-8"?><testsuites name="pytest tests"><testsuite name="pytest" errors="0" failures="0" skipped="0" tests="14" time="2.278" timestamp="2026-04-19T21:40:12.643787+00:00" hostname="agent-env-393eedf6-6020-4204-b2fc-52145a47cf51"><testcase classname="tests.test_filename_heuristics_http_iter230" name="test_rules_endpoint" time="0.226" /><testcase classname="tests.test_filename_heuristics_http_iter230" name="test_preview_readonly" time="0.134" /><testcase classname="tests.test_filename_heuristics_http_iter230" name="test_apply_dryrun_default" time="0.343" /><testcase classname="tests.test_filename_heuristics_http_iter230" name="test_apply_execute_enriches" time="0.140" /><testcase classname="tests.test_filename_heuristics_http_iter230" name="test_safety_bc_evidence" time="0.001" /><testcase classname="tests.test_filename_heuristics_http_iter230" name="test_safety_known_doctype" time="0.001" /><testcase classname="tests.test_filename_heuristics_http_iter230" name="test_idempotency_second_run" time="0.119" /><testcase classname="tests.test_filename_heuristics_http_iter230" name="test_min_confidence_gating" time="0.123" /><testcase classname="tests.test_filename_heuristics_http_iter230" name="test_runs_audit_log" time="0.134" /><testcase classname="tests.test_filename_heuristics_http_iter230" name="test_prior_get_endpoints_200[/api/admin/unknown-doc-reclaim/preview]" time="0.424" /><testcase classname="tests.test_filename_heuristics_http_iter230" name="test_prior_get_endpoints_200[/api/admin/unknown-doc-reclaim/post-process/runs]" time="0.126" /><testcase classname="tests.test_filename_heuristics_http_iter230" name="test_prior_get_endpoints_200[/api/dashboard/inbox-stats]" time="0.116" /><testcase classname="tests.test_filename_heuristics_http_iter230" name="test_prior_get_endpoints_200[/api/learning/pattern-health/unified]" time="0.117" /><testcase classname="tests.test_filename_heuristics_http_iter230" name="test_prior_post_process_dryrun_200" time="0.113" /></testsuite></testsuites>