<?xml version="1.0" encoding="utf-8"?><testsuites name="pytest tests"><testsuite name="pytest" errors="0" failures="0" skipped="0" tests="63" time="5.061" timestamp="2026-04-19T04:02:26.412386+00:00" hostname="agent-env-393eedf6-6020-4204-b2fc-52145a47cf51"><testcase classname="tests.test_vendor_profile_helpers" name="test_noop_on_empty_vendor_name" time="0.009" /><testcase classname="tests.test_vendor_profile_helpers" name="test_creates_new_profile_with_counters" time="0.001" /><testcase classname="tests.test_vendor_profile_helpers" name="test_increments_existing_profile" time="0.001" /><testcase classname="tests.test_vendor_profile_helpers" name="test_flags_stable_vendor_after_threshold" time="0.001" /><testcase classname="tests.test_vendor_profile_helpers" name="test_server_compat_wrapper_delegates" time="0.364" /><testcase classname="tests.test_learning_core_events" name="test_record_event_happy_path" time="0.002" /><testcase classname="tests.test_learning_core_events" name="test_record_event_coerces_unknown_domain_to_generic" time="0.001" /><testcase classname="tests.test_learning_core_events" name="test_list_events_filters_by_domain" time="0.001" /><testcase classname="tests.test_learning_core_events" name="test_get_domain_summary_shape" time="0.001" /><testcase classname="tests.test_learning_core_events" name="test_get_trend_returns_dense_series_with_zero_fill" time="0.001" /><testcase classname="tests.test_learning_core_events" name="test_get_trend_clamps_days_range" time="0.001" /><testcase classname="tests.test_learning_core_events" name="test_get_trend_filters_by_domain" time="0.001" /><testcase classname="tests.test_learning_core_events" name="test_leaderboard_ranks_actors_by_event_count" time="0.001" /><testcase classname="tests.test_learning_core_events" name="test_leaderboard_respects_window_and_limit" time="0.000" /><testcase classname="tests.test_learning_core_events" name="test_intake_feedback_dual_writes_to_learning_core" time="0.001" /><testcase classname="tests.test_learning_loop_engine.TestLearningSummaryEndpoint" name="test_learning_summary_returns_all_required_fields" time="0.169" /><testcase classname="tests.test_learning_loop_engine.TestLearningSummaryEndpoint" name="test_learning_summary_automation_success_rate_is_valid" time="0.049" /><testcase classname="tests.test_learning_loop_engine.TestLearningSummaryEndpoint" name="test_learning_summary_corrections_by_type_is_dict" time="0.049" /><testcase classname="tests.test_learning_loop_engine.TestLearningSummaryEndpoint" name="test_learning_summary_top_corrected_document_types_is_list" time="0.047" /><testcase classname="tests.test_learning_loop_engine.TestLearningEventsEndpoint" name="test_learning_events_returns_total_and_events" time="0.048" /><testcase classname="tests.test_learning_loop_engine.TestLearningEventsEndpoint" name="test_learning_events_sorted_by_most_recent" time="0.049" /><testcase classname="tests.test_learning_loop_engine.TestLearningEventsEndpoint" name="test_learning_events_filter_by_event_type" time="0.088" /><testcase classname="tests.test_learning_loop_engine.TestLearningEventsEndpoint" name="test_learning_events_filter_by_document_type" time="0.043" /><testcase classname="tests.test_learning_loop_engine.TestLearningEventsEndpoint" name="test_learning_events_supports_limit_and_offset" time="0.049" /><testcase classname="tests.test_learning_loop_engine.TestLearningEventsEndpoint" name="test_learning_events_event_structure" time="0.046" /><testcase classname="tests.test_learning_loop_engine.TestDocumentLearningEventsEndpoint" name="test_document_learning_events_returns_array" time="0.046" /><testcase classname="tests.test_learning_loop_engine.TestDocumentLearningEventsEndpoint" name="test_document_learning_events_returns_events_for_doc" time="0.056" /><testcase classname="tests.test_learning_loop_engine.TestDocumentLearningEventsEndpoint" name="test_document_learning_events_empty_for_nonexistent_doc" time="0.043" /><testcase classname="tests.test_learning_loop_engine.TestLearningEventAutoGeneration" name="test_classification_correction_creates_learning_event" time="0.479" /><testcase classname="tests.test_learning_loop_engine.TestLearningEventAutoGeneration" name="test_field_correction_creates_learning_event" time="0.441" /><testcase classname="tests.test_learning_loop_engine.TestExtractionHintsRecording" name="test_extraction_hints_recorded_in_summary" time="0.047" /><testcase classname="tests.test_learning_loop_engine.TestDocumentEnrichmentWithLearning" name="test_document_has_learning_events_count" time="0.041" /><testcase classname="tests.test_learning_loop_engine.TestDocumentEnrichmentWithLearning" name="test_document_has_learning_flags" time="0.043" /><testcase classname="tests.test_learning_loop_engine.TestAutomationConfidenceMetrics" name="test_automation_success_rate_calculated" time="0.088" /><testcase classname="tests.test_learning_loop_engine.TestAutomationConfidenceMetrics" name="test_correction_rate_by_document_type" time="0.049" /><testcase classname="tests.test_learning_loop_engine.TestActivityEventsGenerated" name="test_learning_event_generated_activity" time="0.043" /><testcase classname="tests.test_learning_loop_engine.TestRegressionIteration100" name="test_regression_policies_endpoint" time="0.044" /><testcase classname="tests.test_learning_loop_engine.TestRegressionIteration100" name="test_regression_evaluate_decision_endpoint" time="0.047" /><testcase classname="tests.test_learning_loop_engine.TestRegressionIteration100" name="test_regression_decision_queue_endpoint" time="0.045" /><testcase classname="tests.test_learning_loop_engine.TestRegressionIteration98_99" name="test_regression_bundles_endpoint" time="0.051" /><testcase classname="tests.test_learning_loop_engine.TestRegressionIteration98_99" name="test_regression_detect_bundles_endpoint" time="0.048" /><testcase classname="tests.test_learning_loop_engine.TestRegressionIteration98_99" name="test_regression_lifecycle_issues_endpoint" time="0.045" /><testcase classname="tests.test_learning_loop_engine.TestRegressionIteration98_99" name="test_regression_bundle_review_queue" time="0.045" /><testcase classname="tests.test_learning_loop_engine.TestRegressionIteration98_99" name="test_regression_review_queue" time="0.057" /><testcase classname="tests.test_learning_loop_engine.TestRegressionIteration98_99" name="test_regression_summary_endpoint" time="0.045" /><testcase classname="tests.test_learning_review_queue.TestLearningDashboard" name="test_learning_dashboard_returns_200" time="0.122" /><testcase classname="tests.test_learning_review_queue.TestLearningDashboard" name="test_learning_dashboard_has_summary" time="0.109" /><testcase classname="tests.test_learning_review_queue.TestLearningDashboard" name="test_learning_dashboard_has_posting_template_confidence" time="0.127" /><testcase classname="tests.test_learning_review_queue.TestLearningDashboard" name="test_learning_dashboard_has_vendor_learning_activity" time="0.121" /><testcase classname="tests.test_learning_review_queue.TestLearningDashboard" name="test_learning_dashboard_has_label_correction_patterns" time="0.128" /><testcase classname="tests.test_learning_review_queue.TestLearningDashboard" name="test_learning_dashboard_has_recent_learning_events" time="0.119" /><testcase classname="tests.test_learning_review_queue.TestLearningDashboard" name="test_learning_dashboard_has_recent_corrections" time="0.116" /><testcase classname="tests.test_learning_review_queue.TestLearningDashboard" name="test_learning_dashboard_has_auto_draft_by_vendor" time="0.129" /><testcase classname="tests.test_learning_review_queue.TestReviewQueue" name="test_review_queue_returns_200" time="0.147" /><testcase classname="tests.test_learning_review_queue.TestReviewQueue" name="test_review_queue_has_count_and_items" time="0.125" /><testcase classname="tests.test_learning_review_queue.TestReviewQueue" name="test_review_queue_has_summary" time="0.108" /><testcase classname="tests.test_learning_review_queue.TestReviewQueue" name="test_review_queue_filter_pending" time="0.107" /><testcase classname="tests.test_learning_review_queue.TestReviewQueue" name="test_review_queue_filter_approved" time="0.110" /><testcase classname="tests.test_learning_review_queue.TestReviewQueue" name="test_review_queue_filter_corrected" time="0.110" /><testcase classname="tests.test_learning_review_queue.TestReviewQueue" name="test_review_queue_filter_all" time="0.122" /><testcase classname="tests.test_learning_review_queue.TestReviewQueueActions" name="test_approve_nonexistent_doc_returns_error" time="0.104" /><testcase classname="tests.test_learning_review_queue.TestReviewQueueActions" name="test_correct_nonexistent_doc_returns_error" time="0.109" /><testcase classname="tests.test_learning_review_queue.TestHealthCheck" name="test_health_endpoint" time="0.106" /></testsuite></testsuites>