<?xml version="1.0" encoding="utf-8"?><testsuites name="pytest tests"><testsuite name="pytest" errors="0" failures="0" skipped="0" tests="19" time="3.294" timestamp="2026-04-19T21:59:22.416668+00:00" hostname="agent-env-393eedf6-6020-4204-b2fc-52145a47cf51"><testcase classname="tests.test_triage_tools_http_iter231" name="test_unmatched_sample_returns_expected_shape" time="0.225" /><testcase classname="tests.test_triage_tools_http_iter231" name="test_unmatched_sample_groups_by_shape_and_vendor" time="0.178" /><testcase classname="tests.test_triage_tools_http_iter231" name="test_unmatched_sample_excludes_docs_matching_existing_rule" time="0.144" /><testcase classname="tests.test_triage_tools_http_iter231" name="test_unmatched_sample_respects_min_group_size" time="0.252" /><testcase classname="tests.test_triage_tools_http_iter231" name="test_unmatched_sample_zero_mutations" time="0.148" /><testcase classname="tests.test_triage_tools_http_iter231" name="test_duplicate_scan_same_day_groups" time="0.159" /><testcase classname="tests.test_triage_tools_http_iter231" name="test_duplicate_scan_cross_day_collapse" time="0.116" /><testcase classname="tests.test_triage_tools_http_iter231" name="test_duplicate_scan_skips_already_resolved" time="0.125" /><testcase classname="tests.test_triage_tools_http_iter231" name="test_duplicate_resolve_dry_run_no_mutation" time="0.202" /><testcase classname="tests.test_triage_tools_http_iter231" name="test_duplicate_resolve_keep_oldest_marks_others" time="0.156" /><testcase classname="tests.test_triage_tools_http_iter231" name="test_duplicate_resolve_keep_newest" time="0.120" /><testcase classname="tests.test_triage_tools_http_iter231" name="test_duplicate_resolve_idempotent" time="0.341" /><testcase classname="tests.test_triage_tools_http_iter231" name="test_duplicate_resolve_invalid_keep_defaults_oldest" time="0.164" /><testcase classname="tests.test_triage_tools_http_iter231" name="test_gammin_12x_prod_scenario" time="0.161" /><testcase classname="tests.test_triage_tools_http_iter231" name="test_duplicate_runs_audit_trail" time="0.120" /><testcase classname="tests.test_triage_tools_http_iter231" name="test_prior_endpoints_still_200[/api/admin/unknown-doc-reclaim/preview]" time="0.121" /><testcase classname="tests.test_triage_tools_http_iter231" name="test_prior_endpoints_still_200[/api/admin/filename-heuristics/preview]" time="0.129" /><testcase classname="tests.test_triage_tools_http_iter231" name="test_prior_endpoints_still_200[/api/dashboard/inbox-stats]" time="0.117" /><testcase classname="tests.test_triage_tools_http_iter231" name="test_prior_endpoints_still_200[/api/learning/pattern-health/unified]" time="0.152" /></testsuite></testsuites>