<?xml version="1.0" encoding="utf-8"?><testsuites name="pytest tests"><testsuite name="pytest" errors="0" failures="0" skipped="0" tests="16" time="0.205" timestamp="2026-04-19T20:01:59.196056+00:00" hostname="agent-env-393eedf6-6020-4204-b2fc-52145a47cf51"><testcase classname="tests.test_drift_watchlist" name="test_empty_db_yields_empty_watchlist" time="0.002" /><testcase classname="tests.test_drift_watchlist" name="test_negative_events_roll_up_per_vendor" time="0.001" /><testcase classname="tests.test_drift_watchlist" name="test_open_alerts_merge_into_watchlist_and_count" time="0.001" /><testcase classname="tests.test_drift_watchlist" name="test_sort_score_and_ties" time="0.001" /><testcase classname="tests.test_drift_watchlist" name="test_vendor_name_enriched_from_ppa" time="0.001" /><testcase classname="tests.test_drift_watchlist" name="test_teams_card_empty" time="0.000" /><testcase classname="tests.test_drift_watchlist" name="test_teams_card_populated_has_factset" time="0.000" /><testcase classname="tests.test_drift_watchlist" name="test_teams_card_truncated_when_over_max" time="0.000" /><testcase classname="tests.test_drift_watchlist" name="test_email_empty_html" time="0.000" /><testcase classname="tests.test_drift_watchlist" name="test_email_populated_html_has_table_rows" time="0.000" /><testcase classname="tests.test_drift_watchlist" name="test_send_empty_watchlist_skips" time="0.001" /><testcase classname="tests.test_drift_watchlist" name="test_send_no_channels_configured_skips" time="0.001" /><testcase classname="tests.test_drift_watchlist" name="test_send_teams_webhook_success" time="0.003" /><testcase classname="tests.test_drift_watchlist" name="test_send_one_failing_channel_does_not_kill_others" time="0.002" /><testcase classname="tests.test_drift_watchlist" name="test_unknown_channel_is_reported_not_thrown" time="0.001" /><testcase classname="tests.test_drift_watchlist" name="test_resolve_channels_env_parsing" time="0.000" /></testsuite></testsuites>