<?xml version="1.0" encoding="utf-8"?><testsuites name="pytest tests"><testsuite name="pytest" errors="0" failures="0" skipped="0" tests="10" time="0.243" timestamp="2026-04-19T15:52:37.948201+00:00" hostname="agent-env-393eedf6-6020-4204-b2fc-52145a47cf51"><testcase classname="tests.test_iter224_unknown_guard_http" name="test_autoclear_evaluate_unknown_triggers_guard" time="0.088" /><testcase classname="tests.test_iter224_unknown_guard_http" name="test_autoclear_evaluate_ap_invoice_unaffected" time="0.009" /><testcase classname="tests.test_iter224_unknown_guard_http" name="test_autoclear_reprocess_dry_run_responds" time="0.005" /><testcase classname="tests.test_iter224_unknown_guard_http" name="test_dashboard_inbox_stats_has_new_kpis" time="0.009" /><testcase classname="tests.test_iter224_unknown_guard_http" name="test_learning_endpoints_respond_200[/api/learning/pattern-health/unified]" time="0.008" /><testcase classname="tests.test_iter224_unknown_guard_http" name="test_learning_endpoints_respond_200[/api/learning/events/summary]" time="0.007" /><testcase classname="tests.test_iter224_unknown_guard_http" name="test_learning_endpoints_respond_200[/api/learning/digest]" time="0.005" /><testcase classname="tests.test_iter224_unknown_guard_http" name="test_learning_endpoints_respond_200[/api/intake/learning/pattern-health]" time="0.005" /><testcase classname="tests.test_iter224_unknown_guard_http" name="test_inherit_parent_helper_exists_and_callable" time="0.039" /><testcase classname="tests.test_iter224_unknown_guard_http" name="test_inherit_parent_helper_sets_needs_review" time="0.000" /></testsuite></testsuites>