<?xml version="1.0" encoding="utf-8"?><testsuites name="pytest tests"><testsuite name="pytest" errors="0" failures="0" skipped="0" tests="9" time="0.144" timestamp="2026-04-19T21:01:17.826136+00:00" hostname="agent-env-393eedf6-6020-4204-b2fc-52145a47cf51"><testcase classname="tests.test_unknown_doc_reclaim" name="test_preview_counts_only_true_candidates" time="0.003" /><testcase classname="tests.test_unknown_doc_reclaim" name="test_dry_run_performs_no_mutations" time="0.002" /><testcase classname="tests.test_unknown_doc_reclaim" name="test_execute_flips_status_and_adds_audit_fields" time="0.002" /><testcase classname="tests.test_unknown_doc_reclaim" name="test_idempotent_second_run_is_noop" time="0.001" /><testcase classname="tests.test_unknown_doc_reclaim" name="test_bc_evidence_blocks_reclaim" time="0.001" /><testcase classname="tests.test_unknown_doc_reclaim" name="test_known_doc_type_never_reclaimed" time="0.001" /><testcase classname="tests.test_unknown_doc_reclaim" name="test_limit_caps_mutation_count" time="0.004" /><testcase classname="tests.test_unknown_doc_reclaim" name="test_audit_run_logged" time="0.001" /><testcase classname="tests.test_unknown_doc_reclaim" name="test_mixed_seed_realistic_scenario" time="0.002" /></testsuite></testsuites>