<?xml version="1.0" encoding="utf-8"?><testsuites name="pytest tests"><testsuite name="pytest" errors="0" failures="0" skipped="0" tests="11" time="1.681" timestamp="2026-03-25T22:52:04.558303+00:00" hostname="agent-env-c9a04e26-8649-432b-ade1-d19cfa9184f8"><testcase classname="backend.tests.test_iteration155_demo_removal.TestHealthAndBasics" name="test_health_endpoint" time="0.164" /><testcase classname="backend.tests.test_iteration155_demo_removal.TestBatchesTabBackend" name="test_list_batch_parent_documents" time="0.116" /><testcase classname="backend.tests.test_iteration155_demo_removal.TestBatchesTabBackend" name="test_batch_parent_has_children_count" time="0.123" /><testcase classname="backend.tests.test_iteration155_demo_removal.TestReprocessBatchEndpoint" name="test_reprocess_batch_endpoint_exists" time="0.245" /><testcase classname="backend.tests.test_iteration155_demo_removal.TestReprocessBatchEndpoint" name="test_reprocess_batch_validates_batch_parent" time="0.248" /><testcase classname="backend.tests.test_iteration155_demo_removal.TestProcessedTabExcludesBatchParent" name="test_completed_count_excludes_batch_parent" time="0.108" /><testcase classname="backend.tests.test_iteration155_demo_removal.TestAllTabExcludesBatchParent" name="test_queue_view_excludes_batch_parent" time="0.095" /><testcase classname="backend.tests.test_iteration155_demo_removal.TestInboxStats" name="test_inbox_stats_endpoint" time="0.113" /><testcase classname="backend.tests.test_iteration155_demo_removal.TestInsightsPage" name="test_insights_trends_endpoint" time="0.129" /><testcase classname="backend.tests.test_iteration155_demo_removal.TestSalesDashboard" name="test_triage_queue_endpoint" time="0.143" /><testcase classname="backend.tests.test_iteration155_demo_removal.TestSalesDashboard" name="test_my_queue_endpoint" time="0.124" /></testsuite></testsuites>