<?xml version="1.0" encoding="utf-8"?><testsuites name="pytest tests"><testsuite name="pytest" errors="0" failures="0" skipped="0" tests="82" time="0.293" timestamp="2026-04-19T21:57:38.462731+00:00" hostname="agent-env-393eedf6-6020-4204-b2fc-52145a47cf51"><testcase classname="tests.test_triage_tools" name="test_filename_shape[ROT12345.pdf-A+#+.A+]" time="0.001" /><testcase classname="tests.test_triage_tools" name="test_filename_shape[ROT12345_p1.pdf-A+#+_A+#+.A+]" time="0.000" /><testcase classname="tests.test_triage_tools" name="test_filename_shape[0303382.pdf-#+.A+]" time="0.000" /><testcase classname="tests.test_triage_tools" name="test_filename_shape[Invoice-123.pdf-A+-#+.A+]" time="0.000" /><testcase classname="tests.test_triage_tools" name="test_filename_shape[Apex 112543 Outbound 4-8-26.pdf-A+ #+ A+ #+-#+-#+.A+]" time="0.000" /><testcase classname="tests.test_triage_tools" name="test_filename_shape[-]" time="0.000" /><testcase classname="tests.test_triage_tools" name="test_filename_shape_is_symmetric" time="0.000" /><testcase classname="tests.test_triage_tools" name="test_unmatched_sample_groups_by_vendor_shape" time="0.002" /><testcase classname="tests.test_triage_tools" name="test_unmatched_sample_excludes_docs_a_rule_would_match" time="0.001" /><testcase classname="tests.test_triage_tools" name="test_unmatched_sample_respects_min_group_size" time="0.002" /><testcase classname="tests.test_triage_tools" name="test_duplicate_scan_groups_by_filename_vendor_day" time="0.001" /><testcase classname="tests.test_triage_tools" name="test_duplicate_scan_without_same_day" time="0.001" /><testcase classname="tests.test_triage_tools" name="test_duplicate_scan_skips_already_resolved" time="0.001" /><testcase classname="tests.test_triage_tools" name="test_duplicate_resolve_dry_run_no_mutation" time="0.001" /><testcase classname="tests.test_triage_tools" name="test_duplicate_resolve_keep_oldest" time="0.002" /><testcase classname="tests.test_triage_tools" name="test_duplicate_resolve_keep_newest" time="0.001" /><testcase classname="tests.test_triage_tools" name="test_duplicate_resolve_idempotent" time="0.001" /><testcase classname="tests.test_triage_tools" name="test_gammin_12x_prod_scenario" time="0.003" /><testcase classname="tests.test_filename_heuristics" name="test_classify_matches_prod_filenames[0305586_doc1.pdf-TUMALOC-AP_Invoice-tumaloc_numeric_freight]" time="0.000" /><testcase classname="tests.test_filename_heuristics" name="test_classify_matches_prod_filenames[0305181_doc1.pdf-TUMALOC-AP_Invoice-tumaloc_numeric_freight]" time="0.000" /><testcase classname="tests.test_filename_heuristics" name="test_classify_matches_prod_filenames[0303382.pdf-TUMALOC-AP_Invoice-tumaloc_numeric_freight]" time="0.000" /><testcase classname="tests.test_filename_heuristics" name="test_classify_matches_prod_filenames[0305379_p1.pdf-TUMALOC-AP_Invoice-tumaloc_numeric_freight]" time="0.000" /><testcase classname="tests.test_filename_heuristics" name="test_classify_matches_prod_filenames[Invoice-0493680_1_dragged__doc1_doc1_doc1.pdf-CARGOMO-AP_Invoice-cargomo_invoice_prefix]" time="0.000" /><testcase classname="tests.test_filename_heuristics" name="test_classify_matches_prod_filenames[Valley Distributing Receiving Report (ZRECPOCNFMNLNG)_8335_20260408144621957.pdf-Valley Distributing-BOL-valley_receiving_report]" time="0.000" /><testcase classname="tests.test_filename_heuristics" name="test_classify_matches_prod_filenames[MARCH 2026 ACTIVITY.pdf-Brown Warehouse Company-Monthly_Statement-brown_monthly_activity]" time="0.000" /><testcase classname="tests.test_filename_heuristics" name="test_classify_matches_prod_filenames[Scan2026-04-08_144056 WA2189-2190.pdf-SMC Worldwide LLC-BOL-smc_scan_warehouse_activity]" time="0.000" /><testcase classname="tests.test_filename_heuristics" name="test_classify_matches_prod_filenames[RENEWBIL_HEABRY_040310391622.pdf-Progressive Logistics-BOL-progressive_renewbil]" time="0.000" /><testcase classname="tests.test_filename_heuristics" name="test_classify_matches_prod_filenames[Apex 112543 Outbound 4-8-26.pdf-CROWN C-BOL-crown_apex_outbound]" time="0.000" /><testcase classname="tests.test_filename_heuristics" name="test_classify_matches_prod_filenames[W117508.pdf-GROUPWA-BOL-groupwa_w_prefix]" time="0.000" /><testcase classname="tests.test_filename_heuristics" name="test_classify_matches_prod_filenames[W117505_p3.pdf-GROUPWA-BOL-groupwa_w_prefix]" time="0.000" /><testcase classname="tests.test_filename_heuristics" name="test_classify_matches_prod_filenames[GAMMIN_AR_20260316.xls-GAMMIN-AR_Statement-gammin_ar_statement]" time="0.000" /><testcase classname="tests.test_filename_heuristics" name="test_classify_matches_prod_filenames[112803.pdf-Lone Star Integrated Distribution, LLC-AP_Invoice-lonestar_numeric]" time="0.000" /><testcase classname="tests.test_filename_heuristics" name="test_classify_matches_prod_filenames[GamerPackaging_13790.pdf-Valley Distributing and Storage Company-BOL-valley_gamerpackaging]" time="0.000" /><testcase classname="tests.test_filename_heuristics" name="test_classify_no_false_positives[CI_PL_PO_111771_111779_16oz_Kimchi_Jar.pdf-None]" time="0.000" /><testcase classname="tests.test_filename_heuristics" name="test_classify_no_false_positives[Gamer Ship 3626.pdf-None]" time="0.000" /><testcase classname="tests.test_filename_heuristics" name="test_classify_no_false_positives[cmn_b3532cd1-5508-4db6-950a-b55451277b9c.png-CARGOMO]" time="0.000" /><testcase classname="tests.test_filename_heuristics" name="test_classify_no_false_positives[image.png-None]" time="0.000" /><testcase classname="tests.test_filename_heuristics" name="test_classify_no_false_positives[-None]" time="0.000" /><testcase classname="tests.test_filename_heuristics" name="test_classify_no_false_positives[some_random_file.pdf-SOMEVENDOR]" time="0.000" /><testcase classname="tests.test_filename_heuristics" name="test_classify_no_false_positives[112803.pdf-UnknownVendor]" time="0.000" /><testcase classname="tests.test_filename_heuristics" name="test_classify_no_false_positives[Invoice-12.pdf-None]" time="0.000" /><testcase classname="tests.test_filename_heuristics" name="test_classify_handles_none_filename" time="0.000" /><testcase classname="tests.test_filename_heuristics" name="test_rules_all_have_evidence_notes" time="0.000" /><testcase classname="tests.test_filename_heuristics" name="test_list_rules_endpoint_shape" time="0.000" /><testcase classname="tests.test_filename_heuristics" name="test_preview_counts_matched_vs_unmatched" time="0.002" /><testcase classname="tests.test_filename_heuristics" name="test_preview_does_not_mutate" time="0.001" /><testcase classname="tests.test_filename_heuristics" name="test_apply_enriches_matched_docs" time="0.001" /><testcase classname="tests.test_filename_heuristics" name="test_apply_respects_min_confidence" time="0.001" /><testcase classname="tests.test_filename_heuristics" name="test_apply_idempotent" time="0.001" /><testcase classname="tests.test_filename_heuristics" name="test_apply_never_touches_bc_evidence" time="0.001" /><testcase classname="tests.test_filename_heuristics" name="test_apply_audit_run_logged" time="0.001" /><testcase classname="tests.test_filename_heuristics" name="test_prod_shape_realistic_mix" time="0.003" /><testcase classname="tests.test_unknown_doc_reclaim" name="test_preview_counts_only_true_candidates" time="0.002" /><testcase classname="tests.test_unknown_doc_reclaim" name="test_dry_run_performs_no_mutations" time="0.001" /><testcase classname="tests.test_unknown_doc_reclaim" name="test_execute_flips_status_and_adds_audit_fields" time="0.001" /><testcase classname="tests.test_unknown_doc_reclaim" name="test_idempotent_second_run_is_noop" time="0.001" /><testcase classname="tests.test_unknown_doc_reclaim" name="test_bc_evidence_blocks_reclaim" time="0.001" /><testcase classname="tests.test_unknown_doc_reclaim" name="test_known_doc_type_never_reclaimed" time="0.001" /><testcase classname="tests.test_unknown_doc_reclaim" name="test_limit_caps_mutation_count" time="0.004" /><testcase classname="tests.test_unknown_doc_reclaim" name="test_audit_run_logged" time="0.001" /><testcase classname="tests.test_unknown_doc_reclaim" name="test_mixed_seed_realistic_scenario" time="0.002" /><testcase classname="tests.test_unknown_doc_reclaim_smart" name="test_is_noise_positive" time="0.000" /><testcase classname="tests.test_unknown_doc_reclaim_smart" name="test_is_noise_negative" time="0.000" /><testcase classname="tests.test_unknown_doc_reclaim_smart" name="test_smart_mode_child_inherits_parent_doc_type" time="0.001" /><testcase classname="tests.test_unknown_doc_reclaim_smart" name="test_smart_mode_does_not_overwrite_existing_child_vendor" time="0.001" /><testcase classname="tests.test_unknown_doc_reclaim_smart" name="test_smart_mode_no_parent_falls_through_to_plain" time="0.001" /><testcase classname="tests.test_unknown_doc_reclaim_smart" name="test_smart_mode_unclassified_parent_falls_through" time="0.001" /><testcase classname="tests.test_unknown_doc_reclaim_smart" name="test_skip_noise_removes_from_review_queue" time="0.001" /><testcase classname="tests.test_unknown_doc_reclaim_smart" name="test_skip_noise_respected_in_idempotency" time="0.001" /><testcase classname="tests.test_unknown_doc_reclaim_smart" name="test_noise_wins_over_smart_even_with_classified_parent" time="0.001" /><testcase classname="tests.test_unknown_doc_reclaim_smart" name="test_preview_surfaces_smart_and_noise_counts" time="0.002" /><testcase classname="tests.test_unknown_doc_reclaim_smart" name="test_run_result_contains_all_mode_counters" time="0.001" /><testcase classname="tests.test_unknown_doc_reclaim_post_process" name="test_only_reclaimed_and_visible_are_candidates" time="0.001" /><testcase classname="tests.test_unknown_doc_reclaim_post_process" name="test_dry_run_does_not_mutate" time="0.001" /><testcase classname="tests.test_unknown_doc_reclaim_post_process" name="test_noise_reverted_out_of_needs_review" time="0.001" /><testcase classname="tests.test_unknown_doc_reclaim_post_process" name="test_smart_inheritance_applied_retroactively" time="0.001" /><testcase classname="tests.test_unknown_doc_reclaim_post_process" name="test_smart_skips_unclassified_parent" time="0.001" /><testcase classname="tests.test_unknown_doc_reclaim_post_process" name="test_smart_skips_children_already_inherited" time="0.001" /><testcase classname="tests.test_unknown_doc_reclaim_post_process" name="test_noise_wins_over_smart_in_post_process" time="0.001" /><testcase classname="tests.test_unknown_doc_reclaim_post_process" name="test_second_run_picks_zero" time="0.002" /><testcase classname="tests.test_unknown_doc_reclaim_post_process" name="test_audit_row_written_and_retrievable" time="0.001" /><testcase classname="tests.test_unknown_doc_reclaim_post_process" name="test_prod_shape_372_like_mix" time="0.006" /></testsuite></testsuites>