<?xml version="1.0" encoding="utf-8"?><testsuites name="pytest tests"><testsuite name="pytest" errors="0" failures="0" skipped="0" tests="13" time="2.120" timestamp="2026-04-19T21:27:40.129707+00:00" hostname="agent-env-393eedf6-6020-4204-b2fc-52145a47cf51"><testcase classname="tests.test_unknown_doc_reclaim_post_process_http" name="test_dry_run_shape_and_no_mutation" time="0.282" /><testcase classname="tests.test_unknown_doc_reclaim_post_process_http" name="test_execute_skip_noise_reverts_out_of_queue" time="0.152" /><testcase classname="tests.test_unknown_doc_reclaim_post_process_http" name="test_execute_smart_inherits_parent" time="0.128" /><testcase classname="tests.test_unknown_doc_reclaim_post_process_http" name="test_noise_wins_over_smart" time="0.126" /><testcase classname="tests.test_unknown_doc_reclaim_post_process_http" name="test_second_run_picks_zero_for_our_docs" time="0.246" /><testcase classname="tests.test_unknown_doc_reclaim_post_process_http" name="test_organic_needs_review_doc_never_touched" time="0.160" /><testcase classname="tests.test_unknown_doc_reclaim_post_process_http" name="test_bc_evidence_blocks_post_process" time="0.152" /><testcase classname="tests.test_unknown_doc_reclaim_post_process_http" name="test_resolved_doc_never_touched" time="0.124" /><testcase classname="tests.test_unknown_doc_reclaim_post_process_http" name="test_post_process_runs_endpoint" time="0.111" /><testcase classname="tests.test_unknown_doc_reclaim_post_process_http" name="test_regression_related_endpoints_200[/api/dashboard/inbox-stats]" time="0.122" /><testcase classname="tests.test_unknown_doc_reclaim_post_process_http" name="test_regression_related_endpoints_200[/api/learning/pattern-health/unified]" time="0.114" /><testcase classname="tests.test_unknown_doc_reclaim_post_process_http" name="test_regression_related_endpoints_200[/api/admin/unknown-doc-reclaim/preview]" time="0.108" /><testcase classname="tests.test_unknown_doc_reclaim_post_process_http" name="test_regression_related_endpoints_200[/api/admin/unknown-doc-reclaim/runs]" time="0.136" /></testsuite></testsuites>