<?xml version="1.0" encoding="utf-8"?><testsuites name="pytest tests"><testsuite name="pytest" errors="0" failures="0" skipped="3" tests="156" time="3.011" timestamp="2026-04-22T18:00:53.575612+00:00" hostname="agent-env-393eedf6-6020-4204-b2fc-52145a47cf51"><testcase classname="tests.test_posting_attempts_history" name="test_build_attempt_shape_is_stable" time="0.001" /><testcase classname="tests.test_posting_attempts_history" name="test_build_attempt_truncates_long_errors_and_preserves_full" time="0.000" /><testcase classname="tests.test_posting_attempts_history" name="test_build_attempt_short_error_does_not_populate_error_full" time="0.000" /><testcase classname="tests.test_posting_attempts_history" name="test_next_attempt_n_on_empty_doc_returns_1" time="0.010" /><testcase classname="tests.test_posting_attempts_history" name="test_next_attempt_n_increments_with_existing_attempts" time="0.005" /><testcase classname="tests.test_posting_attempts_history" name="test_record_standalone_attempt_is_append_only" time="0.006" /><testcase classname="tests.test_posting_attempts_history" name="test_release_claim_with_attempt_appends_atomically" time="0.005" /><testcase classname="tests.test_posting_attempts_history" name="test_release_claim_without_attempt_does_not_break_legacy_callers" time="0.005" /><testcase classname="tests.test_posting_attempts_history" name="test_legacy_migration_synthesizes_single_entry" time="0.005" /><testcase classname="tests.test_posting_attempts_history" name="test_legacy_migration_is_idempotent" time="0.005" /><testcase classname="tests.test_posting_attempts_history" name="test_ap_auto_post_success_appends_posted_attempt" time="0.181" /><testcase classname="tests.test_posting_attempts_history" name="test_ap_auto_post_partial_post_appends_partial_attempt" time="0.009" /><testcase classname="tests.test_bc_retry_backoff" name="test_retry_returns_immediately_on_2xx" time="0.001" /><testcase classname="tests.test_bc_retry_backoff" name="test_retry_passes_through_4xx_non_429_immediately" time="0.001" /><testcase classname="tests.test_bc_retry_backoff" name="test_retry_recovers_after_429_then_200" time="0.001" /><testcase classname="tests.test_bc_retry_backoff" name="test_retry_exhausts_on_three_consecutive_503" time="0.001" /><testcase classname="tests.test_bc_retry_backoff" name="test_retry_handles_connection_errors_as_retriable" time="0.001" /><testcase classname="tests.test_bc_retry_backoff" name="test_retry_respects_max_attempts_of_1" time="0.001" /><testcase classname="tests.test_bc_retry_backoff" name="test_create_purchase_invoice_returns_retries_exhausted_on_all_503" time="0.002" /><testcase classname="tests.test_bc_retry_backoff" name="test_create_purchase_invoice_recovers_after_one_429" time="0.002" /><testcase classname="tests.test_bc_retry_backoff" name="test_jitter_sleep_within_expected_band" time="0.000" /><testcase classname="tests.test_bc_posting_engine_lifecycle" name="test_new_events_exist" time="0.000" /><testcase classname="tests.test_bc_posting_engine_lifecycle" name="test_new_states_exist" time="0.000" /><testcase classname="tests.test_bc_posting_engine_lifecycle" name="test_ap_invoice_on_bc_posting_started_from_valid_states[approved]" time="0.000" /><testcase classname="tests.test_bc_posting_engine_lifecycle" name="test_ap_invoice_on_bc_posting_started_from_valid_states[ready_for_approval]" time="0.000" /><testcase classname="tests.test_bc_posting_engine_lifecycle" name="test_ap_invoice_on_bc_posting_started_from_invalid_state_is_rejected" time="0.000" /><testcase classname="tests.test_bc_posting_engine_lifecycle" name="test_ap_invoice_posting_lifecycle_happy_path" time="0.000" /><testcase classname="tests.test_bc_posting_engine_lifecycle" name="test_ap_invoice_posting_lifecycle_partial_path" time="0.000" /><testcase classname="tests.test_bc_posting_engine_lifecycle" name="test_ap_invoice_posting_lifecycle_hard_failure_rolls_back_to_approved" time="0.000" /><testcase classname="tests.test_bc_posting_engine_lifecycle" name="test_in_progress_cannot_jump_directly_back_to_ready_for_approval" time="0.000" /><testcase classname="tests.test_bc_posting_engine_lifecycle" name="test_workflow_history_records_bc_post_events" time="0.000" /><testcase classname="tests.test_auth_enforcement.TestPasswordHashing" name="test_hash_is_bcrypt_and_verifies" time="0.666" /><testcase classname="tests.test_auth_enforcement.TestPasswordHashing" name="test_verify_returns_false_on_garbage_hash" time="0.000" /><testcase classname="tests.test_auth_enforcement.TestTokenCreateDecode" name="test_roundtrip" time="0.001" /><testcase classname="tests.test_auth_enforcement.TestTokenCreateDecode" name="test_expired_token_rejected" time="0.000" /><testcase classname="tests.test_auth_enforcement.TestTokenCreateDecode" name="test_tampered_signature_rejected" time="0.000" /><testcase classname="tests.test_auth_enforcement.TestTokenCreateDecode" name="test_missing_secret_raises_runtime" time="0.000" /><testcase classname="tests.test_auth_enforcement.TestTokenCreateDecode" name="test_insecure_default_secret_rejected" time="0.000" /><testcase classname="tests.test_auth_enforcement.TestTokenCreateDecode" name="test_wrong_token_type_rejected" time="0.000" /><testcase classname="tests.test_auth_enforcement.TestStartupValidator" name="test_passes_when_all_secrets_present" time="0.001" /><testcase classname="tests.test_auth_enforcement.TestStartupValidator" name="test_fails_when_required_missing[JWT_SECRET]" time="0.000" /><testcase classname="tests.test_auth_enforcement.TestStartupValidator" name="test_fails_when_required_missing[ADMIN_EMAIL]" time="0.000" /><testcase classname="tests.test_auth_enforcement.TestStartupValidator" name="test_fails_when_required_missing[ADMIN_PASSWORD]" time="0.000" /><testcase classname="tests.test_auth_enforcement.TestStartupValidator" name="test_fails_when_required_missing[MONGO_URL]" time="0.000" /><testcase classname="tests.test_auth_enforcement.TestStartupValidator" name="test_rejects_insecure_defaults[insecure0]" time="0.000" /><testcase classname="tests.test_auth_enforcement.TestStartupValidator" name="test_rejects_insecure_defaults[insecure1]" time="0.000" /><testcase classname="tests.test_auth_enforcement.TestStartupValidator" name="test_rejects_insecure_defaults[insecure2]" time="0.000" /><testcase classname="tests.test_auth_enforcement.TestStartupValidator" name="test_rejects_insecure_defaults[insecure3]" time="0.000" /><testcase classname="tests.test_auth_enforcement.TestStartupValidator" name="test_rejects_insecure_defaults[insecure4]" time="0.000" /><testcase classname="tests.test_auth_enforcement.TestLiveAuthFlow" name="test_login_then_me_then_logout" time="0.336" /><testcase classname="tests.test_auth_enforcement.TestLiveAuthFlow" name="test_me_without_token_is_401" time="0.025" /><testcase classname="tests.test_auth_enforcement.TestLiveAuthFlow" name="test_me_with_garbage_token_is_401" time="0.024" /><testcase classname="tests.test_auth_enforcement.TestLiveAuthFlow" name="test_login_wrong_password_is_401" time="0.247" /><testcase classname="tests.test_auth_enforcement.TestLiveAuthFlow" name="test_login_unknown_email_is_401" time="0.026" /><testcase classname="tests.test_auth_enforcement.TestLiveAuthFlow" name="test_backfill_endpoint_anonymous_blocked" time="0.028" /><testcase classname="tests.test_auth_enforcement.TestLiveAuthFlow" name="test_post_to_bc_endpoint_anonymous_blocked" time="0.024" /><testcase classname="tests.test_auth_enforcement.TestLiveAuthFlow" name="test_backfill_with_admin_token_allowed" time="0.256" /><testcase classname="tests.test_bc_post_claim.TestClaimFilterLogic" name="test_fresh_doc_with_no_status_is_claimable" time="0.001" /><testcase classname="tests.test_bc_post_claim.TestClaimFilterLogic" name="test_doc_in_failed_state_is_claimable" time="0.001" /><testcase classname="tests.test_bc_post_claim.TestClaimFilterLogic" name="test_terminal_success_states_block_new_claims[posted]" time="0.001" /><testcase classname="tests.test_bc_post_claim.TestClaimFilterLogic" name="test_terminal_success_states_block_new_claims[created]" time="0.001" /><testcase classname="tests.test_bc_post_claim.TestClaimFilterLogic" name="test_terminal_success_states_block_new_claims[auto_posted]" time="0.002" /><testcase classname="tests.test_bc_post_claim.TestClaimFilterLogic" name="test_missing_doc_returns_not_found" time="0.001" /><testcase classname="tests.test_bc_post_claim.TestClaimFilterLogic" name="test_fresh_in_flight_claim_blocks_new_claim" time="0.001" /><testcase classname="tests.test_bc_post_claim.TestClaimFilterLogic" name="test_stale_claim_is_reclaimable_after_ttl" time="0.001" /><testcase classname="tests.test_bc_post_claim.TestClaimFilterLogic" name="test_in_flight_missing_claimed_at_is_reclaimable" time="0.001" /><testcase classname="tests.test_bc_post_claim.TestClaimFilterLogic" name="test_short_ttl_override_allows_fast_reclaim" time="0.001" /><testcase classname="tests.test_bc_post_claim.TestClaimFilterLogic" name="test_invalid_target_state_raises" time="0.001" /><testcase classname="tests.test_bc_post_claim.TestClaimFilterLogic" name="test_extra_set_fields_are_written_atomically" time="0.001" /><testcase classname="tests.test_bc_post_claim.TestReleaseClaim" name="test_release_writes_final_state_and_clears_claim_fields" time="0.001" /><testcase classname="tests.test_bc_post_claim.TestReleaseClaim" name="test_release_after_success_blocks_future_claims" time="0.001" /><testcase classname="tests.test_bc_post_claim.TestReleaseClaim" name="test_release_to_failed_state_permits_retry" time="0.001" /><testcase classname="tests.test_bc_post_claim.TestConcurrentClaims" name="test_exactly_one_wins_under_concurrency" time="0.000"><skipped type="pytest.skip" message="MONGO_URL not reachable: None">/app/backend/tests/test_bc_post_claim.py:285: MONGO_URL not reachable: None</skipped></testcase><testcase classname="tests.test_bc_post_claim.TestConcurrentClaims" name="test_release_permits_exactly_one_retry_winner" time="0.000"><skipped type="pytest.skip" message="MONGO_URL not reachable: None">/app/backend/tests/test_bc_post_claim.py:285: MONGO_URL not reachable: None</skipped></testcase><testcase classname="tests.test_bc_post_claim.TestConcurrentClaims" name="test_posted_doc_rejects_all_concurrent_attempts" time="0.001"><skipped type="pytest.skip" message="MONGO_URL not reachable: None">/app/backend/tests/test_bc_post_claim.py:285: MONGO_URL not reachable: None</skipped></testcase><testcase classname="tests.test_bc_line_routing.TestAddInvoiceLinesPerTypeRouting" name="test_account_line_posts_with_accountId" time="0.001" /><testcase classname="tests.test_bc_line_routing.TestAddInvoiceLinesPerTypeRouting" name="test_item_line_posts_with_itemId" time="0.001" /><testcase classname="tests.test_bc_line_routing.TestAddInvoiceLinesPerTypeRouting" name="test_mixed_lines_each_routed_correctly" time="0.001" /><testcase classname="tests.test_bc_line_routing.TestAddInvoiceLinesPerTypeRouting" name="test_unresolved_account_becomes_error_not_freight" time="0.001" /><testcase classname="tests.test_bc_line_routing.TestAddInvoiceLinesPerTypeRouting" name="test_unclassified_line_falls_back_to_legacy_default" time="0.001" /><testcase classname="tests.test_bc_line_routing.TestAddInvoiceLinesPerTypeRouting" name="test_unclassified_line_no_legacy_env_errors_cleanly" time="0.001" /><testcase classname="tests.test_bc_line_routing.TestAddInvoiceLinesPerTypeRouting" name="test_line_post_failure_is_recorded_per_line" time="0.001" /><testcase classname="tests.test_bc_line_routing.TestPartialPostDetection" name="test_success_only_when_all_lines_added" time="0.001" /><testcase classname="tests.test_bc_line_routing.TestPartialPostDetection" name="test_header_ok_all_lines_fail_reports_partial_post" time="0.002" /><testcase classname="tests.test_bc_line_routing.TestPartialPostDetection" name="test_some_lines_fail_still_partial_post" time="0.001" /><testcase classname="tests.test_pi_preflight_reconcile.TestReconcileLineAmounts" name="test_consistent_line_requires_no_reconciliation" time="0.000" /><testcase classname="tests.test_pi_preflight_reconcile.TestReconcileLineAmounts" name="test_xpologi_regression_payload" time="0.000" /><testcase classname="tests.test_pi_preflight_reconcile.TestReconcileLineAmounts" name="test_zero_qty_collapses_to_unit" time="0.000" /><testcase classname="tests.test_pi_preflight_reconcile.TestReconcileLineAmounts" name="test_missing_qty_defaults_to_one" time="0.000" /><testcase classname="tests.test_pi_preflight_reconcile.TestReconcileLineAmounts" name="test_no_total_uses_qty_times_unit_price" time="0.000" /><testcase classname="tests.test_pi_preflight_reconcile.TestReconcileLineAmounts" name="test_tolerance_absorbs_penny_rounding" time="0.000" /><testcase classname="tests.test_pi_preflight_reconcile.TestReconcileLineAmounts" name="test_accepts_camelcase_unit_cost_key" time="0.000" /><testcase classname="tests.test_pi_preflight_reconcile.TestReconcileLineAmounts" name="test_accepts_amount_key_for_total" time="0.000" /><testcase classname="tests.test_pi_preflight_reconcile.TestReconcileLineAmounts" name="test_format_reconcile_suffix" time="0.000" /><testcase classname="tests.test_pi_preflight_reconcile.TestBuildSmartPiLinesReconciliation" name="test_xpologi_four_line_freight_invoice_reconciles" time="0.000" /><testcase classname="tests.test_pi_preflight_reconcile.TestBuildSmartPiLinesReconciliation" name="test_clean_single_line_not_marked_reconciled" time="0.000" /><testcase classname="tests.test_pi_preflight_reconcile.TestInvoiceTotalMismatchDetection" name="test_matching_totals_pass" time="0.000" /><testcase classname="tests.test_pi_preflight_reconcile.TestInvoiceTotalMismatchDetection" name="test_unreconciled_payload_emits_critical_mismatch" time="0.000" /><testcase classname="tests.test_pi_preflight_reconcile.TestInvoiceTotalMismatchDetection" name="test_tolerance_allows_small_rounding_drift" time="0.000" /><testcase classname="tests.test_pi_preflight_reconcile.TestInvoiceTotalMismatchDetection" name="test_tolerance_rejects_material_drift" time="0.000" /><testcase classname="tests.test_pi_preflight_reconcile.TestInvoiceTotalMismatchDetection" name="test_no_invoice_total_skips_check" time="0.000" /><testcase classname="tests.test_vendor_profile_fallbacks.TestExtractLinesFromLocalHistory" name="test_empty_history_returns_empty" time="0.000" /><testcase classname="tests.test_vendor_profile_fallbacks.TestExtractLinesFromLocalHistory" name="test_doc_without_lines_is_skipped" time="0.000" /><testcase classname="tests.test_vendor_profile_fallbacks.TestExtractLinesFromLocalHistory" name="test_populated_doc_becomes_synthetic_invoice" time="0.000" /><testcase classname="tests.test_vendor_profile_fallbacks.TestExtractLinesFromLocalHistory" name="test_synthetic_feeds_line_pattern_analyzer" time="0.001" /><testcase classname="tests.test_vendor_profile_fallbacks.TestBuildVendorProfileFallbacks" name="test_posted_fallback_populates_default_gl" time="0.003" /><testcase classname="tests.test_vendor_profile_fallbacks.TestBuildVendorProfileFallbacks" name="test_local_history_fallback_when_bc_unavailable" time="0.002" /><testcase classname="tests.test_vendor_profile_fallbacks.TestBuildVendorProfileFallbacks" name="test_no_fallbacks_yields_empty_gl_but_no_crash" time="0.002" /><testcase classname="tests.test_vendor_profile_fallbacks.TestBuildVendorProfileFallbacks" name="test_open_invoices_take_precedence_over_posted" time="0.002" /><testcase classname="tests.test_ap_path_consolidation.TestCanonicalPathARegistered" name="test_path_a_registered[set-vendor-_body0]" time="0.064" /><testcase classname="tests.test_ap_path_consolidation.TestCanonicalPathARegistered" name="test_path_a_registered[update-fields-_body1]" time="0.000" /><testcase classname="tests.test_ap_path_consolidation.TestCanonicalPathARegistered" name="test_path_a_registered[override-bc-validation-_body2]" time="0.000" /><testcase classname="tests.test_ap_path_consolidation.TestCanonicalPathARegistered" name="test_path_a_registered[start-approval-_body3]" time="0.000" /><testcase classname="tests.test_ap_path_consolidation.TestCanonicalPathARegistered" name="test_path_a_registered[approve-_body4]" time="0.000" /><testcase classname="tests.test_ap_path_consolidation.TestCanonicalPathARegistered" name="test_path_a_registered[reject-_body5]" time="0.000" /><testcase classname="tests.test_ap_path_consolidation.TestDeprecatedPathBFlagged" name="test_path_b_still_present[set-vendor-_body0]" time="0.000" /><testcase classname="tests.test_ap_path_consolidation.TestDeprecatedPathBFlagged" name="test_path_b_still_present[update-fields-_body1]" time="0.000" /><testcase classname="tests.test_ap_path_consolidation.TestDeprecatedPathBFlagged" name="test_path_b_still_present[override-bc-validation-_body2]" time="0.000" /><testcase classname="tests.test_ap_path_consolidation.TestDeprecatedPathBFlagged" name="test_path_b_still_present[start-approval-_body3]" time="0.000" /><testcase classname="tests.test_ap_path_consolidation.TestDeprecatedPathBFlagged" name="test_path_b_still_present[approve-_body4]" time="0.000" /><testcase classname="tests.test_ap_path_consolidation.TestDeprecatedPathBFlagged" name="test_path_b_still_present[reject-_body5]" time="0.000" /><testcase classname="tests.test_ap_path_consolidation.TestDeprecatedPathBFlagged" name="test_path_b_marked_deprecated[set-vendor-_body0]" time="0.000" /><testcase classname="tests.test_ap_path_consolidation.TestDeprecatedPathBFlagged" name="test_path_b_marked_deprecated[update-fields-_body1]" time="0.000" /><testcase classname="tests.test_ap_path_consolidation.TestDeprecatedPathBFlagged" name="test_path_b_marked_deprecated[override-bc-validation-_body2]" time="0.000" /><testcase classname="tests.test_ap_path_consolidation.TestDeprecatedPathBFlagged" name="test_path_b_marked_deprecated[start-approval-_body3]" time="0.000" /><testcase classname="tests.test_ap_path_consolidation.TestDeprecatedPathBFlagged" name="test_path_b_marked_deprecated[approve-_body4]" time="0.000" /><testcase classname="tests.test_ap_path_consolidation.TestDeprecatedPathBFlagged" name="test_path_b_marked_deprecated[reject-_body5]" time="0.000" /><testcase classname="tests.test_ap_path_consolidation.TestPathAAuthEnforcement" name="test_requires_jwt[set-vendor-body0]" time="0.003" /><testcase classname="tests.test_ap_path_consolidation.TestPathAAuthEnforcement" name="test_requires_jwt[update-fields-body1]" time="0.003" /><testcase classname="tests.test_ap_path_consolidation.TestPathAAuthEnforcement" name="test_requires_jwt[override-bc-validation-body2]" time="0.003" /><testcase classname="tests.test_ap_path_consolidation.TestPathAAuthEnforcement" name="test_requires_jwt[start-approval-body3]" time="0.003" /><testcase classname="tests.test_ap_path_consolidation.TestPathAAuthEnforcement" name="test_requires_jwt[approve-body4]" time="0.003" /><testcase classname="tests.test_ap_path_consolidation.TestPathAAuthEnforcement" name="test_requires_jwt[reject-body5]" time="0.003" /><testcase classname="tests.test_ap_path_consolidation.TestPathAAuthEnforcement" name="test_authenticated_reaches_handler[set-vendor-body0]" time="0.230" /><testcase classname="tests.test_ap_path_consolidation.TestPathAAuthEnforcement" name="test_authenticated_reaches_handler[update-fields-body1]" time="0.003" /><testcase classname="tests.test_ap_path_consolidation.TestPathAAuthEnforcement" name="test_authenticated_reaches_handler[override-bc-validation-body2]" time="0.003" /><testcase classname="tests.test_ap_path_consolidation.TestPathAAuthEnforcement" name="test_authenticated_reaches_handler[start-approval-body3]" time="0.004" /><testcase classname="tests.test_ap_path_consolidation.TestPathAAuthEnforcement" name="test_authenticated_reaches_handler[approve-body4]" time="0.003" /><testcase classname="tests.test_ap_path_consolidation.TestPathAAuthEnforcement" name="test_authenticated_reaches_handler[reject-body5]" time="0.003" /><testcase classname="tests.test_ap_path_consolidation.TestPathBDeprecationHeaders" name="test_error_response_carries_deprecation_headers[set-vendor-body0]" time="0.004" /><testcase classname="tests.test_ap_path_consolidation.TestPathBDeprecationHeaders" name="test_error_response_carries_deprecation_headers[update-fields-body1]" time="0.004" /><testcase classname="tests.test_ap_path_consolidation.TestPathBDeprecationHeaders" name="test_error_response_carries_deprecation_headers[override-bc-validation-body2]" time="0.004" /><testcase classname="tests.test_ap_path_consolidation.TestPathBDeprecationHeaders" name="test_error_response_carries_deprecation_headers[start-approval-body3]" time="0.004" /><testcase classname="tests.test_ap_path_consolidation.TestPathBDeprecationHeaders" name="test_error_response_carries_deprecation_headers[approve-body4]" time="0.004" /><testcase classname="tests.test_ap_path_consolidation.TestPathBDeprecationHeaders" name="test_error_response_carries_deprecation_headers[reject-body5]" time="0.004" /><testcase classname="tests.test_partial_post_detection" name="test_bc_service_header_accepted_lines_rejected_returns_partial_post" time="0.003" /><testcase classname="tests.test_partial_post_detection" name="test_bc_service_all_lines_accepted_returns_success" time="0.002" /><testcase classname="tests.test_partial_post_detection" name="test_auto_post_path_detects_partial_post_and_flips_success_false" time="0.005" /><testcase classname="tests.test_partial_post_detection" name="test_ap_auto_post_service_does_not_mark_posted_on_partial_post" time="0.005" /><testcase classname="tests.test_deprecation_metrics" name="test_endpoint_rejects_missing_jwt" time="0.002" /><testcase classname="tests.test_deprecation_metrics" name="test_endpoint_rejects_days_zero" time="0.228" /><testcase classname="tests.test_deprecation_metrics" name="test_phase_4_gate_block_present_in_response" time="0.004" /><testcase classname="tests.test_deprecation_metrics" name="test_gate_met_true_when_no_hits" time="0.007" /><testcase classname="tests.test_deprecation_metrics" name="test_gate_met_false_when_in_window_hit_exists" time="0.006" /><testcase classname="tests.test_deprecation_metrics" name="test_gate_met_true_when_hit_is_outside_7day_window" time="0.006" /><testcase classname="tests.test_deprecation_metrics" name="test_gate_query_is_independent_of_days_param" time="0.007" /></testsuite></testsuites>