<?xml version="1.0" encoding="utf-8"?><testsuites name="pytest tests"><testsuite name="pytest" errors="0" failures="0" skipped="0" tests="19" time="5.011" timestamp="2026-04-11T03:48:48.181520+00:00" hostname="agent-env-111c6d79-e079-44a4-bb43-6e489844e2f6"><testcase classname="tests.test_iteration204_validation_gaps.TestRunFullCycle" name="test_run_full_cycle_returns_200" time="0.587" /><testcase classname="tests.test_iteration204_validation_gaps.TestRunFullCycle" name="test_run_full_cycle_has_9_steps" time="0.495" /><testcase classname="tests.test_iteration204_validation_gaps.TestRunFullCycle" name="test_run_full_cycle_includes_8_final_cleanup" time="0.509" /><testcase classname="tests.test_iteration204_validation_gaps.TestRunFullCycle" name="test_run_full_cycle_all_9_steps_present" time="0.512" /><testcase classname="tests.test_iteration204_validation_gaps.TestRunFullCycle" name="test_run_full_cycle_2b_validation_gaps_structure" time="0.533" /><testcase classname="tests.test_iteration204_validation_gaps.TestFixValidationGaps" name="test_fix_validation_gaps_returns_200" time="0.109" /><testcase classname="tests.test_iteration204_validation_gaps.TestFixValidationGaps" name="test_fix_validation_gaps_has_po_learning" time="0.098" /><testcase classname="tests.test_iteration204_validation_gaps.TestFixValidationGaps" name="test_fix_validation_gaps_has_vendor_resolution" time="0.117" /><testcase classname="tests.test_iteration204_validation_gaps.TestFixValidationGaps" name="test_fix_validation_gaps_has_reevaluation" time="0.113" /><testcase classname="tests.test_iteration204_validation_gaps.TestSyncStatus" name="test_sync_status_returns_200" time="0.119" /><testcase classname="tests.test_iteration204_validation_gaps.TestSyncStatus" name="test_sync_status_has_rule23_po_relaxed_vendor" time="0.111" /><testcase classname="tests.test_iteration204_validation_gaps.TestSyncStatus" name="test_sync_status_has_rule24_shipping_supporting" time="0.159" /><testcase classname="tests.test_iteration204_validation_gaps.TestSyncStatus" name="test_sync_status_has_rule25_no_blockers" time="0.124" /><testcase classname="tests.test_iteration204_validation_gaps.TestSyncStatus" name="test_sync_status_has_total_fixed_and_remaining" time="0.134" /><testcase classname="tests.test_iteration204_validation_gaps.TestReadinessMetrics" name="test_readiness_metrics_returns_200" time="0.106" /><testcase classname="tests.test_iteration204_validation_gaps.TestReadinessMetrics" name="test_readiness_metrics_has_valid_structure" time="0.108" /><testcase classname="tests.test_iteration204_validation_gaps.TestAutomationRate" name="test_automation_rate_returns_200" time="0.103" /><testcase classname="tests.test_iteration204_validation_gaps.TestAutomationRate" name="test_automation_rate_has_valid_structure" time="0.130" /><testcase classname="tests.test_iteration204_validation_gaps.TestUnitTestsDirectExecution" name="test_unit_tests_pass" time="0.757" /></testsuite></testsuites>