<?xml version="1.0" encoding="utf-8"?><testsuites name="pytest tests"><testsuite name="pytest" errors="0" failures="0" skipped="0" tests="17" time="19.054" timestamp="2026-04-01T17:47:01.363067+00:00" hostname="agent-env-b189b14f-1f88-4c2a-9422-38c074483ead"><testcase classname="tests.test_knowledge_seed.TestKnowledgeSeedStatus" name="test_status_endpoint_returns_200" time="0.267" /><testcase classname="tests.test_knowledge_seed.TestKnowledgeSeedStatus" name="test_status_contains_vendor_aliases" time="0.235" /><testcase classname="tests.test_knowledge_seed.TestKnowledgeSeedStatus" name="test_status_contains_domain_mappings" time="0.259" /><testcase classname="tests.test_knowledge_seed.TestKnowledgeSeedStatus" name="test_status_contains_vendor_profiles" time="0.215" /><testcase classname="tests.test_knowledge_seed.TestKnowledgeSeedStatus" name="test_status_contains_bc_reference_cache" time="0.211" /><testcase classname="tests.test_knowledge_seed.TestKnowledgeSeedStatus" name="test_status_contains_classification_corrections" time="0.183" /><testcase classname="tests.test_knowledge_seed.TestKnowledgeSeedStatus" name="test_status_health_indicators" time="0.184" /><testcase classname="tests.test_knowledge_seed.TestKnowledgeSeedRunAll" name="test_run_all_returns_200" time="2.188" /><testcase classname="tests.test_knowledge_seed.TestKnowledgeSeedRunAll" name="test_run_all_returns_vendor_aliases_result" time="2.327" /><testcase classname="tests.test_knowledge_seed.TestKnowledgeSeedRunAll" name="test_run_all_returns_sender_domains_result" time="2.401" /><testcase classname="tests.test_knowledge_seed.TestKnowledgeSeedRunAll" name="test_run_all_returns_vendor_profiles_result" time="2.614" /><testcase classname="tests.test_knowledge_seed.TestKnowledgeSeedRunAll" name="test_run_all_is_idempotent" time="4.735" /><testcase classname="tests.test_knowledge_seed.TestIndividualSeeders" name="test_vendor_aliases_endpoint" time="0.934" /><testcase classname="tests.test_knowledge_seed.TestIndividualSeeders" name="test_sender_domains_endpoint" time="0.203" /><testcase classname="tests.test_knowledge_seed.TestIndividualSeeders" name="test_vendor_profiles_endpoint" time="1.537" /><testcase classname="tests.test_knowledge_seed.TestVendorProfileStructure" name="test_vendor_profile_has_amount_stats" time="0.225" /><testcase classname="tests.test_knowledge_seed.TestFeedbackContextBuilder" name="test_feedback_context_endpoint_exists" time="0.202" /></testsuite></testsuites>