<?xml version="1.0" encoding="utf-8"?><testsuites name="pytest tests"><testsuite name="pytest" errors="0" failures="0" skipped="0" tests="10" time="0.112" timestamp="2026-04-19T01:30:57.181771+00:00" hostname="agent-env-393eedf6-6020-4204-b2fc-52145a47cf51"><testcase classname="tests.test_learning_core_events" name="test_record_event_happy_path" time="0.078" /><testcase classname="tests.test_learning_core_events" name="test_record_event_coerces_unknown_domain_to_generic" time="0.001" /><testcase classname="tests.test_learning_core_events" name="test_list_events_filters_by_domain" time="0.001" /><testcase classname="tests.test_learning_core_events" name="test_get_domain_summary_shape" time="0.001" /><testcase classname="tests.test_learning_core_events" name="test_get_trend_returns_dense_series_with_zero_fill" time="0.001" /><testcase classname="tests.test_learning_core_events" name="test_get_trend_clamps_days_range" time="0.001" /><testcase classname="tests.test_learning_core_events" name="test_get_trend_filters_by_domain" time="0.001" /><testcase classname="tests.test_learning_core_events" name="test_leaderboard_ranks_actors_by_event_count" time="0.001" /><testcase classname="tests.test_learning_core_events" name="test_leaderboard_respects_window_and_limit" time="0.000" /><testcase classname="tests.test_learning_core_events" name="test_intake_feedback_dual_writes_to_learning_core" time="0.001" /></testsuite></testsuites>