<?xml version="1.0" encoding="utf-8"?><testsuites name="pytest tests"><testsuite name="pytest" errors="0" failures="0" skipped="0" tests="8" time="4.820" timestamp="2026-03-25T18:06:08.391701+00:00" hostname="agent-env-03b035e5-0b60-4783-b298-8457b64af89b"><testcase classname="tests.test_learned_dunnage_patterns.TestLearnedDunnagePatterns" name="test_batch_demo_seeds_pattern_data" time="3.438" /><testcase classname="tests.test_learned_dunnage_patterns.TestLearnedDunnagePatterns" name="test_preflight_returns_pattern_suggestions_for_c9874_item" time="0.144" /><testcase classname="tests.test_learned_dunnage_patterns.TestLearnedDunnagePatterns" name="test_preflight_suggested_lines_have_correct_quantities" time="0.507" /><testcase classname="tests.test_learned_dunnage_patterns.TestLearnedDunnagePatterns" name="test_preflight_separates_suggested_from_regular_lines" time="0.116" /><testcase classname="tests.test_learned_dunnage_patterns.TestLearnedDunnagePatterns" name="test_preflight_no_suggestions_for_non_c9874_items" time="0.120" /><testcase classname="tests.test_learned_dunnage_patterns.TestLearnedDunnagePatterns" name="test_preflight_customer_c10250_giovanni" time="0.121" /><testcase classname="tests.test_learned_dunnage_patterns.TestPreflightEndpointBasics" name="test_preflight_returns_404_for_nonexistent_doc" time="0.110" /><testcase classname="tests.test_learned_dunnage_patterns.TestPreflightEndpointBasics" name="test_preflight_returns_ready_status" time="0.116" /></testsuite></testsuites>