<?xml version="1.0" encoding="utf-8"?><testsuites name="pytest tests"><testsuite name="pytest" errors="0" failures="0" skipped="0" tests="13" time="0.956" timestamp="2026-04-08T13:48:31.942177+00:00" hostname="agent-env-ef671cde-b353-40d1-9d22-e72b05c0d186"><testcase classname="tests.test_missing_required_fields_fix_iteration194.TestEvaluateReadinessDirectImport" name="test_ap_invoice_with_bc_vendor_number_but_missing_fields_gets_ready_auto_draft" time="0.082" /><testcase classname="tests.test_missing_required_fields_fix_iteration194.TestEvaluateReadinessDirectImport" name="test_document_with_no_vendor_anywhere_gets_blocked" time="0.000" /><testcase classname="tests.test_missing_required_fields_fix_iteration194.TestEvaluateReadinessDirectImport" name="test_bol_doc_type_with_vendor_but_no_amount_gets_ready_auto_draft" time="0.000" /><testcase classname="tests.test_missing_required_fields_fix_iteration194.TestEvaluateReadinessDirectImport" name="test_vendor_resolved_via_vendor_canonical_only" time="0.000" /><testcase classname="tests.test_missing_required_fields_fix_iteration194.TestEvaluateReadinessDirectImport" name="test_vendor_resolved_via_unified_vendor_match" time="0.000" /><testcase classname="tests.test_missing_required_fields_fix_iteration194.TestCheckApReadyToPostDirectImport" name="test_vendor_canonical_used_when_extracted_vendor_empty" time="0.001" /><testcase classname="tests.test_missing_required_fields_fix_iteration194.TestCheckApReadyToPostDirectImport" name="test_external_document_no_used_for_invoice_number" time="0.000" /><testcase classname="tests.test_missing_required_fields_fix_iteration194.TestCheckApReadyToPostDirectImport" name="test_normalized_fields_amount_used" time="0.000" /><testcase classname="tests.test_missing_required_fields_fix_iteration194.TestReadinessAPIEndpoints" name="test_get_readiness_metrics" time="0.191" /><testcase classname="tests.test_missing_required_fields_fix_iteration194.TestReadinessAPIEndpoints" name="test_get_automation_rate" time="0.160" /><testcase classname="tests.test_missing_required_fields_fix_iteration194.TestReadinessAPIEndpoints" name="test_post_reevaluate_all" time="0.446" /><testcase classname="tests.test_missing_required_fields_fix_iteration194.TestMissingRequiredFieldsWarningVsBlocking" name="test_missing_fields_warning_when_vendor_resolved" time="0.000" /><testcase classname="tests.test_missing_required_fields_fix_iteration194.TestMissingRequiredFieldsWarningVsBlocking" name="test_missing_fields_blocking_when_vendor_not_resolved" time="0.000" /></testsuite></testsuites>