<?xml version="1.0" encoding="utf-8"?><testsuites name="pytest tests"><testsuite name="pytest" errors="0" failures="0" skipped="0" tests="8" time="1.207" timestamp="2026-04-04T21:17:47.132289+00:00" hostname="agent-env-81f248d5-6a9d-406a-8513-cffbfaf83bec"><testcase classname="backend.tests.test_monitoring_dashboard.TestMonitoringDashboardAPIs" name="test_learning_pulse_endpoint" time="0.182" /><testcase classname="backend.tests.test_monitoring_dashboard.TestMonitoringDashboardAPIs" name="test_deep_learning_summary_endpoint" time="0.119" /><testcase classname="backend.tests.test_monitoring_dashboard.TestMonitoringDashboardAPIs" name="test_gap_closer_status_endpoint" time="0.135" /><testcase classname="backend.tests.test_monitoring_dashboard.TestMonitoringDashboardAPIs" name="test_escalation_intelligence_endpoint" time="0.107" /><testcase classname="backend.tests.test_monitoring_dashboard.TestMonitoringDashboardAPIs" name="test_duplicate_intelligence_endpoint" time="0.140" /><testcase classname="backend.tests.test_monitoring_dashboard.TestRegressionAPIs" name="test_learning_dashboard_endpoint" time="0.107" /><testcase classname="backend.tests.test_monitoring_dashboard.TestRegressionAPIs" name="test_advanced_learning_summary_endpoint" time="0.214" /><testcase classname="backend.tests.test_monitoring_dashboard.TestRegressionAPIs" name="test_health_endpoint" time="0.112" /></testsuite></testsuites>