<?xml version="1.0" encoding="utf-8"?><testsuites name="pytest tests"><testsuite name="pytest" errors="0" failures="0" skipped="0" tests="19" time="6.510" timestamp="2026-03-14T21:01:19.124873+00:00" hostname="agent-env-359b696f-4c17-44e7-9308-477f2f017d31"><testcase classname="tests.test_operations_queue.TestOperationsQueueEndpoint" name="test_operations_queue_returns_200" time="0.522" /><testcase classname="tests.test_operations_queue.TestOperationsQueueEndpoint" name="test_operations_queue_sorted_by_priority_desc" time="0.420" /><testcase classname="tests.test_operations_queue.TestOperationsQueueEndpoint" name="test_filter_by_entity_type_sales_order" time="0.368" /><testcase classname="tests.test_operations_queue.TestOperationsQueueEndpoint" name="test_filter_by_entity_type_po_draft" time="0.131" /><testcase classname="tests.test_operations_queue.TestOperationsQueueEndpoint" name="test_item_structure_has_required_fields" time="0.395" /><testcase classname="tests.test_operations_queue.TestOperationsQueueEndpoint" name="test_items_with_zero_score_excluded" time="0.321" /><testcase classname="tests.test_operations_queue.TestOperationsQueueEndpoint" name="test_high_priority_count_correct" time="0.350" /><testcase classname="tests.test_operations_queue.TestPriorityScoring" name="test_missing_approval_adds_50_points" time="0.426" /><testcase classname="tests.test_operations_queue.TestPriorityScoring" name="test_action_required_list_not_empty_for_items_in_queue" time="0.409" /><testcase classname="tests.test_operations_queue.TestPriorityScoring" name="test_next_action_matches_first_action_required" time="0.409" /><testcase classname="tests.test_operations_queue.TestPagination" name="test_limit_and_offset" time="0.755" /><testcase classname="tests.test_operations_queue.TestPagination" name="test_response_includes_pagination_metadata" time="0.385" /><testcase classname="tests.test_operations_queue.TestSOQueueItems" name="test_warehouse_so_in_queue_if_missing_actions" time="0.332" /><testcase classname="tests.test_operations_queue.TestSOQueueItems" name="test_drop_ship_so_in_queue_if_missing_po_draft" time="0.351" /><testcase classname="tests.test_operations_queue.TestPODraftQueueItems" name="test_po_draft_missing_vendor_in_queue" time="0.132" /><testcase classname="tests.test_operations_queue.TestPODraftQueueItems" name="test_po_draft_includes_order_type" time="0.124" /><testcase classname="tests.test_operations_queue.TestRegressionIteration86" name="test_approval_endpoints_still_work" time="0.110" /><testcase classname="tests.test_operations_queue.TestRegressionIteration86" name="test_approval_status_in_queue_items" time="0.360" /><testcase classname="tests.test_operations_queue.TestRegressionIteration85" name="test_document_link_endpoint_still_works" time="0.122" /></testsuite></testsuites>