<?xml version="1.0" encoding="utf-8"?><testsuites name="pytest tests"><testsuite name="pytest" errors="0" failures="0" skipped="0" tests="12" time="5.726" timestamp="2026-03-13T17:26:35.327960+00:00" hostname="agent-env-9cf75e51-fc4f-444f-856e-e3632f07a6cc"><testcase classname="tests.test_p0_consistency_fix.TestHealthAndEnvironment" name="test_health_endpoint" time="0.240" /><testcase classname="tests.test_p0_consistency_fix.TestHealthAndEnvironment" name="test_bc_environment_status" time="0.120" /><testcase classname="tests.test_p0_consistency_fix.TestDerivedStateService" name="test_get_documents_list" time="0.127" /><testcase classname="tests.test_p0_consistency_fix.TestDerivedStateService" name="test_document_derived_state_returned" time="0.260" /><testcase classname="tests.test_p0_consistency_fix.TestDerivedStateService" name="test_derived_state_consistency_no_contradictions" time="0.840" /><testcase classname="tests.test_p0_consistency_fix.TestExtractionQuality" name="test_extraction_quality_not_zero" time="1.668" /><testcase classname="tests.test_p0_consistency_fix.TestAPValidationCrossReference" name="test_ap_validation_endpoint_exists" time="0.098" /><testcase classname="tests.test_p0_consistency_fix.TestAPValidationCrossReference" name="test_ap_validation_trigger_endpoint" time="0.113" /><testcase classname="tests.test_p0_consistency_fix.TestAPValidationCrossReference" name="test_ap_validation_cross_references_bc" time="0.252" /><testcase classname="tests.test_p0_consistency_fix.TestDocumentRefreshState" name="test_refresh_state_endpoint" time="0.303" /><testcase classname="tests.test_p0_consistency_fix.TestLineItemsMapping" name="test_document_line_items_format" time="1.449" /><testcase classname="tests.test_p0_consistency_fix.TestGPIIntegrationStatus" name="test_gpi_integration_status" time="0.182" /></testsuite></testsuites>