<?xml version="1.0" encoding="utf-8"?><testsuites name="pytest tests"><testsuite name="pytest" errors="0" failures="0" skipped="0" tests="11" time="1.929" timestamp="2026-04-04T18:49:04.617499+00:00" hostname="agent-env-26b67442-492f-4a0f-ac2e-c5b661ca46d2"><testcase classname="backend.tests.test_per_document_learning.TestPerDocumentLearningPulse" name="test_health_check" time="0.245" /><testcase classname="backend.tests.test_per_document_learning.TestPerDocumentLearningPulse" name="test_learning_pulse_endpoint" time="0.107" /><testcase classname="backend.tests.test_per_document_learning.TestPerDocumentLearningPulse" name="test_confidence_calibration_endpoint" time="0.117" /><testcase classname="backend.tests.test_per_document_learning.TestPerDocumentLearningPulse" name="test_backfill_endpoint" time="0.113" /><testcase classname="backend.tests.test_per_document_learning.TestPerDocumentLearningPulse" name="test_vendor_learning_profile_existing_vendor" time="0.107" /><testcase classname="backend.tests.test_per_document_learning.TestPerDocumentLearningPulse" name="test_vendor_learning_profile_nonexistent_vendor" time="0.147" /><testcase classname="backend.tests.test_per_document_learning.TestPerDocumentLearningPulse" name="test_learning_pulse_calibration_bands_structure" time="0.158" /><testcase classname="backend.tests.test_per_document_learning.TestPerDocumentLearningPulse" name="test_learning_pulse_top_vendors_structure" time="0.137" /><testcase classname="backend.tests.test_per_document_learning.TestPerDocumentLearningPulse" name="test_learning_pulse_recent_learning_structure" time="0.127" /><testcase classname="backend.tests.test_per_document_learning.TestPerDocumentLearningIntegration" name="test_backfill_then_verify_pulse" time="0.216" /><testcase classname="backend.tests.test_per_document_learning.TestPerDocumentLearningIntegration" name="test_calibration_consistency" time="0.213" /></testsuite></testsuites>