<?xml version="1.0" encoding="utf-8"?><testsuites name="pytest tests"><testsuite name="pytest" errors="0" failures="0" skipped="0" tests="14" time="2.350" timestamp="2026-02-18T03:25:38.666194+00:00" hostname="agent-env-84c3f21b-ae56-4510-ab9d-caf8cd26f5e8"><testcase classname="backend.tests.test_phase5_roi_dashboard.TestSettingsStatusAPI" name="test_settings_status_returns_features_section" time="0.205" /><testcase classname="backend.tests.test_phase5_roi_dashboard.TestSettingsStatusAPI" name="test_settings_status_safety_thresholds" time="0.204" /><testcase classname="backend.tests.test_phase5_roi_dashboard.TestAutomationMetricsAPI" name="test_automation_metrics_returns_draft_fields" time="0.122" /><testcase classname="backend.tests.test_phase5_roi_dashboard.TestAutomationMetricsAPI" name="test_automation_metrics_status_distribution" time="0.179" /><testcase classname="backend.tests.test_phase5_roi_dashboard.TestAutomationMetricsAPI" name="test_automation_metrics_alias_fields" time="0.143" /><testcase classname="backend.tests.test_phase5_roi_dashboard.TestVendorMetricsAPI" name="test_vendor_metrics_returns_vendors_list" time="0.144" /><testcase classname="backend.tests.test_phase5_roi_dashboard.TestVendorMetricsAPI" name="test_vendor_metrics_vendor_fields" time="0.134" /><testcase classname="backend.tests.test_phase5_roi_dashboard.TestAliasImpactAPI" name="test_alias_impact_returns_required_fields" time="0.110" /><testcase classname="backend.tests.test_phase5_roi_dashboard.TestAliasImpactAPI" name="test_alias_impact_match_method_distribution" time="0.121" /><testcase classname="backend.tests.test_phase5_roi_dashboard.TestDailyMetricsAPI" name="test_daily_metrics_returns_data" time="0.120" /><testcase classname="backend.tests.test_phase5_roi_dashboard.TestDailyMetricsAPI" name="test_daily_metrics_has_chart_fields" time="0.161" /><testcase classname="backend.tests.test_phase5_roi_dashboard.TestResolutionTimeAPI" name="test_resolution_time_returns_median" time="0.139" /><testcase classname="backend.tests.test_phase5_roi_dashboard.TestDraftFeatureToggleAPI" name="test_get_draft_feature_status" time="0.122" /><testcase classname="backend.tests.test_phase5_roi_dashboard.TestDraftFeatureToggleAPI" name="test_toggle_draft_feature" time="0.368" /></testsuite></testsuites>