<?xml version="1.0" encoding="utf-8"?><testsuites name="pytest tests"><testsuite name="pytest" errors="0" failures="0" skipped="0" tests="15" time="3.125" timestamp="2026-02-22T21:46:08.735600+00:00" hostname="agent-env-9125b65b-355a-45ac-8ced-fe498091bb36"><testcase classname="tests.test_pilot_endpoints.TestPilotStatus" name="test_pilot_status_returns_200" time="0.324" /><testcase classname="tests.test_pilot_endpoints.TestPilotStatus" name="test_pilot_status_response_structure" time="0.112" /><testcase classname="tests.test_pilot_endpoints.TestPilotDailyMetrics" name="test_daily_metrics_returns_200" time="0.125" /><testcase classname="tests.test_pilot_endpoints.TestPilotDailyMetrics" name="test_daily_metrics_response_structure" time="0.151" /><testcase classname="tests.test_pilot_endpoints.TestPilotDailyMetrics" name="test_daily_metrics_with_date_filter" time="0.124" /><testcase classname="tests.test_pilot_endpoints.TestPilotLogs" name="test_logs_returns_200" time="0.155" /><testcase classname="tests.test_pilot_endpoints.TestPilotLogs" name="test_logs_response_structure" time="0.156" /><testcase classname="tests.test_pilot_endpoints.TestPilotLogs" name="test_logs_pagination" time="0.139" /><testcase classname="tests.test_pilot_endpoints.TestPilotAccuracy" name="test_accuracy_returns_200" time="0.163" /><testcase classname="tests.test_pilot_endpoints.TestPilotAccuracy" name="test_accuracy_response_structure" time="0.117" /><testcase classname="tests.test_pilot_endpoints.TestPilotTrend" name="test_trend_returns_200" time="0.128" /><testcase classname="tests.test_pilot_endpoints.TestPilotTrend" name="test_trend_response_structure" time="0.165" /><testcase classname="tests.test_pilot_endpoints.TestPilotTrend" name="test_trend_with_custom_days" time="0.119" /><testcase classname="tests.test_pilot_endpoints.TestDocumentUploadPilotMetadata" name="test_upload_adds_pilot_metadata" time="0.316" /><testcase classname="tests.test_pilot_endpoints.TestPilotIntegration" name="test_pilot_flow_end_to_end" time="0.647" /></testsuite></testsuites>