<?xml version="1.0" encoding="utf-8"?><testsuites name="pytest tests"><testsuite name="pytest" errors="0" failures="0" skipped="0" tests="31" time="0.834" timestamp="2026-03-15T17:17:41.723738+00:00" hostname="agent-env-ef3f3256-86fe-4680-b4d7-1c9c9a7634dc"><testcase classname="tests.test_pipeline_hardening.TestSanitizeOutput" name="test_normal_dict_unchanged" time="0.001" /><testcase classname="tests.test_pipeline_hardening.TestSanitizeOutput" name="test_long_string_truncated" time="0.000" /><testcase classname="tests.test_pipeline_hardening.TestSanitizeOutput" name="test_long_list_capped" time="0.000" /><testcase classname="tests.test_pipeline_hardening.TestSanitizeOutput" name="test_too_many_keys_truncated" time="0.000" /><testcase classname="tests.test_pipeline_hardening.TestSanitizeOutput" name="test_empty_dict" time="0.000" /><testcase classname="tests.test_pipeline_hardening.TestStageResultToDict" name="test_ok_stage_fields" time="0.000" /><testcase classname="tests.test_pipeline_hardening.TestStageResultToDict" name="test_error_stage_includes_error" time="0.000" /><testcase classname="tests.test_pipeline_hardening.TestStageResultToDict" name="test_skipped_stage_no_error" time="0.000" /><testcase classname="tests.test_pipeline_hardening.TestStageResultToDict" name="test_long_error_truncated" time="0.000" /><testcase classname="tests.test_pipeline_hardening.TestStageResultToDict" name="test_output_sanitized" time="0.000" /><testcase classname="tests.test_pipeline_hardening.TestPipelineResultToDict" name="test_empty_pipeline" time="0.000" /><testcase classname="tests.test_pipeline_hardening.TestPipelineResultToDict" name="test_stages_serialised" time="0.000" /><testcase classname="tests.test_pipeline_hardening.TestPipelineTimingInstrumentation" name="test_all_stages_have_timestamps" time="0.088" /><testcase classname="tests.test_pipeline_hardening.TestPipelineTimingInstrumentation" name="test_pipeline_total_duration" time="0.004" /><testcase classname="tests.test_pipeline_hardening.TestPipelineTimingInstrumentation" name="test_run_id_generated" time="0.004" /><testcase classname="tests.test_pipeline_hardening.TestPipelineStatusSemantics" name="test_all_stage_statuses_valid" time="0.004" /><testcase classname="tests.test_pipeline_hardening.TestPipelineStatusSemantics" name="test_pipeline_status_ok_when_all_ok_or_skipped" time="0.004" /><testcase classname="tests.test_pipeline_hardening.TestPipelineStatusSemantics" name="test_stage_counts_sum" time="0.005" /><testcase classname="tests.test_pipeline_hardening.TestPipelineFailurePropagation" name="test_exception_in_stage_becomes_error" time="0.002" /><testcase classname="tests.test_pipeline_hardening.TestPipelineFailurePropagation" name="test_error_does_not_abort_later_stages" time="0.004" /><testcase classname="tests.test_pipeline_hardening.TestPipelineSkipBehaviour" name="test_explicit_skip" time="0.004" /><testcase classname="tests.test_pipeline_hardening.TestPipelineSkipBehaviour" name="test_stop_after" time="0.003" /><testcase classname="tests.test_pipeline_hardening.TestPipelineSkipBehaviour" name="test_dependency_skip_extraction_no_fields" time="0.002" /><testcase classname="tests.test_pipeline_hardening.TestPipelineTracePersistence" name="test_persist_called_by_default" time="0.006" /><testcase classname="tests.test_pipeline_hardening.TestPipelineTracePersistence" name="test_persist_false_skips_write" time="0.005" /><testcase classname="tests.test_pipeline_hardening.TestPipelineTracePersistence" name="test_persisted_payload_bounded" time="0.005" /><testcase classname="tests.test_pipeline_hardening.TestPipelineRunsEndpoint" name="test_returns_200_for_any_doc" time="0.114" /><testcase classname="tests.test_pipeline_hardening.TestPipelineRunsEndpoint" name="test_limit_parameter" time="0.115" /><testcase classname="tests.test_pipeline_hardening.TestPipelineRunsEndpoint" name="test_limit_validation_rejects_zero" time="0.120" /><testcase classname="tests.test_pipeline_hardening.TestPipelineRunsEndpoint" name="test_limit_validation_rejects_over_100" time="0.112" /><testcase classname="tests.test_pipeline_hardening.TestPipelineStagesEndpoint" name="test_returns_stage_list" time="0.160" /></testsuite></testsuites>