<?xml version="1.0" encoding="utf-8"?><testsuites name="pytest tests"><testsuite name="pytest" errors="0" failures="0" skipped="0" tests="15" time="5.795" timestamp="2026-03-14T16:30:07.133394+00:00" hostname="agent-env-d74a3244-258c-4c50-ac2f-595b64b8ad0c"><testcase classname="backend.tests.test_po_draft_review_export.TestPODraftDetail" name="test_get_draft_detail_success" time="0.528" /><testcase classname="backend.tests.test_po_draft_review_export.TestPODraftDetail" name="test_get_draft_detail_404_nonexistent" time="0.380" /><testcase classname="backend.tests.test_po_draft_review_export.TestPODraftExport" name="test_export_draft_json_success" time="0.493" /><testcase classname="backend.tests.test_po_draft_review_export.TestPODraftExport" name="test_export_matches_stored_draft" time="0.524" /><testcase classname="backend.tests.test_po_draft_review_export.TestPODraftExport" name="test_export_draft_404_nonexistent" time="0.532" /><testcase classname="backend.tests.test_po_draft_review_export.TestPODraftStatusUpdate" name="test_update_status_to_sent" time="0.511" /><testcase classname="backend.tests.test_po_draft_review_export.TestPODraftStatusUpdate" name="test_update_status_to_archived" time="0.467" /><testcase classname="backend.tests.test_po_draft_review_export.TestPODraftStatusUpdate" name="test_update_status_invalid_returns_422" time="0.377" /><testcase classname="backend.tests.test_po_draft_review_export.TestPODraftStatusUpdate" name="test_update_status_nonexistent_draft_returns_404" time="0.428" /><testcase classname="backend.tests.test_po_draft_review_export.TestRegressionEndpoints" name="test_action_center_still_works" time="0.250" /><testcase classname="backend.tests.test_po_draft_review_export.TestRegressionEndpoints" name="test_supply_coverage_still_works" time="0.210" /><testcase classname="backend.tests.test_po_draft_review_export.TestRegressionEndpoints" name="test_demand_signals_still_works" time="0.246" /><testcase classname="backend.tests.test_po_draft_review_export.TestRegressionEndpoints" name="test_exceptions_still_works" time="0.234" /><testcase classname="backend.tests.test_po_draft_review_export.TestRegressionEndpoints" name="test_dashboard_summary_still_works" time="0.251" /><testcase classname="backend.tests.test_po_draft_review_export.TestRegressionEndpoints" name="test_po_drafts_list_still_works" time="0.267" /></testsuite></testsuites>