<?xml version="1.0" encoding="utf-8"?><testsuites name="pytest tests"><testsuite name="pytest" errors="0" failures="0" skipped="0" tests="23" time="2.475" timestamp="2026-03-21T15:53:03.064138+00:00" hostname="agent-env-5c89d205-7bb1-46ae-95b7-89f0d3096477"><testcase classname="tests.test_po_resolution_workflow_fix.TestCoreAPIEndpoints" name="test_health_endpoint" time="0.179" /><testcase classname="tests.test_po_resolution_workflow_fix.TestCoreAPIEndpoints" name="test_po_resolution_metrics_endpoint" time="0.124" /><testcase classname="tests.test_po_resolution_workflow_fix.TestCoreAPIEndpoints" name="test_documents_endpoint" time="0.109" /><testcase classname="tests.test_po_resolution_workflow_fix.TestCoreAPIEndpoints" name="test_email_polling_status_endpoint" time="0.117" /><testcase classname="tests.test_po_resolution_workflow_fix.TestAPReviewEndpoints" name="test_ap_review_vendors_endpoint" time="1.193" /><testcase classname="tests.test_po_resolution_workflow_fix.TestAPReviewEndpoints" name="test_ap_review_purchase_orders_endpoint" time="0.251" /><testcase classname="tests.test_po_resolution_workflow_fix.TestSpiroEndpoints" name="test_spiro_status_endpoint" time="0.129" /><testcase classname="tests.test_po_resolution_workflow_fix.TestSpiroEndpoints" name="test_spiro_companies_endpoint" time="0.109" /><testcase classname="tests.test_po_resolution_workflow_fix.TestPOResolutionBatchEndpoint" name="test_batch_resolve_endpoint_exists" time="0.103" /><testcase classname="tests.test_po_resolution_workflow_fix.TestPOCandidateExtraction" name="test_extract_from_subject_field" time="0.071" /><testcase classname="tests.test_po_resolution_workflow_fix.TestPOCandidateExtraction" name="test_extract_from_description_field" time="0.000" /><testcase classname="tests.test_po_resolution_workflow_fix.TestPOCandidateExtraction" name="test_extract_from_notes_field" time="0.000" /><testcase classname="tests.test_po_resolution_workflow_fix.TestPOCandidateExtraction" name="test_extract_from_remarks_field" time="0.000" /><testcase classname="tests.test_po_resolution_workflow_fix.TestResolvePOFromDocumentWrapper" name="test_wrapper_merges_email_subject_logic" time="0.000" /><testcase classname="tests.test_po_resolution_workflow_fix.TestResolvePOFromDocumentWrapper" name="test_wrapper_merges_email_body_logic" time="0.000" /><testcase classname="tests.test_po_resolution_workflow_fix.TestResolvePOFromDocumentWrapper" name="test_wrapper_merges_notes_logic" time="0.000" /><testcase classname="tests.test_po_resolution_workflow_fix.TestResolvePOFromDocumentWrapper" name="test_extract_po_candidates_scans_merged_fields" time="0.000" /><testcase classname="tests.test_po_resolution_workflow_fix.TestDocumentPipelineMerge" name="test_pipeline_po_resolution_stage_exists" time="0.002" /><testcase classname="tests.test_po_resolution_workflow_fix.TestCodeReview" name="test_resolve_po_from_document_signature" time="0.000" /><testcase classname="tests.test_po_resolution_workflow_fix.TestCodeReview" name="test_resolve_po_signature" time="0.000" /><testcase classname="tests.test_po_resolution_workflow_fix.TestCodeReview" name="test_ap_review_uses_get_db" time="0.000" /><testcase classname="tests.test_po_resolution_workflow_fix.TestCodeReview" name="test_spiro_uses_get_db" time="0.000" /><testcase classname="tests.test_po_resolution_workflow_fix.TestCodeReview" name="test_email_polling_has_required_imports" time="0.000" /></testsuite></testsuites>