<?xml version="1.0" encoding="utf-8"?><testsuites name="pytest tests"><testsuite name="pytest" errors="0" failures="0" skipped="1" tests="20" time="4.511" timestamp="2026-03-14T17:25:29.529855+00:00" hostname="agent-env-b9d356df-73fa-4a5c-9475-ecd6ebe7503d"><testcase classname="backend.tests.test_po_submission_log.TestSubmissionLogEndpoints" name="test_get_submission_logs_returns_list" time="0.213" /><testcase classname="backend.tests.test_po_submission_log.TestSubmissionLogEndpoints" name="test_submission_logs_reverse_chronological_order" time="0.143" /><testcase classname="backend.tests.test_po_submission_log.TestSubmissionLogEndpoints" name="test_get_submission_logs_returns_404_for_nonexistent_draft" time="0.151" /><testcase classname="backend.tests.test_po_submission_log.TestSubmissionLogEndpoints" name="test_post_submission_log_valid_statuses" time="0.505" /><testcase classname="backend.tests.test_po_submission_log.TestSubmissionLogEndpoints" name="test_post_submission_log_creates_entry_with_all_fields" time="0.131" /><testcase classname="backend.tests.test_po_submission_log.TestSubmissionLogEndpoints" name="test_post_submission_log_rejects_invalid_status" time="0.695" /><testcase classname="backend.tests.test_po_submission_log.TestSubmissionLogEndpoints" name="test_post_submission_log_rejects_archived_draft" time="0.312" /><testcase classname="backend.tests.test_po_submission_log.TestSubmissionLogEndpoints" name="test_post_submission_log_rejects_draft_without_vendor" time="0.120"><skipped type="pytest.skip" message="No draft without vendor available for testing">/app/backend/tests/test_po_submission_log.py:166: No draft without vendor available for testing</skipped></testcase><testcase classname="backend.tests.test_po_submission_log.TestSubmissionLogEndpoints" name="test_post_submission_log_returns_404_for_nonexistent_draft" time="0.123" /><testcase classname="backend.tests.test_po_submission_log.TestBCExportAutoLog" name="test_bc_export_creates_auto_log_entry" time="0.419" /><testcase classname="backend.tests.test_po_submission_log.TestBCExportAutoLog" name="test_bc_export_auto_log_has_payload_snapshot" time="0.264" /><testcase classname="backend.tests.test_po_submission_log.TestPODraftsListEnrichment" name="test_po_drafts_list_includes_latest_submission_status" time="0.127" /><testcase classname="backend.tests.test_po_submission_log.TestPODraftsListEnrichment" name="test_latest_submission_status_reflects_most_recent" time="0.269" /><testcase classname="backend.tests.test_po_submission_log.TestSubmissionLogPayloadSnapshot" name="test_snapshot_structure_matches_bc_export" time="0.134" /><testcase classname="backend.tests.test_po_submission_log.TestRegressionTests" name="test_po_drafts_list_endpoint_works" time="0.133" /><testcase classname="backend.tests.test_po_submission_log.TestRegressionTests" name="test_po_draft_detail_endpoint_works" time="0.141" /><testcase classname="backend.tests.test_po_submission_log.TestRegressionTests" name="test_vendor_assignment_still_works" time="0.122" /><testcase classname="backend.tests.test_po_submission_log.TestRegressionTests" name="test_bc_export_still_works" time="0.133" /><testcase classname="backend.tests.test_po_submission_log.TestRegressionTests" name="test_create_incoming_supply_still_works" time="0.137" /><testcase classname="backend.tests.test_po_submission_log.TestRegressionTests" name="test_balances_endpoint_works" time="0.144" /></testsuite></testsuites>