<?xml version="1.0" encoding="utf-8"?><testsuites name="pytest tests"><testsuite name="pytest" errors="0" failures="0" skipped="0" tests="10" time="1.831" timestamp="2026-04-02T21:24:16.202933+00:00" hostname="agent-env-8bb08197-e6f0-4d81-b98e-bd2828ffeb59"><testcase classname="tests.test_posting_patterns_phase2.TestPostingPatternsPhase2Settings" name="test_get_settings_returns_defaults" time="0.360" /><testcase classname="tests.test_posting_patterns_phase2.TestPostingPatternsPhase2Settings" name="test_put_settings_updates_and_returns" time="0.348" /><testcase classname="tests.test_posting_patterns_phase2.TestPostingPatternsPhase2ReadyQueue" name="test_get_ready_queue_returns_structure" time="0.105" /><testcase classname="tests.test_posting_patterns_phase2.TestPostingPatternsPhase2ReadyQueue" name="test_get_ready_queue_with_filters" time="0.156" /><testcase classname="tests.test_posting_patterns_phase2.TestPostingPatternsPhase2VendorSummary" name="test_get_vendor_summary_returns_structure" time="0.162" /><testcase classname="tests.test_posting_patterns_phase2.TestPostingPatternsPhase2Status" name="test_get_status_returns_structure" time="0.122" /><testcase classname="tests.test_posting_patterns_phase2.TestPostingPatternsPhase2Status" name="test_get_analyze_top_status" time="0.113" /><testcase classname="tests.test_posting_patterns_phase2.TestPostingPatternsPhase2DraftPreviewCreate" name="test_draft_preview_nonexistent_doc" time="0.113" /><testcase classname="tests.test_posting_patterns_phase2.TestPostingPatternsPhase2DraftPreviewCreate" name="test_create_draft_nonexistent_doc" time="0.114" /><testcase classname="tests.test_posting_patterns_phase2.TestPostingPatternsPhase2HealthCheck" name="test_health_endpoint" time="0.105" /></testsuite></testsuites>