<?xml version="1.0" encoding="utf-8"?><testsuites name="pytest tests"><testsuite name="pytest" errors="0" failures="0" skipped="0" tests="11" time="3.460" timestamp="2026-03-13T20:36:29.307840+00:00" hostname="agent-env-d6d8dee2-45de-4079-9ae8-cc38855d4ae4"><testcase classname="backend.tests.test_preflight_review_panel.TestSalesOrderPreflight" name="test_preflight_returns_document_summary" time="0.446" /><testcase classname="backend.tests.test_preflight_review_panel.TestSalesOrderPreflight" name="test_preflight_returns_validation_checklist" time="0.253" /><testcase classname="backend.tests.test_preflight_review_panel.TestSalesOrderPreflight" name="test_preflight_returns_resolved_lines" time="0.265" /><testcase classname="backend.tests.test_preflight_review_panel.TestSalesOrderPreflight" name="test_preflight_returns_mapped_values_with_environment" time="0.496" /><testcase classname="backend.tests.test_preflight_review_panel.TestSalesOrderPreflight" name="test_preflight_not_found_document" time="0.122" /><testcase classname="backend.tests.test_preflight_review_panel.TestSalesOrderCreation" name="test_create_validates_catalog_rejects_invalid_item" time="0.297" /><testcase classname="backend.tests.test_preflight_review_panel.TestSalesOrderCreation" name="test_create_validates_catalog_rejects_invalid_gl_account" time="0.268" /><testcase classname="backend.tests.test_preflight_review_panel.TestSalesOrderCreation" name="test_create_accepts_comment_lines_without_target" time="0.460" /><testcase classname="backend.tests.test_preflight_review_panel.TestSalesOrderCreation" name="test_create_requires_customer_override_when_not_resolved" time="0.235" /><testcase classname="backend.tests.test_preflight_review_panel.TestSalesOrderCreation" name="test_create_accepts_json_body_with_edited_lines" time="0.427" /><testcase classname="backend.tests.test_preflight_review_panel.TestEnvironmentConfig" name="test_integration_status_shows_environments" time="0.134" /></testsuite></testsuites>