<?xml version="1.0" encoding="utf-8"?><testsuites name="pytest tests"><testsuite name="pytest" errors="0" failures="0" skipped="1" tests="29" time="64.193" timestamp="2026-02-12T21:38:14.013822+00:00" hostname="agent-env-6abfeaef-0f25-4111-a789-45d0d1671fe4"><testcase classname="backend.tests.test_gpi_document_hub.TestHealthAndAuth" name="test_api_accessible" time="0.141" /><testcase classname="backend.tests.test_gpi_document_hub.TestHealthAndAuth" name="test_auth_login_success" time="0.046" /><testcase classname="backend.tests.test_gpi_document_hub.TestHealthAndAuth" name="test_auth_login_invalid" time="0.042" /><testcase classname="backend.tests.test_gpi_document_hub.TestHealthAndAuth" name="test_auth_me" time="0.035" /><testcase classname="backend.tests.test_gpi_document_hub.TestBCConnection" name="test_bc_connection_test" time="0.580" /><testcase classname="backend.tests.test_gpi_document_hub.TestBCConnection" name="test_graph_connection_test" time="0.571" /><testcase classname="backend.tests.test_gpi_document_hub.TestBCConnection" name="test_bc_sales_orders_list" time="11.765" /><testcase classname="backend.tests.test_gpi_document_hub.TestBCConnection" name="test_bc_sales_orders_search" time="19.208" /><testcase classname="backend.tests.test_gpi_document_hub.TestBCConnection" name="test_bc_companies_list" time="0.397" /><testcase classname="backend.tests.test_gpi_document_hub.TestDashboard" name="test_dashboard_stats" time="0.045" /><testcase classname="backend.tests.test_gpi_document_hub.TestDocuments" name="test_documents_list" time="0.040" /><testcase classname="backend.tests.test_gpi_document_hub.TestDocuments" name="test_documents_list_with_filters" time="0.122" /><testcase classname="backend.tests.test_gpi_document_hub.TestDocuments" name="test_document_get_existing" time="0.087" /><testcase classname="backend.tests.test_gpi_document_hub.TestDocuments" name="test_document_get_not_found" time="0.042" /><testcase classname="backend.tests.test_gpi_document_hub.TestDocumentUpload" name="test_document_upload_without_bc" time="1.927" /><testcase classname="backend.tests.test_gpi_document_hub.TestDocumentUpload" name="test_document_upload_with_bc_order" time="22.302" /><testcase classname="backend.tests.test_gpi_document_hub.TestDocumentResubmit" name="test_resubmit_existing_document" time="4.039" /><testcase classname="backend.tests.test_gpi_document_hub.TestDocumentResubmit" name="test_resubmit_not_found" time="0.064" /><testcase classname="backend.tests.test_gpi_document_hub.TestDocumentLink" name="test_link_document_to_bc" time="1.973" /><testcase classname="backend.tests.test_gpi_document_hub.TestDocumentLink" name="test_link_document_not_found" time="0.076" /><testcase classname="backend.tests.test_gpi_document_hub.TestDocumentLink" name="test_link_document_no_sharepoint" time="0.000"><skipped type="pytest.skip" message="Cannot test - documents always get SharePoint link on upload">/app/backend/tests/test_gpi_document_hub.py:394: Cannot test - documents always get SharePoint link on upload</skipped></testcase><testcase classname="backend.tests.test_gpi_document_hub.TestSettings" name="test_settings_status" time="0.035" /><testcase classname="backend.tests.test_gpi_document_hub.TestSettings" name="test_settings_config" time="0.035" /><testcase classname="backend.tests.test_gpi_document_hub.TestWorkflows" name="test_workflows_list" time="0.040" /><testcase classname="backend.tests.test_gpi_document_hub.TestWorkflows" name="test_workflows_list_with_filter" time="0.041" /><testcase classname="backend.tests.test_gpi_document_hub.TestWorkflows" name="test_workflow_get_existing" time="0.074" /><testcase classname="backend.tests.test_gpi_document_hub.TestWorkflows" name="test_workflow_get_not_found" time="0.041" /><testcase classname="backend.tests.test_gpi_document_hub.TestDocumentDelete" name="test_delete_test_documents" time="0.122" /><testcase classname="backend.tests.test_gpi_document_hub.TestDocumentDelete" name="test_delete_not_found" time="0.080" /></testsuite></testsuites>