<?xml version="1.0" encoding="utf-8"?><testsuites name="pytest tests"><testsuite name="pytest" errors="0" failures="0" skipped="0" tests="7" time="38.290" timestamp="2026-03-25T19:34:23.043107+00:00" hostname="agent-env-03b035e5-0b60-4783-b298-8457b64af89b"><testcase classname="tests.test_quantity_bounds_check.TestQuantityBoundsCheck" name="test_normal_quantity_within_bounds" time="5.579" /><testcase classname="tests.test_quantity_bounds_check.TestQuantityBoundsCheck" name="test_out_of_bounds_quantity_triggers_violation" time="5.382" /><testcase classname="tests.test_quantity_bounds_check.TestQuantityBoundsCheck" name="test_violation_blocks_approval" time="5.387" /><testcase classname="tests.test_quantity_bounds_check.TestQuantityBoundsCheck" name="test_violation_flags_document_for_review" time="5.503" /><testcase classname="tests.test_quantity_bounds_check.TestQuantityBoundsCheck" name="test_validation_checklist_includes_bounds_check" time="5.447" /><testcase classname="tests.test_quantity_bounds_check.TestQuantityBoundsCheck" name="test_deviation_factor_calculation" time="5.408" /><testcase classname="tests.test_quantity_bounds_check.TestQuantityBoundsCheck" name="test_severity_critical_for_large_deviation" time="5.498" /></testsuite></testsuites>