<?xml version="1.0" encoding="utf-8"?><testsuites name="pytest tests"><testsuite name="pytest" errors="0" failures="0" skipped="0" tests="12" time="1.497" timestamp="2026-04-08T13:00:45.487857+00:00" hostname="agent-env-ef671cde-b353-40d1-9d22-e72b05c0d186"><testcase classname="tests.test_readiness_warning_categorization_iteration192.TestEvaluateReadinessPureFunction" name="test_informational_warnings_only_should_auto_draft" time="0.082" /><testcase classname="tests.test_readiness_warning_categorization_iteration192.TestEvaluateReadinessPureFunction" name="test_critical_warning_vendor_needs_review_should_review" time="0.000" /><testcase classname="tests.test_readiness_warning_categorization_iteration192.TestEvaluateReadinessPureFunction" name="test_three_informational_warnings_not_ambiguous" time="0.000" /><testcase classname="tests.test_readiness_warning_categorization_iteration192.TestEvaluateReadinessPureFunction" name="test_three_critical_warnings_should_be_ambiguous" time="0.000" /><testcase classname="tests.test_readiness_warning_categorization_iteration192.TestEvaluateReadinessPureFunction" name="test_core_ready_with_po_missing_should_auto_draft" time="0.000" /><testcase classname="tests.test_readiness_warning_categorization_iteration192.TestReadinessAPIEndpoints" name="test_readiness_metrics_endpoint" time="0.188" /><testcase classname="tests.test_readiness_warning_categorization_iteration192.TestReadinessAPIEndpoints" name="test_reevaluate_all_endpoint" time="0.361" /><testcase classname="tests.test_readiness_warning_categorization_iteration192.TestVendorBypassEndpoint" name="test_vendor_bypass_404_for_nonexistent" time="0.154" /><testcase classname="tests.test_readiness_warning_categorization_iteration192.TestVendorBypassEndpoint" name="test_bypassed_vendors_list" time="0.142" /><testcase classname="tests.test_readiness_warning_categorization_iteration192.TestBatchAliasEndpoint" name="test_batch_resolve_empty_mappings" time="0.184" /><testcase classname="tests.test_readiness_warning_categorization_iteration192.TestBatchAliasEndpoint" name="test_batch_resolve_creates_alias" time="0.263" /><testcase classname="tests.test_readiness_warning_categorization_iteration192.TestWarningCategorization" name="test_critical_warnings_set_definition" time="0.000" /></testsuite></testsuites>