<?xml version="1.0" encoding="utf-8"?><testsuites name="pytest tests"><testsuite name="pytest" errors="0" failures="0" skipped="0" tests="16" time="0.779" timestamp="2026-04-04T16:43:21.152550+00:00" hostname="agent-env-7ca97e79-6a64-4f2a-9a85-0ccdf4b69a30"><testcase classname="tests.test_readiness_contradiction_fix.TestComputeSignalsDuplicateRisk" name="test_duplicate_risk_false_when_bc_check_passed" time="0.078" /><testcase classname="tests.test_readiness_contradiction_fix.TestComputeSignalsDuplicateRisk" name="test_duplicate_risk_true_when_bc_check_failed" time="0.000" /><testcase classname="tests.test_readiness_contradiction_fix.TestComputeSignalsDuplicateRisk" name="test_duplicate_risk_fallback_to_possible_duplicate" time="0.000" /><testcase classname="tests.test_readiness_contradiction_fix.TestComputeSignalsPOResolved" name="test_po_resolved_false_when_bc_po_check_failed" time="0.000" /><testcase classname="tests.test_readiness_contradiction_fix.TestComputeSignalsPOResolved" name="test_po_resolved_true_when_no_bc_po_check_and_po_extracted" time="0.000" /><testcase classname="tests.test_readiness_contradiction_fix.TestComputeSignalsPOResolved" name="test_po_resolved_true_when_bc_po_check_passed" time="0.000" /><testcase classname="tests.test_readiness_contradiction_fix.TestDuplicateRiskScore" name="test_duplicate_risk_score_zero_when_bc_passed" time="0.001" /><testcase classname="tests.test_readiness_contradiction_fix.TestDuplicateRiskScore" name="test_duplicate_risk_score_one_when_bc_failed" time="0.000" /><testcase classname="tests.test_readiness_contradiction_fix.TestDuplicateRiskScore" name="test_duplicate_risk_score_fallback_possible_duplicate" time="0.000" /><testcase classname="tests.test_readiness_contradiction_fix.TestDuplicateRiskScore" name="test_duplicate_risk_score_fallback_is_duplicate" time="0.000" /><testcase classname="tests.test_readiness_contradiction_fix.TestEvaluateReadinessBlockingReasons" name="test_no_duplicate_risk_blocker_when_bc_passed" time="0.000" /><testcase classname="tests.test_readiness_contradiction_fix.TestEvaluateReadinessBlockingReasons" name="test_duplicate_risk_blocker_when_bc_failed" time="0.000" /><testcase classname="tests.test_readiness_contradiction_fix.TestReadinessAPIEndpoint" name="test_evaluate_endpoint_returns_success" time="0.205" /><testcase classname="tests.test_readiness_contradiction_fix.TestLearningDashboardIncludesCorrections" name="test_learning_dashboard_returns_corrections_count" time="0.184" /><testcase classname="tests.test_readiness_contradiction_fix.TestIntegrationScenario" name="test_full_scenario_ap_invoice_with_contradictions" time="0.000" /><testcase classname="tests.test_readiness_contradiction_fix.TestHealthCheck" name="test_health_endpoint" time="0.128" /></testsuite></testsuites>