<?xml version="1.0" encoding="utf-8"?><testsuites name="pytest tests"><testsuite name="pytest" errors="0" failures="0" skipped="0" tests="20" time="3.230" timestamp="2026-03-16T02:53:59.571363+00:00" hostname="agent-env-50c2bea8-5a0b-4d2b-a070-07974f7bdb47"><testcase classname="backend.tests.test_readiness_dashboard.TestWorkflowIntelligenceReadinessSummary" name="test_workflow_intelligence_returns_200" time="0.209" /><testcase classname="backend.tests.test_readiness_dashboard.TestWorkflowIntelligenceReadinessSummary" name="test_workflow_intelligence_contains_readiness_summary" time="0.144" /><testcase classname="backend.tests.test_readiness_dashboard.TestWorkflowIntelligenceReadinessSummary" name="test_readiness_summary_has_by_status" time="0.159" /><testcase classname="backend.tests.test_readiness_dashboard.TestWorkflowIntelligenceReadinessSummary" name="test_readiness_summary_has_by_action" time="0.213" /><testcase classname="backend.tests.test_readiness_dashboard.TestWorkflowIntelligenceReadinessSummary" name="test_readiness_summary_has_confidence_by_status" time="0.184" /><testcase classname="backend.tests.test_readiness_dashboard.TestWorkflowIntelligenceReadinessSummary" name="test_readiness_summary_has_top_blocking_reasons" time="0.167" /><testcase classname="backend.tests.test_readiness_dashboard.TestWorkflowIntelligenceReadinessSummary" name="test_readiness_summary_has_top_warning_reasons" time="0.207" /><testcase classname="backend.tests.test_readiness_dashboard.TestWorkflowIntelligenceReadinessSummary" name="test_blocking_reasons_have_reason_and_count" time="0.136" /><testcase classname="backend.tests.test_readiness_dashboard.TestWorkflowIntelligenceReadinessSummary" name="test_warning_reasons_have_reason_and_count" time="0.165" /><testcase classname="backend.tests.test_readiness_dashboard.TestReadinessMetricsEndpoint" name="test_readiness_metrics_returns_200" time="0.167" /><testcase classname="backend.tests.test_readiness_dashboard.TestReadinessMetricsEndpoint" name="test_readiness_metrics_has_total_documents" time="0.137" /><testcase classname="backend.tests.test_readiness_dashboard.TestReadinessMetricsEndpoint" name="test_readiness_metrics_has_by_status" time="0.121" /><testcase classname="backend.tests.test_readiness_dashboard.TestReadinessMetricsEndpoint" name="test_readiness_metrics_has_by_action" time="0.127" /><testcase classname="backend.tests.test_readiness_dashboard.TestReadinessMetricsEndpoint" name="test_readiness_metrics_has_top_blocking_reasons" time="0.115" /><testcase classname="backend.tests.test_readiness_dashboard.TestReadinessMetricsEndpoint" name="test_readiness_metrics_has_top_warning_reasons" time="0.115" /><testcase classname="backend.tests.test_readiness_dashboard.TestReadinessMetricsEndpoint" name="test_readiness_metrics_has_confidence_by_status" time="0.114" /><testcase classname="backend.tests.test_readiness_dashboard.TestDashboardStatsEndpoint" name="test_dashboard_stats_returns_200" time="0.177" /><testcase classname="backend.tests.test_readiness_dashboard.TestDashboardStatsEndpoint" name="test_dashboard_stats_has_total_documents" time="0.120" /><testcase classname="backend.tests.test_readiness_dashboard.TestRoutingSummaryPresence" name="test_routing_summary_present" time="0.138" /><testcase classname="backend.tests.test_readiness_dashboard.TestRoutingSummaryPresence" name="test_routing_summary_has_counts" time="0.135" /></testsuite></testsuites>