<?xml version="1.0" encoding="utf-8"?><testsuites name="pytest tests"><testsuite name="pytest" errors="0" failures="0" skipped="0" tests="17" time="2.549" timestamp="2026-03-11T13:37:55.321016+00:00" hostname="agent-env-f7bfea1f-e7dc-48ad-af00-227fadbaa319"><testcase classname="backend.tests.test_reference_intelligence_v2.TestFuzzyMatching" name="test_fuzzy_numeric_core_match" time="0.161" /><testcase classname="backend.tests.test_reference_intelligence_v2.TestFuzzyMatching" name="test_fuzzy_ocr_correction_O_to_0" time="0.130" /><testcase classname="backend.tests.test_reference_intelligence_v2.TestFuzzyMatching" name="test_fuzzy_partial_match" time="0.100" /><testcase classname="backend.tests.test_reference_intelligence_v2.TestFuzzyMatching" name="test_fuzzy_ocr_correction_invoice_ref" time="0.111" /><testcase classname="backend.tests.test_reference_intelligence_v2.TestFuzzyMatching" name="test_fuzzy_no_match" time="0.101" /><testcase classname="backend.tests.test_reference_intelligence_v2.TestFuzzyMatching" name="test_fuzzy_test_returns_breakdown" time="0.121" /><testcase classname="backend.tests.test_reference_intelligence_v2.TestClusterEndpoints" name="test_cluster_stats" time="0.104" /><testcase classname="backend.tests.test_reference_intelligence_v2.TestClusterEndpoints" name="test_clusters_list" time="0.130" /><testcase classname="backend.tests.test_reference_intelligence_v2.TestDiagnosticsEndpoint" name="test_diagnostics_returns_cluster_info" time="0.238" /><testcase classname="backend.tests.test_reference_intelligence_v2.TestDiagnosticsEndpoint" name="test_diagnostics_not_found" time="0.107" /><testcase classname="backend.tests.test_reference_intelligence_v2.TestFeedbackEndpoint" name="test_feedback_submission" time="0.258" /><testcase classname="backend.tests.test_reference_intelligence_v2.TestFeedbackEndpoint" name="test_feedback_missing_fields" time="0.123" /><testcase classname="backend.tests.test_reference_intelligence_v2.TestExistingApisStillWork" name="test_auth_login" time="0.110" /><testcase classname="backend.tests.test_reference_intelligence_v2.TestExistingApisStillWork" name="test_documents_list" time="0.127" /><testcase classname="backend.tests.test_reference_intelligence_v2.TestExistingApisStillWork" name="test_workflows_status" time="0.118" /><testcase classname="backend.tests.test_reference_intelligence_v2.TestExistingApisStillWork" name="test_settings_status" time="0.128" /><testcase classname="backend.tests.test_reference_intelligence_v2.TestMatchingDebugScoreBreakdown" name="test_matching_debug_endpoint" time="0.296" /></testsuite></testsuites>