<?xml version="1.0" encoding="utf-8"?><testsuites name="pytest tests"><testsuite name="pytest" errors="0" failures="0" skipped="0" tests="13" time="11.432" timestamp="2026-03-10T19:32:06.949820+00:00" hostname="agent-env-0c5fa298-916d-4b4d-8ddb-46abc51ea1bc"><testcase classname="backend.tests.test_reference_intelligence.TestBCReferenceResolver" name="test_resolve_reference_found" time="1.656" /><testcase classname="backend.tests.test_reference_intelligence.TestBCReferenceResolver" name="test_resolve_reference_not_found" time="0.980" /><testcase classname="backend.tests.test_reference_intelligence.TestBCReferenceResolver" name="test_resolve_reference_with_specific_tables" time="0.361" /><testcase classname="backend.tests.test_reference_intelligence.TestBCWriteGuard" name="test_write_guard_status" time="0.149" /><testcase classname="backend.tests.test_reference_intelligence.TestBCWriteGuard" name="test_write_guard_check_permission" time="0.131" /><testcase classname="backend.tests.test_reference_intelligence.TestReferenceIntelligenceResolve" name="test_resolve_intelligence_with_po" time="2.106" /><testcase classname="backend.tests.test_reference_intelligence.TestReferenceIntelligenceResolve" name="test_resolve_intelligence_404_for_nonexistent_doc" time="0.150" /><testcase classname="backend.tests.test_reference_intelligence.TestReferenceIntelligenceGet" name="test_get_reference_intelligence_with_data" time="0.116" /><testcase classname="backend.tests.test_reference_intelligence.TestReferenceIntelligenceGet" name="test_get_reference_intelligence_not_resolved" time="0.098" /><testcase classname="backend.tests.test_reference_intelligence.TestReferenceIntelligenceGet" name="test_get_reference_intelligence_404_for_nonexistent" time="0.192" /><testcase classname="backend.tests.test_reference_intelligence.TestReferenceIntelligenceEvents" name="test_events_emitted_after_resolution" time="2.893" /><testcase classname="backend.tests.test_reference_intelligence.TestReferenceIntelligenceEvents" name="test_resolve_ambiguous_event" time="0.119" /><testcase classname="backend.tests.test_reference_intelligence.TestReferenceIntelligenceIntegration" name="test_document_detail_includes_intelligence" time="2.339" /></testsuite></testsuites>