<?xml version="1.0" encoding="utf-8"?><testsuites name="pytest tests"><testsuite name="pytest" errors="0" failures="0" skipped="0" tests="12" time="79.521" timestamp="2026-04-01T19:56:21.780699+00:00" hostname="agent-env-dfb0d3db-f568-4125-927f-27b375f5957d"><testcase classname="tests.test_reprocess_comparison.TestReprocessComparisonStatus" name="test_comparison_status_returns_valid_response" time="25.462" /><testcase classname="tests.test_reprocess_comparison.TestReprocessComparisonStatus" name="test_apply_status_returns_valid_response" time="9.343" /><testcase classname="tests.test_reprocess_comparison.TestReprocessComparisonStatus" name="test_full_status_returns_valid_response" time="15.525" /><testcase classname="tests.test_reprocess_comparison.TestReprocessComparisonRuns" name="test_list_runs_returns_array" time="0.149" /><testcase classname="tests.test_reprocess_comparison.TestReprocessComparisonRun" name="test_start_comparison_run" time="0.317" /><testcase classname="tests.test_reprocess_comparison.TestReprocessComparisonRun" name="test_start_comparison_with_doc_type_filter" time="23.153" /><testcase classname="tests.test_reprocess_comparison.TestReprocessComparisonApply" name="test_apply_nonexistent_run_returns_error" time="0.145" /><testcase classname="tests.test_reprocess_comparison.TestReprocessComparisonApply" name="test_apply_with_valid_completed_run" time="0.389" /><testcase classname="tests.test_reprocess_comparison.TestReprocessComparisonFull" name="test_start_full_reprocess" time="0.211" /><testcase classname="tests.test_reprocess_comparison.TestReprocessComparisonResults" name="test_results_for_nonexistent_run" time="4.232" /><testcase classname="tests.test_reprocess_comparison.TestReprocessComparisonResults" name="test_results_for_existing_run" time="0.251" /><testcase classname="tests.test_reprocess_comparison.TestReprocessComparisonResults" name="test_results_with_changes_only_filter" time="0.222" /></testsuite></testsuites>