<?xml version="1.0" encoding="utf-8"?><testsuites name="pytest tests"><testsuite name="pytest" errors="0" failures="0" skipped="0" tests="43" time="4.709" timestamp="2026-03-12T15:32:00.047164+00:00" hostname="agent-env-145de876-bf27-4834-9358-b3d3a946de88"><testcase classname="tests.test_router_refactor_endpoints.TestHealthCheck" name="test_health_endpoint" time="0.129" /><testcase classname="tests.test_router_refactor_endpoints.TestAuthEndpoints" name="test_login_success" time="0.121" /><testcase classname="tests.test_router_refactor_endpoints.TestAuthEndpoints" name="test_login_invalid_credentials" time="0.104" /><testcase classname="tests.test_router_refactor_endpoints.TestAuthEndpoints" name="test_get_me" time="0.105" /><testcase classname="tests.test_router_refactor_endpoints.TestVendorAliasEndpoints" name="test_get_vendor_aliases" time="0.108" /><testcase classname="tests.test_router_refactor_endpoints.TestVendorAliasEndpoints" name="test_create_and_delete_alias" time="0.363" /><testcase classname="tests.test_router_refactor_endpoints.TestMailboxSourcesEndpoints" name="test_list_mailbox_sources" time="0.160" /><testcase classname="tests.test_router_refactor_endpoints.TestMailboxSourcesEndpoints" name="test_get_polling_status" time="0.139" /><testcase classname="tests.test_router_refactor_endpoints.TestFileImportEndpoints" name="test_get_column_mappings" time="0.113" /><testcase classname="tests.test_router_refactor_endpoints.TestFileImportEndpoints" name="test_get_import_history" time="0.106" /><testcase classname="tests.test_router_refactor_endpoints.TestBCIntegrationEndpoints" name="test_list_bc_companies" time="0.298" /><testcase classname="tests.test_router_refactor_endpoints.TestSpiroEndpoints" name="test_get_freight_carriers" time="0.144" /><testcase classname="tests.test_router_refactor_endpoints.TestSpiroEndpoints" name="test_get_spiro_status" time="0.198" /><testcase classname="tests.test_router_refactor_endpoints.TestDocumentsEndpoints" name="test_list_documents" time="0.212" /><testcase classname="tests.test_router_refactor_endpoints.TestDocumentsEndpoints" name="test_get_document_detail" time="0.303" /><testcase classname="tests.test_router_refactor_endpoints.TestDocumentsEndpoints" name="test_get_document_events" time="0.242" /><testcase classname="tests.test_router_refactor_endpoints.TestDocumentsEndpoints" name="test_update_document" time="0.257" /><testcase classname="tests.test_router_refactor_endpoints.TestWorkflowsEndpoints" name="test_list_workflows" time="0.118" /><testcase classname="tests.test_router_refactor_endpoints.TestWorkflowsEndpoints" name="test_get_ap_status_counts" time="0.113" /><testcase classname="tests.test_router_refactor_endpoints.TestWorkflowsEndpoints" name="test_get_ap_metrics" time="0.114" /><testcase classname="tests.test_router_refactor_endpoints.TestWorkflowsEndpoints" name="test_get_generic_status_counts" time="0.110" /><testcase classname="tests.test_router_refactor_endpoints.TestWorkflowsEndpoints" name="test_get_generic_queue" time="0.144" /><testcase classname="tests.test_router_refactor_endpoints.TestReferenceIntelligenceEndpoints" name="test_get_reference_intelligence" time="0.227" /><testcase classname="tests.test_router_refactor_endpoints.TestReferenceIntelligenceEndpoints" name="test_get_matching_debug" time="0.294" /><testcase classname="tests.test_router_refactor_endpoints.TestStableVendorEndpoints" name="test_get_dashboard_metrics" time="0.106" /><testcase classname="tests.test_router_refactor_endpoints.TestStableVendorEndpoints" name="test_get_vendor_list" time="0.138" /><testcase classname="tests.test_router_refactor_endpoints.TestDashboardEndpoints" name="test_get_workflow_metrics" time="0.134" /><testcase classname="tests.test_reference_intelligence.TestCriticalRegression" name="test_ap_invoice_po_vs_sales_shipment" time="0.000" /><testcase classname="tests.test_reference_intelligence.TestCriticalRegression" name="test_sales_side_suppressed_not_likely" time="0.000" /><testcase classname="tests.test_reference_intelligence.TestDomainClassification" name="test_purchase_order_classified_as_purchase" time="0.000" /><testcase classname="tests.test_reference_intelligence.TestDomainClassification" name="test_sales_shipment_classified_as_sales" time="0.000" /><testcase classname="tests.test_reference_intelligence.TestTwoSignalMinimum" name="test_single_signal_not_likely_match" time="0.000" /><testcase classname="tests.test_reference_intelligence.TestTwoSignalMinimum" name="test_two_signals_with_contextual_gets_likely" time="0.000" /><testcase classname="tests.test_reference_intelligence.TestCounterpartyScoring" name="test_vendor_match_boosts_score" time="0.000" /><testcase classname="tests.test_reference_intelligence.TestCounterpartyScoring" name="test_counterparty_mismatch_penalizes" time="0.000" /><testcase classname="tests.test_reference_intelligence.TestExplainableScoring" name="test_score_breakdown_returned" time="0.000" /><testcase classname="tests.test_reference_intelligence.TestSemanticTyping" name="test_po_semantic_type_boosts_purchase" time="0.000" /><testcase classname="tests.test_reference_intelligence.TestSemanticTyping" name="test_po_semantic_type_penalizes_sales" time="0.000" /><testcase classname="tests.test_reference_intelligence.TestUpdatedLabels" name="test_strong_match_label" time="0.000" /><testcase classname="tests.test_reference_intelligence.TestUpdatedLabels" name="test_suppressed_cross_domain_label" time="0.000" /><testcase classname="tests.test_reference_intelligence.TestCandidateState" name="test_surfaced_for_good_match" time="0.000" /><testcase classname="tests.test_reference_intelligence.TestCandidateState" name="test_suppressed_for_cross_domain_numeric_only" time="0.000" /><testcase classname="tests.test_reference_intelligence.TestAmbiguousCase" name="test_ambiguous_resolves_to_needs_review" time="0.000" /></testsuite></testsuites>