<?xml version="1.0" encoding="utf-8"?><testsuites name="pytest tests"><testsuite name="pytest" errors="0" failures="0" skipped="0" tests="13" time="5.312" timestamp="2026-03-15T18:39:22.443345+00:00" hostname="agent-env-ef3f3256-86fe-4680-b4d7-1c9c9a7634dc"><testcase classname="tests.test_route_cleanup.TestDocumentRoutesAvailable" name="test_documents_upload_accepts_post" time="0.161" /><testcase classname="tests.test_route_cleanup.TestDocumentRoutesAvailable" name="test_documents_intake_accepts_post" time="0.132" /><testcase classname="tests.test_route_cleanup.TestDocumentRoutesAvailable" name="test_documents_batch_revalidate_accepts_post" time="3.027" /><testcase classname="tests.test_route_cleanup.TestWorkflowRoutesAvailable" name="test_ap_status_counts" time="0.139" /><testcase classname="tests.test_route_cleanup.TestWorkflowRoutesAvailable" name="test_ap_vendor_pending" time="0.133" /><testcase classname="tests.test_route_cleanup.TestWorkflowRoutesAvailable" name="test_generic_queue" time="0.150" /><testcase classname="tests.test_route_cleanup.TestWorkflowRoutesAvailable" name="test_generic_status_counts_by_type" time="0.405" /><testcase classname="tests.test_route_cleanup.TestWorkflowRoutesAvailable" name="test_ap_metrics" time="0.126" /><testcase classname="tests.test_route_cleanup.TestRefIntelRoutesAvailable" name="test_resolve_reference_accepts_post" time="0.136" /><testcase classname="tests.test_route_cleanup.TestRefIntelRoutesAvailable" name="test_matching_debug_requires_doc" time="0.122" /><testcase classname="tests.test_route_cleanup.TestRefIntelRoutesAvailable" name="test_reference_intelligence_requires_doc" time="0.142" /><testcase classname="tests.test_route_cleanup.TestRouteCountStability" name="test_route_count_unchanged" time="0.577" /><testcase classname="tests.test_route_cleanup.TestApiRouterRemoved" name="test_no_api_router_attribute" time="0.000" /></testsuite></testsuites>