<?xml version="1.0" encoding="utf-8"?><testsuites name="pytest tests"><testsuite name="pytest" errors="0" failures="0" skipped="0" tests="9" time="1.960" timestamp="2026-03-13T18:34:44.755553+00:00" hostname="agent-env-84143181-343d-4a1c-b2d3-aa945be08fa5"><testcase classname="tests.test_sales_order_line_creation.TestSalesOrderPreflightEndpoint" name="test_preflight_returns_resolved_lines_for_eligible_doc" time="0.386" /><testcase classname="tests.test_sales_order_line_creation.TestSalesOrderPreflightEndpoint" name="test_preflight_returns_already_created_for_existing_so" time="0.150" /><testcase classname="tests.test_sales_order_line_creation.TestSalesOrderPreflightEndpoint" name="test_preflight_returns_7_lines_for_order_confirmation" time="0.168" /><testcase classname="tests.test_sales_order_line_creation.TestSalesOrderPreflightEndpoint" name="test_preflight_returns_404_for_nonexistent_doc" time="0.140" /><testcase classname="tests.test_sales_order_line_creation.TestSalesOrderFromDocumentEndpoint" name="test_idempotency_returns_already_exists_with_lines" time="0.145" /><testcase classname="tests.test_sales_order_line_creation.TestSalesOrderFromDocumentEndpoint" name="test_idempotency_7_lines_order_confirmation" time="0.149" /><testcase classname="tests.test_sales_order_line_creation.TestSalesOrderFromDocumentEndpoint" name="test_from_document_requires_customer" time="0.355" /><testcase classname="tests.test_sales_order_line_creation.TestIntegrationStatus" name="test_status_returns_configured" time="0.115" /><testcase classname="tests.test_sales_order_line_creation.TestSalesOrderLineResolution" name="test_resolve_lines_unit_tests_pass" time="0.232" /></testsuite></testsuites>