<?xml version="1.0" encoding="utf-8"?><testsuites name="pytest tests"><testsuite name="pytest" errors="0" failures="0" skipped="0" tests="15" time="5.343" timestamp="2026-03-15T00:04:17.706126+00:00" hostname="agent-env-5293d859-3f09-4b3f-99d3-237d5debf9ac"><testcase classname="backend.tests.test_saved_views.TestSavedViewsCRUD" name="test_create_saved_view_success" time="0.394" /><testcase classname="backend.tests.test_saved_views.TestSavedViewsCRUD" name="test_create_saved_view_invalid_view_type" time="0.155" /><testcase classname="backend.tests.test_saved_views.TestSavedViewsCRUD" name="test_create_default_unsets_previous" time="0.728" /><testcase classname="backend.tests.test_saved_views.TestSavedViewsCRUD" name="test_list_saved_views_all" time="0.146" /><testcase classname="backend.tests.test_saved_views.TestSavedViewsCRUD" name="test_list_saved_views_filter_view_type" time="0.132" /><testcase classname="backend.tests.test_saved_views.TestSavedViewsCRUD" name="test_update_saved_view_success" time="0.469" /><testcase classname="backend.tests.test_saved_views.TestSavedViewsCRUD" name="test_update_saved_view_set_default" time="0.859" /><testcase classname="backend.tests.test_saved_views.TestSavedViewsCRUD" name="test_update_saved_view_not_found" time="0.135" /><testcase classname="backend.tests.test_saved_views.TestSavedViewsCRUD" name="test_delete_saved_view_success" time="0.439" /><testcase classname="backend.tests.test_saved_views.TestSavedViewsCRUD" name="test_delete_saved_view_not_found" time="0.128" /><testcase classname="backend.tests.test_saved_views.TestOperationsQueueSavedViewsIntegration" name="test_operations_queue_includes_saved_views_count" time="0.620" /><testcase classname="backend.tests.test_saved_views.TestOperationsQueueSavedViewsIntegration" name="test_operations_queue_includes_default_view_name" time="0.608" /><testcase classname="backend.tests.test_saved_views.TestRegressionIteration88Escalation" name="test_escalation_endpoint_working" time="0.156" /><testcase classname="backend.tests.test_saved_views.TestRegressionIteration89Assignment" name="test_assignment_endpoint_working" time="0.124" /><testcase classname="backend.tests.test_saved_views.TestRegressionIteration90Activity" name="test_activity_endpoint_working" time="0.155" /></testsuite></testsuites>