<?xml version="1.0" encoding="utf-8"?><testsuites name="pytest tests"><testsuite name="pytest" errors="0" failures="0" skipped="0" tests="20" time="3.426" timestamp="2026-03-16T21:59:22.835190+00:00" hostname="agent-env-bbb60315-26cc-486b-b161-3dd852b38c27"><testcase classname="tests.test_sharepoint_routing.TestHealthCheck" name="test_health_endpoint" time="0.300" /><testcase classname="tests.test_sharepoint_routing.TestFolderTree" name="test_get_folder_tree" time="0.126" /><testcase classname="tests.test_sharepoint_routing.TestFolderTree" name="test_folder_tree_structure" time="0.178" /><testcase classname="tests.test_sharepoint_routing.TestVendorMappings" name="test_get_vendor_mappings" time="0.164" /><testcase classname="tests.test_sharepoint_routing.TestVendorMappings" name="test_vendor_mappings_contains_expected_vendors" time="0.153" /><testcase classname="tests.test_sharepoint_routing.TestProcessorAssignments" name="test_get_processor_assignments" time="0.146" /><testcase classname="tests.test_sharepoint_routing.TestProcessorAssignments" name="test_processor_assignments_contains_expected_processors" time="0.134" /><testcase classname="tests.test_sharepoint_routing.TestSuggestFolder" name="test_suggest_folder_canpack_vendor" time="0.161" /><testcase classname="tests.test_sharepoint_routing.TestSuggestFolder" name="test_suggest_folder_canpack_dunnage" time="0.159" /><testcase classname="tests.test_sharepoint_routing.TestSuggestFolder" name="test_suggest_folder_freight_issue" time="0.136" /><testcase classname="tests.test_sharepoint_routing.TestSuggestFolder" name="test_suggest_folder_credit_memo_ball_dunnage" time="0.119" /><testcase classname="tests.test_sharepoint_routing.TestSuggestFolder" name="test_suggest_folder_tooling_invoice" time="0.124" /><testcase classname="tests.test_sharepoint_routing.TestSuggestFolder" name="test_suggest_folder_sh_approved" time="0.112" /><testcase classname="tests.test_sharepoint_routing.TestSuggestFolder" name="test_suggest_folder_unknown_document" time="0.120" /><testcase classname="tests.test_sharepoint_routing.TestSuggestFolder" name="test_suggest_folder_response_structure" time="0.122" /><testcase classname="tests.test_sharepoint_routing.TestVendorMappingCRUD" name="test_create_and_delete_vendor_mapping" time="0.480" /><testcase classname="tests.test_sharepoint_routing.TestVendorMappingCRUD" name="test_delete_nonexistent_mapping" time="0.133" /><testcase classname="tests.test_sharepoint_routing.TestSeedDefaults" name="test_seed_defaults" time="0.113" /><testcase classname="tests.test_sharepoint_routing.TestInternationalRouting" name="test_international_shipment" time="0.135" /><testcase classname="tests.test_sharepoint_routing.TestInternationalRouting" name="test_domestic_shipment" time="0.112" /></testsuite></testsuites>