<?xml version="1.0" encoding="utf-8"?><testsuites name="pytest tests"><testsuite name="pytest" errors="0" failures="0" skipped="0" tests="38" time="3.445" timestamp="2026-03-21T16:40:15.985986+00:00" hostname="agent-env-3697cc20-c8ce-4e37-b6cf-229daf9ebdd3"><testcase classname="tests.test_so_type_routing.TestResolveSoType" name="test_dropship_from_extracted_fields" time="0.001" /><testcase classname="tests.test_so_type_routing.TestResolveSoType" name="test_dropship_variant_drop_ship" time="0.000" /><testcase classname="tests.test_so_type_routing.TestResolveSoType" name="test_dropship_variant_dash" time="0.000" /><testcase classname="tests.test_so_type_routing.TestResolveSoType" name="test_dropship_case_insensitive" time="0.000" /><testcase classname="tests.test_so_type_routing.TestResolveSoType" name="test_warehouse_from_extracted_fields" time="0.000" /><testcase classname="tests.test_so_type_routing.TestResolveSoType" name="test_warehouse_variant_wh" time="0.000" /><testcase classname="tests.test_so_type_routing.TestResolveSoType" name="test_warehouse_case_insensitive" time="0.000" /><testcase classname="tests.test_so_type_routing.TestResolveSoType" name="test_unknown_when_missing" time="0.000" /><testcase classname="tests.test_so_type_routing.TestResolveSoType" name="test_unknown_when_empty_string" time="0.000" /><testcase classname="tests.test_so_type_routing.TestResolveSoType" name="test_unknown_when_no_extracted_fields" time="0.000" /><testcase classname="tests.test_so_type_routing.TestResolveSoType" name="test_passes_through_unknown_value" time="0.000" /><testcase classname="tests.test_so_type_routing.TestResolveSoRoutingFields" name="test_dropship_uses_customer_ship_to" time="0.000" /><testcase classname="tests.test_so_type_routing.TestResolveSoRoutingFields" name="test_dropship_without_location_code" time="0.000" /><testcase classname="tests.test_so_type_routing.TestResolveSoRoutingFields" name="test_warehouse_uses_default_location" time="0.000" /><testcase classname="tests.test_so_type_routing.TestResolveSoRoutingFields" name="test_warehouse_with_explicit_location_code" time="0.000" /><testcase classname="tests.test_so_type_routing.TestResolveSoRoutingFields" name="test_unknown_has_empty_routing" time="0.000" /><testcase classname="tests.test_so_type_routing.TestCreateSalesOrderSignature" name="test_service_accepts_routing_params" time="0.000" /><testcase classname="tests.test_so_type_routing.TestSOTypePreflightIntegration" name="test_preflight_includes_so_type_dropship" time="0.256" /><testcase classname="tests.test_so_type_routing.TestSOTypePreflightIntegration" name="test_preflight_includes_so_type_warehouse" time="0.251" /><testcase classname="tests.test_so_type_routing.TestSOTypePreflightIntegration" name="test_preflight_unknown_so_type" time="0.264" /><testcase classname="tests.test_so_type_routing.TestDropshipAutoApprove" name="test_workflow_allows_direct_approval_from_extracted" time="0.000" /><testcase classname="tests.test_so_type_routing.TestDropshipAutoApprove" name="test_workflow_allows_approval_from_ready_for_approval" time="0.000" /><testcase classname="tests.test_so_type_routing.TestDropshipAutoApprove" name="test_workflow_allows_mark_ready_from_extracted" time="0.000" /><testcase classname="tests.test_so_type_routing.TestDropshipAutoApprove" name="test_auto_approve_advances_document" time="0.000" /><testcase classname="tests.test_so_type_routing.TestDropshipAutoApprove" name="test_warehouse_so_not_auto_approved" time="0.000" /><testcase classname="tests.test_so_type_routing.TestClassificationPromptSoType" name="test_prompt_contains_so_type_instructions" time="0.006" /><testcase classname="tests.test_so_type_routing.TestClassificationPromptSoType" name="test_prompt_contains_drop_ship_indicators" time="0.000" /><testcase classname="tests.test_so_type_routing_api.TestPreflightSOTypeRouting" name="test_preflight_dropship_document" time="0.234" /><testcase classname="tests.test_so_type_routing_api.TestPreflightSOTypeRouting" name="test_preflight_warehouse_document" time="0.230" /><testcase classname="tests.test_so_type_routing_api.TestPreflightSOTypeRouting" name="test_preflight_warehouse_with_explicit_location" time="0.231" /><testcase classname="tests.test_so_type_routing_api.TestPreflightSOTypeRouting" name="test_preflight_unknown_so_type" time="0.231" /><testcase classname="tests.test_so_type_routing_api.TestPreflightSOTypeRouting" name="test_preflight_dropship_variants" time="0.993" /><testcase classname="tests.test_so_type_routing_api.TestFromDocumentSOTypeRouting" name="test_from_document_returns_503_without_bc" time="0.279" /><testcase classname="tests.test_so_type_routing_api.TestFromDocumentSOTypeRouting" name="test_from_document_not_found" time="0.103" /><testcase classname="tests.test_so_type_routing_api.TestSOTypeInAuditTrail" name="test_audit_collection_exists" time="0.001" /><testcase classname="tests.test_so_type_routing_api.TestClassificationPromptSOType" name="test_prompt_has_so_type_field" time="0.000" /><testcase classname="tests.test_so_type_routing_api.TestClassificationPromptSOType" name="test_prompt_has_dropship_indicators" time="0.000" /><testcase classname="tests.test_so_type_routing_api.TestClassificationPromptSOType" name="test_prompt_has_warehouse_indicators" time="0.001" /></testsuite></testsuites>