<?xml version="1.0" encoding="utf-8"?><testsuites name="pytest tests"><testsuite name="pytest" errors="0" failures="0" skipped="0" tests="21" time="4.280" timestamp="2026-03-13T16:57:47.303922+00:00" hostname="agent-env-9cf75e51-fc4f-444f-856e-e3632f07a6cc"><testcase classname="tests.test_split_env_bc_integration.TestBCEnvironmentStatus" name="test_environment_status_returns_200" time="0.148" /><testcase classname="tests.test_split_env_bc_integration.TestBCEnvironmentStatus" name="test_environment_status_read_environment" time="0.113" /><testcase classname="tests.test_split_env_bc_integration.TestBCEnvironmentStatus" name="test_environment_status_write_environment" time="0.105" /><testcase classname="tests.test_split_env_bc_integration.TestBCEnvironmentStatus" name="test_environment_status_block_production_writes" time="0.141" /><testcase classname="tests.test_split_env_bc_integration.TestBCEnvironmentStatus" name="test_environment_status_has_credentials" time="0.126" /><testcase classname="tests.test_split_env_bc_integration.TestBCEnvironmentStatus" name="test_environment_status_not_mock_mode" time="0.127" /><testcase classname="tests.test_split_env_bc_integration.TestGPIIntegrationStatus" name="test_gpi_integration_status_returns_200" time="0.127" /><testcase classname="tests.test_split_env_bc_integration.TestGPIIntegrationStatus" name="test_gpi_integration_status_read_environment" time="0.140" /><testcase classname="tests.test_split_env_bc_integration.TestGPIIntegrationStatus" name="test_gpi_integration_status_write_environment" time="0.118" /><testcase classname="tests.test_split_env_bc_integration.TestGPIIntegrationStatus" name="test_gpi_integration_status_configured" time="0.144" /><testcase classname="tests.test_split_env_bc_integration.TestBCSandboxStatus" name="test_bc_sandbox_status_returns_200" time="0.101" /><testcase classname="tests.test_split_env_bc_integration.TestBCSandboxStatus" name="test_bc_sandbox_status_config_read_environment" time="0.131" /><testcase classname="tests.test_split_env_bc_integration.TestBCSandboxStatus" name="test_bc_sandbox_status_config_write_environment" time="0.132" /><testcase classname="tests.test_split_env_bc_integration.TestBCSandboxStatus" name="test_bc_sandbox_status_not_demo_mode" time="0.136" /><testcase classname="tests.test_split_env_bc_integration.TestBCSandboxStatus" name="test_bc_sandbox_status_has_secret" time="0.133" /><testcase classname="tests.test_split_env_bc_integration.TestVendorLookup" name="test_vendor_search_returns_200" time="1.012" /><testcase classname="tests.test_split_env_bc_integration.TestVendorLookup" name="test_vendor_search_returns_real_data" time="0.432" /><testcase classname="tests.test_split_env_bc_integration.TestVendorLookup" name="test_vendor_search_returns_vendors_array" time="0.447" /><testcase classname="tests.test_split_env_bc_integration.TestBCIntegrationDashboard" name="test_dashboard_returns_200" time="0.113" /><testcase classname="tests.test_split_env_bc_integration.TestBCIntegrationDashboard" name="test_dashboard_returns_counts" time="0.129" /><testcase classname="tests.test_split_env_bc_integration.TestBCIntegrationDashboard" name="test_dashboard_returns_transactions" time="0.110" /></testsuite></testsuites>