<?xml version="1.0" encoding="utf-8"?><testsuites name="pytest tests"><testsuite name="pytest" errors="0" failures="0" skipped="0" tests="16" time="2.460" timestamp="2026-03-15T15:44:29.795158+00:00" hostname="agent-env-6fe43266-5c78-47a5-95fb-61551ce6bb0a"><testcase classname="tests.test_tech_debt_remediation.TestHealthCheck" name="test_health_endpoint" time="0.241" /><testcase classname="tests.test_tech_debt_remediation.TestAuthEndpoints" name="test_auth_login_success" time="0.166" /><testcase classname="tests.test_tech_debt_remediation.TestAuthEndpoints" name="test_auth_login_invalid_credentials" time="0.153" /><testcase classname="tests.test_tech_debt_remediation.TestAuthEndpoints" name="test_auth_me_endpoint" time="0.124" /><testcase classname="tests.test_tech_debt_remediation.TestAPReviewEndpoints" name="test_ap_review_vendors_endpoint_exists" time="0.291" /><testcase classname="tests.test_tech_debt_remediation.TestAPReviewEndpoints" name="test_ap_review_mark_ready_nonexistent" time="0.115" /><testcase classname="tests.test_tech_debt_remediation.TestSpiroEndpoints" name="test_spiro_status" time="0.123" /><testcase classname="tests.test_tech_debt_remediation.TestSpiroEndpoints" name="test_spiro_config" time="0.119" /><testcase classname="tests.test_tech_debt_remediation.TestDocumentIntelligencePipelineEndpoints" name="test_pipeline_stages" time="0.127" /><testcase classname="tests.test_tech_debt_remediation.TestDocumentIntelligencePipelineEndpoints" name="test_pipeline_run_with_stop_after" time="0.105" /><testcase classname="tests.test_tech_debt_remediation.TestDocumentIntelligenceEndpoints" name="test_learning_summary" time="0.129" /><testcase classname="tests.test_tech_debt_remediation.TestDocumentIntelligenceEndpoints" name="test_policies_list" time="0.110" /><testcase classname="tests.test_tech_debt_remediation.TestDocumentsEndpoint" name="test_documents_list" time="0.174" /><testcase classname="tests.test_tech_debt_remediation.TestDashboardEndpoint" name="test_dashboard_stats" time="0.133" /><testcase classname="tests.test_tech_debt_remediation.TestBCSandboxEndpoint" name="test_bc_sandbox_status" time="0.109" /><testcase classname="tests.test_tech_debt_remediation.TestInventoryLedgerEndpoint" name="test_inventory_ledger_dashboard_summary" time="0.112" /></testsuite></testsuites>