<?xml version="1.0" encoding="utf-8"?><testsuites name="pytest tests"><testsuite name="pytest" errors="0" failures="0" skipped="0" tests="22" time="6.555" timestamp="2026-03-15T00:38:25.719640+00:00" hostname="agent-env-5293d859-3f09-4b3f-99d3-237d5debf9ac"><testcase classname="backend.tests.test_templates.TestTemplatesCRUD" name="test_create_template_valid" time="0.150" /><testcase classname="backend.tests.test_templates.TestTemplatesCRUD" name="test_create_template_invalid_entity_type" time="0.060" /><testcase classname="backend.tests.test_templates.TestTemplatesCRUD" name="test_create_template_invalid_order_type" time="0.054" /><testcase classname="backend.tests.test_templates.TestTemplatesCRUD" name="test_create_po_draft_template" time="0.055" /><testcase classname="backend.tests.test_templates.TestTemplatesCRUD" name="test_list_all_templates" time="0.052" /><testcase classname="backend.tests.test_templates.TestTemplatesCRUD" name="test_list_templates_filter_by_entity_type" time="0.053" /><testcase classname="backend.tests.test_templates.TestTemplatesCRUD" name="test_list_templates_filter_by_active" time="0.058" /><testcase classname="backend.tests.test_templates.TestTemplateUpdate" name="test_update_template_fields" time="0.112" /><testcase classname="backend.tests.test_templates.TestTemplateUpdate" name="test_update_template_not_found" time="0.052" /><testcase classname="backend.tests.test_templates.TestTemplateDelete" name="test_delete_template_soft_deactivates" time="0.179" /><testcase classname="backend.tests.test_templates.TestTemplateApply" name="test_apply_template_entity_type_mismatch" time="0.127" /><testcase classname="backend.tests.test_templates.TestTemplateApply" name="test_apply_inactive_template_returns_404" time="0.172" /><testcase classname="backend.tests.test_templates.TestTemplateApply" name="test_apply_template_to_so" time="0.635" /><testcase classname="backend.tests.test_templates.TestTemplateApply" name="test_apply_template_safe_skip_assignment" time="0.642" /><testcase classname="backend.tests.test_templates.TestTemplateApply" name="test_apply_template_safe_skip_due_date" time="0.594" /><testcase classname="backend.tests.test_templates.TestTemplateApply" name="test_apply_template_safe_skip_approval" time="0.638" /><testcase classname="backend.tests.test_templates.TestTemplateApply" name="test_apply_template_generates_activity" time="0.679" /><testcase classname="backend.tests.test_templates.TestTemplateApply" name="test_apply_template_to_po_draft" time="0.229" /><testcase classname="backend.tests.test_templates.TestBulkApplyTemplate" name="test_bulk_apply_template_action_works" time="0.684" /><testcase classname="backend.tests.test_templates.TestBulkApplyTemplate" name="test_bulk_apply_template_requires_template_id" time="0.574" /><testcase classname="backend.tests.test_templates.TestRegressionBulkActions" name="test_bulk_assign_owner_still_works" time="0.568" /><testcase classname="backend.tests.test_templates.TestRegressionSavedViews" name="test_saved_views_endpoint_works" time="0.076" /></testsuite></testsuites>