<?xml version="1.0" encoding="utf-8"?><testsuites name="pytest tests"><testsuite name="pytest" errors="0" failures="0" skipped="2" tests="21" time="3.510" timestamp="2026-03-15T02:47:47.995584+00:00" hostname="agent-env-70deb5ab-80d6-4c12-815a-309f3a37ce8d"><testcase classname="tests.test_transaction_matching.TestTransactionMatchingSetup" name="test_create_seed_so_drafts" time="0.305" /><testcase classname="tests.test_transaction_matching.TestTransactionMatchingSetup" name="test_health_check" time="0.053" /><testcase classname="tests.test_transaction_matching.TestMatchTransactions" name="test_match_transactions_no_intelligence_result" time="0.104" /><testcase classname="tests.test_transaction_matching.TestMatchTransactions" name="test_match_transactions_returns_structure" time="0.124" /><testcase classname="tests.test_transaction_matching.TestMatchTransactions" name="test_match_transactions_updates_intelligence_result" time="0.195" /><testcase classname="tests.test_transaction_matching.TestMatchTransactions" name="test_match_transactions_creates_activity" time="0.218" /><testcase classname="tests.test_transaction_matching.TestGetTransactionMatches" name="test_get_matches_empty_for_new_doc" time="0.169" /><testcase classname="tests.test_transaction_matching.TestGetTransactionMatches" name="test_get_matches_returns_stored_candidates" time="0.172" /><testcase classname="tests.test_transaction_matching.TestAutoLink" name="test_auto_link_no_matches" time="0.352" /><testcase classname="tests.test_transaction_matching.TestAutoLink" name="test_auto_link_rejects_ambiguous" time="0.129" /><testcase classname="tests.test_transaction_matching.TestConfirmMatch" name="test_confirm_match_not_found" time="0.123" /><testcase classname="tests.test_transaction_matching.TestConfirmMatch" name="test_confirm_match_success" time="0.129"><skipped type="pytest.skip" message="No matches available to confirm">/app/backend/tests/test_transaction_matching.py:336: No matches available to confirm</skipped></testcase><testcase classname="tests.test_transaction_matching.TestConfirmMatch" name="test_reject_match_success" time="0.138"><skipped type="pytest.skip" message="No available matches to reject">/app/backend/tests/test_transaction_matching.py:366: No available matches to reject</skipped></testcase><testcase classname="tests.test_transaction_matching.TestAutoLinkWithRejected" name="test_auto_link_excludes_rejected_matches" time="0.174" /><testcase classname="tests.test_transaction_matching.TestAutoDraftSuppression" name="test_draft_suppressed_when_auto_link_available" time="0.165" /><testcase classname="tests.test_transaction_matching.TestActivityTimelineEvents" name="test_match_found_activity" time="0.000" /><testcase classname="tests.test_transaction_matching.TestActivityTimelineEvents" name="test_match_confirmed_activity" time="0.168" /><testcase classname="tests.test_transaction_matching.TestRegressionExistingEndpoints" name="test_process_endpoint_still_works" time="0.380" /><testcase classname="tests.test_transaction_matching.TestRegressionExistingEndpoints" name="test_review_queue_still_works" time="0.059" /><testcase classname="tests.test_transaction_matching.TestRegressionExistingEndpoints" name="test_auto_draft_still_works" time="0.118" /><testcase classname="tests.test_transaction_matching.TestRegressionExistingEndpoints" name="test_resolve_entities_still_works" time="0.158" /></testsuite></testsuites>