<?xml version="1.0" encoding="utf-8"?><testsuites name="pytest tests"><testsuite name="pytest" errors="0" failures="0" skipped="0" tests="13" time="0.717" timestamp="2026-04-01T18:10:51.140795+00:00" hostname="agent-env-b189b14f-1f88-4c2a-9422-38c074483ead"><testcase classname="tests.test_vendor_context_builder.TestVendorContextBuilder" name="test_build_extraction_context_returns_rich_context" time="0.110" /><testcase classname="tests.test_vendor_context_builder.TestVendorContextBuilder" name="test_build_classification_context_returns_entity_distribution" time="0.029" /><testcase classname="tests.test_vendor_context_builder.TestVendorContextBuilder" name="test_build_classification_context_resolves_vendor_name_to_vendor_no" time="0.029" /><testcase classname="tests.test_vendor_context_builder.TestVendorContextBuilder" name="test_build_extraction_context_with_vendor_name_only" time="0.030" /><testcase classname="tests.test_vendor_context_builder.TestVendorContextBuilder" name="test_build_extraction_context_returns_empty_for_unknown_vendor" time="0.006" /><testcase classname="tests.test_vendor_context_builder.TestAutoConfirmFeedback" name="test_record_success_feedback_creates_classification_correction" time="0.008" /><testcase classname="tests.test_vendor_context_builder.TestAutoConfirmFeedback" name="test_record_success_feedback_creates_vendor_alias_with_confirm_count" time="0.007" /><testcase classname="tests.test_vendor_context_builder.TestKnowledgeSeedEndpoints" name="test_knowledge_seed_status_endpoint" time="0.245" /><testcase classname="tests.test_vendor_context_builder.TestClassificationPipelineIntegration" name="test_classification_pipeline_imports_vendor_context_builder" time="0.000" /><testcase classname="tests.test_vendor_context_builder.TestClassificationPipelineIntegration" name="test_invoice_extractor_imports_vendor_context_builder" time="0.000" /><testcase classname="tests.test_vendor_context_builder.TestFeedbackLoopServiceIntegration" name="test_feedback_loop_uses_classification_corrections" time="0.006" /><testcase classname="tests.test_vendor_context_builder.TestFeedbackLoopServiceIntegration" name="test_feedback_loop_uses_vendor_profiles" time="0.005" /><testcase classname="tests.test_vendor_context_builder.TestHealthEndpoint" name="test_api_health" time="0.179" /></testsuite></testsuites>