<?xml version="1.0" encoding="utf-8"?><testsuites name="pytest tests"><testsuite name="pytest" errors="0" failures="0" skipped="0" tests="9" time="3.818" timestamp="2026-04-08T02:54:43.885131+00:00" hostname="agent-env-ef671cde-b353-40d1-9d22-e72b05c0d186"><testcase classname="backend.tests.test_vendor_bypass_batch_alias_iteration191.TestReadinessMetrics" name="test_get_readiness_metrics" time="2.255" /><testcase classname="backend.tests.test_vendor_bypass_batch_alias_iteration191.TestVendorIntelligenceBypass" name="test_get_bypassed_vendors_empty" time="0.178" /><testcase classname="backend.tests.test_vendor_bypass_batch_alias_iteration191.TestVendorIntelligenceBypass" name="test_patch_bypass_nonexistent_vendor" time="0.115" /><testcase classname="backend.tests.test_vendor_bypass_batch_alias_iteration191.TestVendorAliases" name="test_get_vendor_aliases" time="0.151" /><testcase classname="backend.tests.test_vendor_bypass_batch_alias_iteration191.TestVendorAliases" name="test_batch_resolve_empty_mappings" time="0.130" /><testcase classname="backend.tests.test_vendor_bypass_batch_alias_iteration191.TestVendorAliases" name="test_batch_resolve_creates_alias" time="0.225" /><testcase classname="backend.tests.test_vendor_bypass_batch_alias_iteration191.TestVendorAliases" name="test_batch_resolve_skips_invalid_mapping" time="0.101" /><testcase classname="backend.tests.test_vendor_bypass_batch_alias_iteration191.TestReadinessReevaluate" name="test_reevaluate_all_works" time="0.393" /><testcase classname="backend.tests.test_vendor_bypass_batch_alias_iteration191.TestCleanup" name="test_cleanup_test_alias" time="0.133" /></testsuite></testsuites>