<?xml version="1.0" encoding="utf-8"?><testsuites name="pytest tests"><testsuite name="pytest" errors="0" failures="0" skipped="0" tests="71" time="1.637" timestamp="2026-03-16T02:29:35.780325+00:00" hostname="agent-env-6ee5c9ad-67e1-4f3c-9bb0-9df7866496ab"><testcase classname="tests.test_vendor_resolution_observability.TestBuildResolutionObject" name="test_alias_match_resolved" time="0.001" /><testcase classname="tests.test_vendor_resolution_observability.TestBuildResolutionObject" name="test_bc_exact_match_resolved" time="0.000" /><testcase classname="tests.test_vendor_resolution_observability.TestBuildResolutionObject" name="test_high_fuzzy_resolved" time="0.000" /><testcase classname="tests.test_vendor_resolution_observability.TestBuildResolutionObject" name="test_low_fuzzy_needs_review" time="0.000" /><testcase classname="tests.test_vendor_resolution_observability.TestBuildResolutionObject" name="test_no_match_unresolved" time="0.000" /><testcase classname="tests.test_vendor_resolution_observability.TestBuildResolutionObject" name="test_empty_vendor_raw" time="0.000" /><testcase classname="tests.test_vendor_resolution_observability.TestBuildResolutionObject" name="test_explicit_status_override" time="0.000" /><testcase classname="tests.test_vendor_resolution_observability.TestCaptureRejection" name="test_new_rejection" time="0.004" /><testcase classname="tests.test_vendor_resolution_observability.TestCaptureRejection" name="test_reinforced_rejection" time="0.002" /><testcase classname="tests.test_vendor_resolution_observability.TestGuardrail" name="test_blocked_match" time="0.001" /><testcase classname="tests.test_vendor_resolution_observability.TestGuardrail" name="test_safe_match" time="0.001" /><testcase classname="tests.test_vendor_resolution_observability.TestGuardrail" name="test_empty_input" time="0.001" /><testcase classname="tests.test_vendor_resolution_observability.TestResolutionInMatchPipeline" name="test_guardrail_downgraded_creates_needs_review" time="0.000" /><testcase classname="tests.test_vendor_resolution_observability.TestResolutionInMatchPipeline" name="test_manual_match_override" time="0.000" /><testcase classname="tests.test_vendor_resolution_observability_api.TestVendorResolutionMetricsEndpoint" name="test_metrics_returns_200" time="0.142" /><testcase classname="tests.test_vendor_resolution_observability_api.TestVendorResolutionMetricsEndpoint" name="test_metrics_response_structure" time="0.137" /><testcase classname="tests.test_vendor_resolution_observability_api.TestVendorResolutionMetricsEndpoint" name="test_metrics_values_are_numeric" time="0.173" /><testcase classname="tests.test_vendor_resolution_observability_api.TestVendorResolutionRejectionsEndpoint" name="test_rejections_returns_200" time="0.117" /><testcase classname="tests.test_vendor_resolution_observability_api.TestVendorResolutionRejectionsEndpoint" name="test_rejections_response_structure" time="0.114" /><testcase classname="tests.test_vendor_resolution_observability_api.TestVendorResolutionRejectionsEndpoint" name="test_rejections_limit_parameter" time="0.125" /><testcase classname="tests.test_vendor_resolution_observability_api.TestVendorResolutionRejectionsEndpoint" name="test_rejections_skip_parameter" time="0.141" /><testcase classname="tests.test_vendor_resolution_observability_api.TestExistingEndpointsStillWork" name="test_dashboard_stats_still_works" time="0.108" /><testcase classname="tests.test_vendor_resolution_observability_api.TestExistingEndpointsStillWork" name="test_aliases_metrics_still_works" time="0.142" /><testcase classname="tests.test_vendor_resolution_observability_api.TestExistingEndpointsStillWork" name="test_health_endpoint_works" time="0.112" /><testcase classname="tests.test_vendor_resolution_observability_api.TestVendorResolutionStatusLogic" name="test_no_resolution_data_count" time="0.120" /><testcase classname="tests.test_vendor_resolution.TestNormalization" name="test_inc" time="0.000" /><testcase classname="tests.test_vendor_resolution.TestNormalization" name="test_llc" time="0.000" /><testcase classname="tests.test_vendor_resolution.TestNormalization" name="test_ltd" time="0.000" /><testcase classname="tests.test_vendor_resolution.TestNormalization" name="test_corp" time="0.000" /><testcase classname="tests.test_vendor_resolution.TestNormalization" name="test_corporation" time="0.000" /><testcase classname="tests.test_vendor_resolution.TestNormalization" name="test_company" time="0.000" /><testcase classname="tests.test_vendor_resolution.TestNormalization" name="test_co" time="0.000" /><testcase classname="tests.test_vendor_resolution.TestNormalization" name="test_plc" time="0.000" /><testcase classname="tests.test_vendor_resolution.TestNormalization" name="test_gmbh" time="0.000" /><testcase classname="tests.test_vendor_resolution.TestNormalization" name="test_ag" time="0.000" /><testcase classname="tests.test_vendor_resolution.TestNormalization" name="test_lowercase_and_strip" time="0.000" /><testcase classname="tests.test_vendor_resolution.TestNormalization" name="test_punctuation" time="0.000" /><testcase classname="tests.test_vendor_resolution.TestNormalization" name="test_empty" time="0.000" /><testcase classname="tests.test_vendor_resolution.TestNormalization" name="test_none" time="0.000" /><testcase classname="tests.test_vendor_resolution.TestRapidfuzzScoring" name="test_exact_match" time="0.000" /><testcase classname="tests.test_vendor_resolution.TestRapidfuzzScoring" name="test_high_similarity" time="0.000" /><testcase classname="tests.test_vendor_resolution.TestRapidfuzzScoring" name="test_moderate_similarity" time="0.000" /><testcase classname="tests.test_vendor_resolution.TestRapidfuzzScoring" name="test_no_similarity" time="0.000" /><testcase classname="tests.test_vendor_resolution.TestRapidfuzzScoring" name="test_empty_strings" time="0.000" /><testcase classname="tests.test_vendor_resolution.TestRapidfuzzScoring" name="test_bc_vendor_code_handling" time="0.000" /><testcase classname="tests.test_vendor_resolution.TestRapidfuzzScoring" name="test_suffix_stripped_match" time="0.000" /><testcase classname="tests.test_vendor_resolution.TestRapidfuzzScoring" name="test_reordered_tokens" time="0.000" /><testcase classname="tests.test_vendor_resolution.TestRapidfuzzScoring" name="test_threshold_90_auto_match" time="0.000" /><testcase classname="tests.test_vendor_resolution.TestRapidfuzzScoring" name="test_threshold_below_90" time="0.000" /><testcase classname="tests.test_vendor_resolution.TestMatchMethodStandardization" name="test_standard_methods_exist" time="0.000" /><testcase classname="tests.test_vendor_alias_learning.TestNormalizeVendorName" name="test_basic_lowercase" time="0.000" /><testcase classname="tests.test_vendor_alias_learning.TestNormalizeVendorName" name="test_remove_llc" time="0.000" /><testcase classname="tests.test_vendor_alias_learning.TestNormalizeVendorName" name="test_remove_inc" time="0.000" /><testcase classname="tests.test_vendor_alias_learning.TestNormalizeVendorName" name="test_remove_ltd" time="0.000" /><testcase classname="tests.test_vendor_alias_learning.TestNormalizeVendorName" name="test_remove_corporation" time="0.000" /><testcase classname="tests.test_vendor_alias_learning.TestNormalizeVendorName" name="test_remove_company" time="0.000" /><testcase classname="tests.test_vendor_alias_learning.TestNormalizeVendorName" name="test_remove_co" time="0.000" /><testcase classname="tests.test_vendor_alias_learning.TestNormalizeVendorName" name="test_strip_punctuation" time="0.000" /><testcase classname="tests.test_vendor_alias_learning.TestNormalizeVendorName" name="test_multiple_spaces" time="0.000" /><testcase classname="tests.test_vendor_alias_learning.TestNormalizeVendorName" name="test_empty" time="0.000" /><testcase classname="tests.test_vendor_alias_learning.TestNormalizeVendorName" name="test_none" time="0.000" /><testcase classname="tests.test_vendor_alias_learning.TestNormalizeVendorName" name="test_preserves_meaningful_words" time="0.000" /><testcase classname="tests.test_vendor_alias_learning.TestLearnAliasFromApproval" name="test_learns_new_alias" time="0.003" /><testcase classname="tests.test_vendor_alias_learning.TestLearnAliasFromApproval" name="test_skips_low_confidence" time="0.001" /><testcase classname="tests.test_vendor_alias_learning.TestLearnAliasFromApproval" name="test_skips_empty_vendor_raw" time="0.001" /><testcase classname="tests.test_vendor_alias_learning.TestLearnAliasFromApproval" name="test_skips_identical_normalized" time="0.001" /><testcase classname="tests.test_vendor_alias_learning.TestLearnAliasFromApproval" name="test_reinforces_existing_alias" time="0.002" /><testcase classname="tests.test_vendor_alias_learning.TestLearnAliasFromApproval" name="test_skips_conflicting_alias" time="0.001" /><testcase classname="tests.test_vendor_alias_learning.TestLookupAndTrackAlias" name="test_found_alias" time="0.002" /><testcase classname="tests.test_vendor_alias_learning.TestLookupAndTrackAlias" name="test_no_alias_found" time="0.001" /><testcase classname="tests.test_vendor_alias_learning.TestLookupAndTrackAlias" name="test_skips_short_input" time="0.001" /></testsuite></testsuites>