<?xml version="1.0" encoding="utf-8"?><testsuites name="pytest tests"><testsuite name="pytest" errors="0" failures="0" skipped="0" tests="25" time="3.519" timestamp="2026-03-15T19:24:22.043930+00:00" hostname="agent-env-74c71e5c-d074-441f-8b92-a2ac26008df9"><testcase classname="tests.test_workflow_handler_extraction.TestAPInvoiceRouteAvailability" name="test_set_vendor_accepts_post" time="0.127" /><testcase classname="tests.test_workflow_handler_extraction.TestAPInvoiceRouteAvailability" name="test_update_fields_accepts_post" time="0.133" /><testcase classname="tests.test_workflow_handler_extraction.TestAPInvoiceRouteAvailability" name="test_override_bc_validation_accepts_post" time="0.128" /><testcase classname="tests.test_workflow_handler_extraction.TestAPInvoiceRouteAvailability" name="test_start_approval_accepts_post" time="0.132" /><testcase classname="tests.test_workflow_handler_extraction.TestAPInvoiceRouteAvailability" name="test_approve_accepts_post" time="0.127" /><testcase classname="tests.test_workflow_handler_extraction.TestAPInvoiceRouteAvailability" name="test_reject_accepts_post" time="0.142" /><testcase classname="tests.test_workflow_handler_extraction.TestGenericWorkflowRouteAvailability" name="test_mark_ready_for_review_accepts_post" time="0.164" /><testcase classname="tests.test_workflow_handler_extraction.TestGenericWorkflowRouteAvailability" name="test_mark_reviewed_accepts_post" time="0.141" /><testcase classname="tests.test_workflow_handler_extraction.TestGenericWorkflowRouteAvailability" name="test_start_approval_generic_accepts_post" time="0.129" /><testcase classname="tests.test_workflow_handler_extraction.TestGenericWorkflowRouteAvailability" name="test_approve_generic_accepts_post" time="0.126" /><testcase classname="tests.test_workflow_handler_extraction.TestGenericWorkflowRouteAvailability" name="test_reject_generic_accepts_post" time="0.155" /><testcase classname="tests.test_workflow_handler_extraction.TestGenericWorkflowRouteAvailability" name="test_complete_triage_accepts_post" time="0.124" /><testcase classname="tests.test_workflow_handler_extraction.TestGenericWorkflowRouteAvailability" name="test_link_credit_to_invoice_accepts_post" time="0.178" /><testcase classname="tests.test_workflow_handler_extraction.TestGenericWorkflowRouteAvailability" name="test_tag_quality_accepts_post" time="0.125" /><testcase classname="tests.test_workflow_handler_extraction.TestGenericWorkflowRouteAvailability" name="test_export_accepts_post" time="0.122" /><testcase classname="tests.test_workflow_handler_extraction.TestExistingQueryRoutesStillWork" name="test_workflow_list" time="0.143" /><testcase classname="tests.test_workflow_handler_extraction.TestExistingQueryRoutesStillWork" name="test_ap_status_counts" time="0.148" /><testcase classname="tests.test_workflow_handler_extraction.TestExistingQueryRoutesStillWork" name="test_vendor_pending_queue" time="0.146" /><testcase classname="tests.test_workflow_handler_extraction.TestExistingQueryRoutesStillWork" name="test_ap_metrics" time="0.122" /><testcase classname="tests.test_workflow_handler_extraction.TestExistingQueryRoutesStillWork" name="test_generic_queue" time="0.138" /><testcase classname="tests.test_workflow_handler_extraction.TestExistingQueryRoutesStillWork" name="test_generic_status_counts_by_type" time="0.123" /><testcase classname="tests.test_workflow_handler_extraction.TestRouterDecoupling" name="test_workflow_handlers_module_exists" time="0.233" /><testcase classname="tests.test_workflow_handler_extraction.TestRouterDecoupling" name="test_pydantic_models_in_handlers" time="0.001" /><testcase classname="tests.test_workflow_handler_extraction.TestRouterDecoupling" name="test_router_no_longer_imports_server_for_handlers" time="0.008" /><testcase classname="tests.test_workflow_handler_extraction.TestRouteCountStable" name="test_count" time="0.340" /></testsuite></testsuites>